2023-05-07 15:22:40.339 -05:00 [INF] Entity Framework Core 6.0.14 initialized 'SecurityContext' using provider 'Microsoft.EntityFrameworkCore.SqlServer:6.0.10' with options: MigrationsHistoryTable=_MigrationHistory 
2023-05-07 15:23:05.981 -05:00 [INF] Executed DbCommand (497ms) [Parameters=[], CommandType='"Text"', CommandTimeout='30']
SELECT 1
2023-05-07 15:23:06.164 -05:00 [INF] Executed DbCommand (109ms) [Parameters=[], CommandType='"Text"', CommandTimeout='30']
SELECT OBJECT_ID(N'[_MigrationHistory]');
2023-05-07 15:23:06.376 -05:00 [INF] Executed DbCommand (13ms) [Parameters=[], CommandType='"Text"', CommandTimeout='30']
SELECT [MigrationId], [ProductVersion]
FROM [_MigrationHistory]
ORDER BY [MigrationId];
2023-05-07 15:23:06.760 -05:00 [INF] User profile is available. Using 'C:\Users\kevin\AppData\Local\ASP.NET\DataProtection-Keys' as key repository and Windows DPAPI to encrypt keys at rest.
2023-05-07 15:23:07.463 -05:00 [INF] Now listening on: https://localhost:7193
2023-05-07 15:23:07.473 -05:00 [INF] Now listening on: http://localhost:5276
2023-05-07 15:23:07.508 -05:00 [INF] Application started. Press Ctrl+C to shut down.
2023-05-07 15:23:07.515 -05:00 [INF] Hosting environment: Development
2023-05-07 15:23:07.524 -05:00 [INF] Content root path: E:\Development\GitHub\TicketsAPI\Security.Api\
2023-05-07 15:25:00.226 -05:00 [INF] Request starting HTTP/2 POST https://localhost:7193/api/v1/Auth/Authenticate application/json 48
2023-05-07 15:25:10.978 -05:00 [INF] Executed DbCommand (272ms) [Parameters=[@__userId_0='?' (DbType = Guid)], CommandType='"Text"', CommandTimeout='30']
SELECT [t].[Id], [t].[CreatedBy], [t].[CreatedOn], [t].[Email], [t].[LastModifiedBy], [t].[LastModifiedOn], [t].[Name], [t].[Password], [t].[Status], [t].[Username], [u0].[RoleId], [u0].[UserId], [u0].[CreatedBy], [u0].[CreatedOn], [u0].[Id], [u0].[LastModifiedBy], [u0].[LastModifiedOn], [u0].[Status]
FROM (
    SELECT TOP(1) [u].[Id], [u].[CreatedBy], [u].[CreatedOn], [u].[Email], [u].[LastModifiedBy], [u].[LastModifiedOn], [u].[Name], [u].[Password], [u].[Status], [u].[Username]
    FROM [User] AS [u]
    WHERE [u].[Id] = @__userId_0
) AS [t]
LEFT JOIN [UserRole] AS [u0] ON [t].[Id] = [u0].[UserId]
ORDER BY [t].[Id], [u0].[RoleId]
2023-05-07 15:25:11.516 -05:00 [INF] Executed DbCommand (7ms) [Parameters=[@__user_Id_0='?' (DbType = Guid)], CommandType='"Text"', CommandTimeout='30']
SELECT [r].[Id], [r].[CreatedBy], [r].[CreatedOn], [r].[LastModifiedBy], [r].[LastModifiedOn], [r].[RoleName], [r].[Status]
FROM [UserRole] AS [u]
INNER JOIN [Role] AS [r] ON [u].[RoleId] = [r].[Id]
WHERE [u].[UserId] = @__user_Id_0
2023-05-07 15:25:11.532 -05:00 [INF] CORS policy execution successful.
2023-05-07 15:25:11.618 -05:00 [INF] Request:
Protocol: HTTP/2
Method: POST
Scheme: https
PathBase: 
Path: /api/v1/Auth/Authenticate
Accept: text/plain
Host: localhost:7193
User-Agent: Mozilla/5.0 (Windows NT 10.0; Win64; x64) AppleWebKit/537.36 (KHTML, like Gecko) Chrome/112.0.0.0 Safari/537.36 Edg/112.0.1722.68
:method: [Redacted]
Accept-Encoding: gzip, deflate, br
Accept-Language: es,es-ES;q=0.9,en;q=0.8,en-GB;q=0.7,en-US;q=0.6
Authorization: [Redacted]
Content-Type: application/json
Cookie: [Redacted]
Origin: [Redacted]
Referer: [Redacted]
Content-Length: 48
sec-ch-ua: [Redacted]
sec-ch-ua-mobile: [Redacted]
sec-ch-ua-platform: [Redacted]
sec-fetch-site: [Redacted]
sec-fetch-mode: [Redacted]
sec-fetch-dest: [Redacted]
2023-05-07 15:25:11.628 -05:00 [INF] Executing endpoint 'Security.Api.Controllers.AuthController.Authenticate (Security.Api)'
2023-05-07 15:25:11.682 -05:00 [INF] Route matched with {action = "Authenticate", controller = "Auth"}. Executing controller action with signature System.Threading.Tasks.Task`1[Security.Application.Base.Response`1[Security.Application.Http.Dto.AuthenticateDto]] Authenticate(Security.Application.Http.Request.AuthenticateRequest) on controller Security.Api.Controllers.AuthController (Security.Api).
2023-05-07 15:25:11.854 -05:00 [INF] Executed DbCommand (5ms) [Parameters=[@__ToLower_0='?' (Size = 15), @__GetSha256_1='?' (Size = 4000)], CommandType='"Text"', CommandTimeout='30']
SELECT TOP(2) [u].[Id], [u].[CreatedBy], [u].[CreatedOn], [u].[Email], [u].[LastModifiedBy], [u].[LastModifiedOn], [u].[Name], [u].[Password], [u].[Status], [u].[Username]
FROM [User] AS [u]
WHERE (LOWER([u].[Username]) = @__ToLower_0) AND ([u].[Password] = @__GetSha256_1)
2023-05-07 15:25:12.046 -05:00 [WRN] Compiling a query which loads related collections for more than one collection navigation, either via 'Include' or through projection, but no 'QuerySplittingBehavior' has been configured. By default, Entity Framework will use 'QuerySplittingBehavior.SingleQuery', which can potentially result in slow query performance. See https://go.microsoft.com/fwlink/?linkid=2134277 for more information. To identify the query that's triggering this warning call 'ConfigureWarnings(w => w.Throw(RelationalEventId.MultipleCollectionIncludeWarning))'.
2023-05-07 15:25:12.107 -05:00 [INF] Executed DbCommand (45ms) [Parameters=[@__id_0='?' (DbType = Guid)], CommandType='"Text"', CommandTimeout='30']
SELECT [t].[Id], [t].[CreatedBy], [t].[CreatedOn], [t].[Email], [t].[LastModifiedBy], [t].[LastModifiedOn], [t].[Name], [t].[Password], [t].[Status], [t].[Username], [t0].[RoleId], [t0].[UserId], [t0].[CreatedBy], [t0].[CreatedOn], [t0].[Id], [t0].[LastModifiedBy], [t0].[LastModifiedOn], [t0].[Status], [t0].[Id0], [t0].[CreatedBy0], [t0].[CreatedOn0], [t0].[LastModifiedBy0], [t0].[LastModifiedOn0], [t0].[RoleName], [t0].[Status0], [t0].[RoleId0], [t0].[MenuItemId], [t0].[CreatedBy1], [t0].[CreatedOn1], [t0].[Id1], [t0].[LastModifiedBy1], [t0].[LastModifiedOn1], [t0].[Status1], [t0].[Id00], [t0].[CreatedBy00], [t0].[CreatedOn00], [t0].[Icon], [t0].[Label], [t0].[LastModifiedBy00], [t0].[LastModifiedOn00], [t0].[Order], [t0].[RouterLink], [t0].[Status00]
FROM (
    SELECT TOP(1) [u].[Id], [u].[CreatedBy], [u].[CreatedOn], [u].[Email], [u].[LastModifiedBy], [u].[LastModifiedOn], [u].[Name], [u].[Password], [u].[Status], [u].[Username]
    FROM [User] AS [u]
    WHERE [u].[Id] = @__id_0
) AS [t]
LEFT JOIN (
    SELECT [u0].[RoleId], [u0].[UserId], [u0].[CreatedBy], [u0].[CreatedOn], [u0].[Id], [u0].[LastModifiedBy], [u0].[LastModifiedOn], [u0].[Status], [r].[Id] AS [Id0], [r].[CreatedBy] AS [CreatedBy0], [r].[CreatedOn] AS [CreatedOn0], [r].[LastModifiedBy] AS [LastModifiedBy0], [r].[LastModifiedOn] AS [LastModifiedOn0], [r].[RoleName], [r].[Status] AS [Status0], [t1].[RoleId] AS [RoleId0], [t1].[MenuItemId], [t1].[CreatedBy] AS [CreatedBy1], [t1].[CreatedOn] AS [CreatedOn1], [t1].[Id] AS [Id1], [t1].[LastModifiedBy] AS [LastModifiedBy1], [t1].[LastModifiedOn] AS [LastModifiedOn1], [t1].[Status] AS [Status1], [t1].[Id0] AS [Id00], [t1].[CreatedBy0] AS [CreatedBy00], [t1].[CreatedOn0] AS [CreatedOn00], [t1].[Icon], [t1].[Label], [t1].[LastModifiedBy0] AS [LastModifiedBy00], [t1].[LastModifiedOn0] AS [LastModifiedOn00], [t1].[Order], [t1].[RouterLink], [t1].[Status0] AS [Status00]
    FROM [UserRole] AS [u0]
    INNER JOIN [Role] AS [r] ON [u0].[RoleId] = [r].[Id]
    LEFT JOIN (
        SELECT [m].[RoleId], [m].[MenuItemId], [m].[CreatedBy], [m].[CreatedOn], [m].[Id], [m].[LastModifiedBy], [m].[LastModifiedOn], [m].[Status], [m0].[Id] AS [Id0], [m0].[CreatedBy] AS [CreatedBy0], [m0].[CreatedOn] AS [CreatedOn0], [m0].[Icon], [m0].[Label], [m0].[LastModifiedBy] AS [LastModifiedBy0], [m0].[LastModifiedOn] AS [LastModifiedOn0], [m0].[Order], [m0].[RouterLink], [m0].[Status] AS [Status0]
        FROM [MenuItemRole] AS [m]
        INNER JOIN [MenuItem] AS [m0] ON [m].[MenuItemId] = [m0].[Id]
    ) AS [t1] ON [r].[Id] = [t1].[RoleId]
) AS [t0] ON [t].[Id] = [t0].[UserId]
ORDER BY [t].[Id], [t0].[RoleId], [t0].[UserId], [t0].[Id0], [t0].[RoleId0], [t0].[MenuItemId]
2023-05-07 15:25:12.260 -05:00 [INF] Executed DbCommand (7ms) [Parameters=[@__user_Id_0='?' (DbType = Guid)], CommandType='"Text"', CommandTimeout='30']
SELECT [u].[RoleId], [u].[UserId], [u].[CreatedBy], [u].[CreatedOn], [u].[Id], [u].[LastModifiedBy], [u].[LastModifiedOn], [u].[Status], [r].[Id], [r].[CreatedBy], [r].[CreatedOn], [r].[LastModifiedBy], [r].[LastModifiedOn], [r].[RoleName], [r].[Status]
FROM [UserRole] AS [u]
INNER JOIN [Role] AS [r] ON [u].[RoleId] = [r].[Id]
WHERE [u].[UserId] = @__user_Id_0
2023-05-07 15:25:12.330 -05:00 [INF] Executed DbCommand (7ms) [Parameters=[@__userDtoRole_Id_0='?' (DbType = Guid)], CommandType='"Text"', CommandTimeout='30']
SELECT [m].[RoleId], [m].[MenuItemId], [m].[CreatedBy], [m].[CreatedOn], [m].[Id], [m].[LastModifiedBy], [m].[LastModifiedOn], [m].[Status]
FROM [MenuItemRole] AS [m]
WHERE [m].[RoleId] = @__userDtoRole_Id_0
2023-05-07 15:25:12.380 -05:00 [INF] Executed DbCommand (4ms) [Parameters=[@__r_MenuItemId_0='?' (DbType = Guid)], CommandType='"Text"', CommandTimeout='30']
SELECT [m].[Id], [m].[CreatedBy], [m].[CreatedOn], [m].[Icon], [m].[Label], [m].[LastModifiedBy], [m].[LastModifiedOn], [m].[Order], [m].[RouterLink], [m].[Status]
FROM [MenuItem] AS [m]
WHERE [m].[Id] = @__r_MenuItemId_0
ORDER BY [m].[Order]
2023-05-07 15:25:12.402 -05:00 [INF] Executed DbCommand (1ms) [Parameters=[@__r_MenuItemId_0='?' (DbType = Guid)], CommandType='"Text"', CommandTimeout='30']
SELECT [m].[Id], [m].[CreatedBy], [m].[CreatedOn], [m].[Icon], [m].[Label], [m].[LastModifiedBy], [m].[LastModifiedOn], [m].[Order], [m].[RouterLink], [m].[Status]
FROM [MenuItem] AS [m]
WHERE [m].[Id] = @__r_MenuItemId_0
ORDER BY [m].[Order]
2023-05-07 15:25:12.709 -05:00 [INF] Executing ObjectResult, writing value of type 'Security.Application.Base.Response`1[[Security.Application.Http.Dto.AuthenticateDto, Security.Application, Version=1.0.0.0, Culture=neutral, PublicKeyToken=null]]'.
2023-05-07 15:25:12.805 -05:00 [INF] Executed action Security.Api.Controllers.AuthController.Authenticate (Security.Api) in 1105.7556ms
2023-05-07 15:25:12.811 -05:00 [INF] Executed endpoint 'Security.Api.Controllers.AuthController.Authenticate (Security.Api)'
2023-05-07 15:25:12.816 -05:00 [INF] Response:
StatusCode: 200
Content-Type: application/json; charset=utf-8
Date: Sun, 07 May 2023 20:25:11 GMT
Server: Kestrel
Access-Control-Allow-Origin: [Redacted]
2023-05-07 15:25:12.832 -05:00 [INF] Request finished HTTP/2 POST https://localhost:7193/api/v1/Auth/Authenticate application/json 48 - 200 - application/json;+charset=utf-8 12616.1412ms
2023-05-07 15:25:24.780 -05:00 [INF] Request starting HTTP/2 GET https://localhost:7193/api/v1/User/FindAll - -
2023-05-07 15:25:24.824 -05:00 [INF] Executed DbCommand (3ms) [Parameters=[@__userId_0='?' (DbType = Guid)], CommandType='"Text"', CommandTimeout='30']
SELECT [t].[Id], [t].[CreatedBy], [t].[CreatedOn], [t].[Email], [t].[LastModifiedBy], [t].[LastModifiedOn], [t].[Name], [t].[Password], [t].[Status], [t].[Username], [u0].[RoleId], [u0].[UserId], [u0].[CreatedBy], [u0].[CreatedOn], [u0].[Id], [u0].[LastModifiedBy], [u0].[LastModifiedOn], [u0].[Status]
FROM (
    SELECT TOP(1) [u].[Id], [u].[CreatedBy], [u].[CreatedOn], [u].[Email], [u].[LastModifiedBy], [u].[LastModifiedOn], [u].[Name], [u].[Password], [u].[Status], [u].[Username]
    FROM [User] AS [u]
    WHERE [u].[Id] = @__userId_0
) AS [t]
LEFT JOIN [UserRole] AS [u0] ON [t].[Id] = [u0].[UserId]
ORDER BY [t].[Id], [u0].[RoleId]
2023-05-07 15:25:24.857 -05:00 [INF] Executed DbCommand (2ms) [Parameters=[@__user_Id_0='?' (DbType = Guid)], CommandType='"Text"', CommandTimeout='30']
SELECT [r].[Id], [r].[CreatedBy], [r].[CreatedOn], [r].[LastModifiedBy], [r].[LastModifiedOn], [r].[RoleName], [r].[Status]
FROM [UserRole] AS [u]
INNER JOIN [Role] AS [r] ON [u].[RoleId] = [r].[Id]
WHERE [u].[UserId] = @__user_Id_0
2023-05-07 15:25:24.870 -05:00 [INF] Request:
Protocol: HTTP/2
Method: GET
Scheme: https
PathBase: 
Path: /api/v1/User/FindAll
Accept: text/plain
Host: localhost:7193
User-Agent: Mozilla/5.0 (Windows NT 10.0; Win64; x64) AppleWebKit/537.36 (KHTML, like Gecko) Chrome/112.0.0.0 Safari/537.36 Edg/112.0.1722.68
:method: [Redacted]
Accept-Encoding: gzip, deflate, br, zsdch
Accept-Language: es,es-ES;q=0.9,en;q=0.8,en-GB;q=0.7,en-US;q=0.6
Authorization: [Redacted]
Cookie: [Redacted]
Referer: [Redacted]
sec-ch-ua: [Redacted]
sec-ch-ua-mobile: [Redacted]
sec-ch-ua-platform: [Redacted]
sec-fetch-site: [Redacted]
sec-fetch-mode: [Redacted]
sec-fetch-dest: [Redacted]
2023-05-07 15:25:24.879 -05:00 [INF] Executing endpoint 'Security.Api.Controllers.UserController.GetAll (Security.Api)'
2023-05-07 15:25:24.892 -05:00 [INF] Route matched with {action = "GetAll", controller = "User"}. Executing controller action with signature System.Threading.Tasks.Task`1[Security.Application.Base.Response`1[System.Collections.Generic.IEnumerable`1[Security.Application.Http.Dto.UserDto]]] GetAll() on controller Security.Api.Controllers.UserController (Security.Api).
2023-05-07 15:25:24.996 -05:00 [INF] Executed DbCommand (19ms) [Parameters=[], CommandType='"Text"', CommandTimeout='30']
SELECT [u].[Id], [u].[CreatedBy], [u].[CreatedOn], [u].[Email], [u].[LastModifiedBy], [u].[LastModifiedOn], [u].[Name], [u].[Password], [u].[Status], [u].[Username], [t].[RoleId], [t].[UserId], [t].[CreatedBy], [t].[CreatedOn], [t].[Id], [t].[LastModifiedBy], [t].[LastModifiedOn], [t].[Status], [t].[Id0], [t].[CreatedBy0], [t].[CreatedOn0], [t].[LastModifiedBy0], [t].[LastModifiedOn0], [t].[RoleName], [t].[Status0]
FROM [User] AS [u]
LEFT JOIN (
    SELECT [u0].[RoleId], [u0].[UserId], [u0].[CreatedBy], [u0].[CreatedOn], [u0].[Id], [u0].[LastModifiedBy], [u0].[LastModifiedOn], [u0].[Status], [r].[Id] AS [Id0], [r].[CreatedBy] AS [CreatedBy0], [r].[CreatedOn] AS [CreatedOn0], [r].[LastModifiedBy] AS [LastModifiedBy0], [r].[LastModifiedOn] AS [LastModifiedOn0], [r].[RoleName], [r].[Status] AS [Status0]
    FROM [UserRole] AS [u0]
    INNER JOIN [Role] AS [r] ON [u0].[RoleId] = [r].[Id]
) AS [t] ON [u].[Id] = [t].[UserId]
ORDER BY [u].[Id], [t].[RoleId], [t].[UserId]
2023-05-07 15:25:25.012 -05:00 [INF] Executing ObjectResult, writing value of type 'Security.Application.Base.Response`1[[System.Collections.Generic.IEnumerable`1[[Security.Application.Http.Dto.UserDto, Security.Application, Version=1.0.0.0, Culture=neutral, PublicKeyToken=null]], System.Private.CoreLib, Version=6.0.0.0, Culture=neutral, PublicKeyToken=7cec85d7bea7798e]]'.
2023-05-07 15:25:25.023 -05:00 [INF] Executed action Security.Api.Controllers.UserController.GetAll (Security.Api) in 123.4721ms
2023-05-07 15:25:25.036 -05:00 [INF] Executed endpoint 'Security.Api.Controllers.UserController.GetAll (Security.Api)'
2023-05-07 15:25:25.039 -05:00 [INF] Response:
StatusCode: 200
Content-Type: application/json; charset=utf-8
Date: Sun, 07 May 2023 20:25:24 GMT
Server: Kestrel
2023-05-07 15:25:25.044 -05:00 [INF] Request finished HTTP/2 GET https://localhost:7193/api/v1/User/FindAll - - - 200 - application/json;+charset=utf-8 263.9390ms
2023-05-07 15:26:20.054 -05:00 [INF] Request starting HTTP/2 POST https://localhost:7193/api/v1/User/Create application/json 159
2023-05-07 15:26:20.120 -05:00 [INF] Executed DbCommand (18ms) [Parameters=[@__userId_0='?' (DbType = Guid)], CommandType='"Text"', CommandTimeout='30']
SELECT [t].[Id], [t].[CreatedBy], [t].[CreatedOn], [t].[Email], [t].[LastModifiedBy], [t].[LastModifiedOn], [t].[Name], [t].[Password], [t].[Status], [t].[Username], [u0].[RoleId], [u0].[UserId], [u0].[CreatedBy], [u0].[CreatedOn], [u0].[Id], [u0].[LastModifiedBy], [u0].[LastModifiedOn], [u0].[Status]
FROM (
    SELECT TOP(1) [u].[Id], [u].[CreatedBy], [u].[CreatedOn], [u].[Email], [u].[LastModifiedBy], [u].[LastModifiedOn], [u].[Name], [u].[Password], [u].[Status], [u].[Username]
    FROM [User] AS [u]
    WHERE [u].[Id] = @__userId_0
) AS [t]
LEFT JOIN [UserRole] AS [u0] ON [t].[Id] = [u0].[UserId]
ORDER BY [t].[Id], [u0].[RoleId]
2023-05-07 15:26:20.167 -05:00 [INF] Executed DbCommand (15ms) [Parameters=[@__user_Id_0='?' (DbType = Guid)], CommandType='"Text"', CommandTimeout='30']
SELECT [r].[Id], [r].[CreatedBy], [r].[CreatedOn], [r].[LastModifiedBy], [r].[LastModifiedOn], [r].[RoleName], [r].[Status]
FROM [UserRole] AS [u]
INNER JOIN [Role] AS [r] ON [u].[RoleId] = [r].[Id]
WHERE [u].[UserId] = @__user_Id_0
2023-05-07 15:26:20.176 -05:00 [INF] CORS policy execution successful.
2023-05-07 15:26:20.184 -05:00 [INF] Request:
Protocol: HTTP/2
Method: POST
Scheme: https
PathBase: 
Path: /api/v1/User/Create
Accept: text/plain
Host: localhost:7193
User-Agent: Mozilla/5.0 (Windows NT 10.0; Win64; x64) AppleWebKit/537.36 (KHTML, like Gecko) Chrome/112.0.0.0 Safari/537.36 Edg/112.0.1722.68
:method: [Redacted]
Accept-Encoding: gzip, deflate, br
Accept-Language: es,es-ES;q=0.9,en;q=0.8,en-GB;q=0.7,en-US;q=0.6
Authorization: [Redacted]
Content-Type: application/json
Cookie: [Redacted]
Origin: [Redacted]
Referer: [Redacted]
Content-Length: 159
sec-ch-ua: [Redacted]
sec-ch-ua-mobile: [Redacted]
sec-ch-ua-platform: [Redacted]
sec-fetch-site: [Redacted]
sec-fetch-mode: [Redacted]
sec-fetch-dest: [Redacted]
2023-05-07 15:26:20.188 -05:00 [INF] Executing endpoint 'Security.Api.Controllers.UserController.Save (Security.Api)'
2023-05-07 15:26:20.198 -05:00 [INF] Route matched with {action = "Save", controller = "User"}. Executing controller action with signature System.Threading.Tasks.Task`1[Security.Application.Base.Response`1[Security.Application.Http.Dto.UserDto]] Save(Security.Application.Http.Request.UserRequest) on controller Security.Api.Controllers.UserController (Security.Api).
2023-05-07 15:26:22.573 -05:00 [INF] Executed DbCommand (17ms) [Parameters=[@p0='?' (DbType = Guid), @p1='?' (Size = 4000), @p2='?' (DbType = DateTime2), @p3='?' (Size = 50), @p4='?' (Size = 4000), @p5='?' (Size = 30), @p6='?' (Size = 4000), @p7='?' (DbType = Boolean), @p8='?' (Size = 15)], CommandType='"Text"', CommandTimeout='30']
SET NOCOUNT ON;
INSERT INTO [User] ([Id], [CreatedBy], [CreatedOn], [Email], [LastModifiedBy], [Name], [Password], [Status], [Username])
VALUES (@p0, @p1, @p2, @p3, @p4, @p5, @p6, @p7, @p8);
SELECT [LastModifiedOn]
FROM [User]
WHERE @@ROWCOUNT = 1 AND [Id] = @p0;
2023-05-07 15:26:22.751 -05:00 [ERR] Failed executing DbCommand (35ms) [Parameters=[@p0='?' (DbType = Guid), @p1='?' (DbType = Guid), @p2='?' (Size = 4000), @p3='?' (DbType = Guid), @p4='?' (Size = 4000), @p5='?' (DbType = Boolean)], CommandType='"Text"', CommandTimeout='30']
SET NOCOUNT ON;
INSERT INTO [UserRole] ([RoleId], [UserId], [CreatedBy], [Id], [LastModifiedBy], [Status])
VALUES (@p0, @p1, @p2, @p3, @p4, @p5);
SELECT [CreatedOn], [LastModifiedOn]
FROM [UserRole]
WHERE @@ROWCOUNT = 1 AND [RoleId] = @p0 AND [UserId] = @p1;
2023-05-07 15:26:24.699 -05:00 [ERR] An exception occurred in the database while saving changes for context type 'Security.Infrastructure.Persistence.Context.SecurityContext'.
Microsoft.EntityFrameworkCore.DbUpdateException: An error occurred while saving the entity changes. See the inner exception for details.
 ---> Microsoft.Data.SqlClient.SqlException (0x80131904): No se puede insertar el valor NULL en la columna 'CreatedBy', tabla 'ticketDB.dbo.UserRole'. La columna no admite valores NULL. Error de INSERT.
Se terminó la instrucción.
   at Microsoft.Data.SqlClient.SqlCommand.<>c.<ExecuteDbDataReaderAsync>b__188_0(Task`1 result)
   at System.Threading.Tasks.ContinuationResultTaskFromResultTask`2.InnerInvoke()
   at System.Threading.Tasks.Task.<>c.<.cctor>b__272_0(Object obj)
   at System.Threading.ExecutionContext.RunInternal(ExecutionContext executionContext, ContextCallback callback, Object state)
--- End of stack trace from previous location ---
   at System.Threading.ExecutionContext.RunInternal(ExecutionContext executionContext, ContextCallback callback, Object state)
   at System.Threading.Tasks.Task.ExecuteWithThreadLocal(Task& currentTaskSlot, Thread threadPoolThread)
--- End of stack trace from previous location ---
   at Microsoft.EntityFrameworkCore.Storage.RelationalCommand.ExecuteReaderAsync(RelationalCommandParameterObject parameterObject, CancellationToken cancellationToken)
   at Microsoft.EntityFrameworkCore.Storage.RelationalCommand.ExecuteReaderAsync(RelationalCommandParameterObject parameterObject, CancellationToken cancellationToken)
   at Microsoft.EntityFrameworkCore.Update.ReaderModificationCommandBatch.ExecuteAsync(IRelationalConnection connection, CancellationToken cancellationToken)
ClientConnectionId:aee86b13-d703-4c51-9dcb-67b1c8060373
Error Number:515,State:2,Class:16
   --- End of inner exception stack trace ---
   at Microsoft.EntityFrameworkCore.Update.ReaderModificationCommandBatch.ExecuteAsync(IRelationalConnection connection, CancellationToken cancellationToken)
   at Microsoft.EntityFrameworkCore.Update.Internal.BatchExecutor.ExecuteAsync(IEnumerable`1 commandBatches, IRelationalConnection connection, CancellationToken cancellationToken)
   at Microsoft.EntityFrameworkCore.Update.Internal.BatchExecutor.ExecuteAsync(IEnumerable`1 commandBatches, IRelationalConnection connection, CancellationToken cancellationToken)
   at Microsoft.EntityFrameworkCore.Update.Internal.BatchExecutor.ExecuteAsync(IEnumerable`1 commandBatches, IRelationalConnection connection, CancellationToken cancellationToken)
   at Microsoft.EntityFrameworkCore.ChangeTracking.Internal.StateManager.SaveChangesAsync(IList`1 entriesToSave, CancellationToken cancellationToken)
   at Microsoft.EntityFrameworkCore.ChangeTracking.Internal.StateManager.SaveChangesAsync(StateManager stateManager, Boolean acceptAllChangesOnSuccess, CancellationToken cancellationToken)
   at Microsoft.EntityFrameworkCore.SqlServer.Storage.Internal.SqlServerExecutionStrategy.ExecuteAsync[TState,TResult](TState state, Func`4 operation, Func`4 verifySucceeded, CancellationToken cancellationToken)
   at Microsoft.EntityFrameworkCore.DbContext.SaveChangesAsync(Boolean acceptAllChangesOnSuccess, CancellationToken cancellationToken)
Microsoft.EntityFrameworkCore.DbUpdateException: An error occurred while saving the entity changes. See the inner exception for details.
 ---> Microsoft.Data.SqlClient.SqlException (0x80131904): No se puede insertar el valor NULL en la columna 'CreatedBy', tabla 'ticketDB.dbo.UserRole'. La columna no admite valores NULL. Error de INSERT.
Se terminó la instrucción.
   at Microsoft.Data.SqlClient.SqlCommand.<>c.<ExecuteDbDataReaderAsync>b__188_0(Task`1 result)
   at System.Threading.Tasks.ContinuationResultTaskFromResultTask`2.InnerInvoke()
   at System.Threading.Tasks.Task.<>c.<.cctor>b__272_0(Object obj)
   at System.Threading.ExecutionContext.RunInternal(ExecutionContext executionContext, ContextCallback callback, Object state)
--- End of stack trace from previous location ---
   at System.Threading.ExecutionContext.RunInternal(ExecutionContext executionContext, ContextCallback callback, Object state)
   at System.Threading.Tasks.Task.ExecuteWithThreadLocal(Task& currentTaskSlot, Thread threadPoolThread)
--- End of stack trace from previous location ---
   at Microsoft.EntityFrameworkCore.Storage.RelationalCommand.ExecuteReaderAsync(RelationalCommandParameterObject parameterObject, CancellationToken cancellationToken)
   at Microsoft.EntityFrameworkCore.Storage.RelationalCommand.ExecuteReaderAsync(RelationalCommandParameterObject parameterObject, CancellationToken cancellationToken)
   at Microsoft.EntityFrameworkCore.Update.ReaderModificationCommandBatch.ExecuteAsync(IRelationalConnection connection, CancellationToken cancellationToken)
ClientConnectionId:aee86b13-d703-4c51-9dcb-67b1c8060373
Error Number:515,State:2,Class:16
   --- End of inner exception stack trace ---
   at Microsoft.EntityFrameworkCore.Update.ReaderModificationCommandBatch.ExecuteAsync(IRelationalConnection connection, CancellationToken cancellationToken)
   at Microsoft.EntityFrameworkCore.Update.Internal.BatchExecutor.ExecuteAsync(IEnumerable`1 commandBatches, IRelationalConnection connection, CancellationToken cancellationToken)
   at Microsoft.EntityFrameworkCore.Update.Internal.BatchExecutor.ExecuteAsync(IEnumerable`1 commandBatches, IRelationalConnection connection, CancellationToken cancellationToken)
   at Microsoft.EntityFrameworkCore.Update.Internal.BatchExecutor.ExecuteAsync(IEnumerable`1 commandBatches, IRelationalConnection connection, CancellationToken cancellationToken)
   at Microsoft.EntityFrameworkCore.ChangeTracking.Internal.StateManager.SaveChangesAsync(IList`1 entriesToSave, CancellationToken cancellationToken)
   at Microsoft.EntityFrameworkCore.ChangeTracking.Internal.StateManager.SaveChangesAsync(StateManager stateManager, Boolean acceptAllChangesOnSuccess, CancellationToken cancellationToken)
   at Microsoft.EntityFrameworkCore.SqlServer.Storage.Internal.SqlServerExecutionStrategy.ExecuteAsync[TState,TResult](TState state, Func`4 operation, Func`4 verifySucceeded, CancellationToken cancellationToken)
   at Microsoft.EntityFrameworkCore.DbContext.SaveChangesAsync(Boolean acceptAllChangesOnSuccess, CancellationToken cancellationToken)
2023-05-07 15:26:25.439 -05:00 [INF] Executing ObjectResult, writing value of type 'Security.Application.Base.Response`1[[Security.Application.Http.Dto.UserDto, Security.Application, Version=1.0.0.0, Culture=neutral, PublicKeyToken=null]]'.
2023-05-07 15:26:25.444 -05:00 [INF] Executed action Security.Api.Controllers.UserController.Save (Security.Api) in 5239.7279ms
2023-05-07 15:26:25.449 -05:00 [INF] Executed endpoint 'Security.Api.Controllers.UserController.Save (Security.Api)'
2023-05-07 15:26:25.452 -05:00 [INF] Response:
StatusCode: 200
Content-Type: application/json; charset=utf-8
Date: Sun, 07 May 2023 20:26:25 GMT
Server: Kestrel
Access-Control-Allow-Origin: [Redacted]
2023-05-07 15:26:25.455 -05:00 [INF] Request finished HTTP/2 POST https://localhost:7193/api/v1/User/Create application/json 159 - 200 - application/json;+charset=utf-8 5400.5725ms
2023-05-07 15:27:03.147 -05:00 [INF] Request starting HTTP/2 POST https://localhost:7193/api/v1/User/Create application/json 159
2023-05-07 15:27:03.179 -05:00 [INF] Executed DbCommand (11ms) [Parameters=[@__userId_0='?' (DbType = Guid)], CommandType='"Text"', CommandTimeout='30']
SELECT [t].[Id], [t].[CreatedBy], [t].[CreatedOn], [t].[Email], [t].[LastModifiedBy], [t].[LastModifiedOn], [t].[Name], [t].[Password], [t].[Status], [t].[Username], [u0].[RoleId], [u0].[UserId], [u0].[CreatedBy], [u0].[CreatedOn], [u0].[Id], [u0].[LastModifiedBy], [u0].[LastModifiedOn], [u0].[Status]
FROM (
    SELECT TOP(1) [u].[Id], [u].[CreatedBy], [u].[CreatedOn], [u].[Email], [u].[LastModifiedBy], [u].[LastModifiedOn], [u].[Name], [u].[Password], [u].[Status], [u].[Username]
    FROM [User] AS [u]
    WHERE [u].[Id] = @__userId_0
) AS [t]
LEFT JOIN [UserRole] AS [u0] ON [t].[Id] = [u0].[UserId]
ORDER BY [t].[Id], [u0].[RoleId]
2023-05-07 15:27:03.207 -05:00 [INF] Executed DbCommand (10ms) [Parameters=[@__user_Id_0='?' (DbType = Guid)], CommandType='"Text"', CommandTimeout='30']
SELECT [r].[Id], [r].[CreatedBy], [r].[CreatedOn], [r].[LastModifiedBy], [r].[LastModifiedOn], [r].[RoleName], [r].[Status]
FROM [UserRole] AS [u]
INNER JOIN [Role] AS [r] ON [u].[RoleId] = [r].[Id]
WHERE [u].[UserId] = @__user_Id_0
2023-05-07 15:27:03.214 -05:00 [INF] CORS policy execution successful.
2023-05-07 15:27:03.218 -05:00 [INF] Request:
Protocol: HTTP/2
Method: POST
Scheme: https
PathBase: 
Path: /api/v1/User/Create
Accept: text/plain
Host: localhost:7193
User-Agent: Mozilla/5.0 (Windows NT 10.0; Win64; x64) AppleWebKit/537.36 (KHTML, like Gecko) Chrome/112.0.0.0 Safari/537.36 Edg/112.0.1722.68
:method: [Redacted]
Accept-Encoding: gzip, deflate, br
Accept-Language: es,es-ES;q=0.9,en;q=0.8,en-GB;q=0.7,en-US;q=0.6
Authorization: [Redacted]
Content-Type: application/json
Cookie: [Redacted]
Origin: [Redacted]
Referer: [Redacted]
Content-Length: 159
sec-ch-ua: [Redacted]
sec-ch-ua-mobile: [Redacted]
sec-ch-ua-platform: [Redacted]
sec-fetch-site: [Redacted]
sec-fetch-mode: [Redacted]
sec-fetch-dest: [Redacted]
2023-05-07 15:27:03.221 -05:00 [INF] Executing endpoint 'Security.Api.Controllers.UserController.Save (Security.Api)'
2023-05-07 15:27:03.225 -05:00 [INF] Route matched with {action = "Save", controller = "User"}. Executing controller action with signature System.Threading.Tasks.Task`1[Security.Application.Base.Response`1[Security.Application.Http.Dto.UserDto]] Save(Security.Application.Http.Request.UserRequest) on controller Security.Api.Controllers.UserController (Security.Api).
2023-05-07 15:29:13.495 -05:00 [INF] Executed DbCommand (369ms) [Parameters=[@p0='?' (DbType = Guid), @p1='?' (Size = 4000), @p2='?' (DbType = DateTime2), @p3='?' (Size = 50), @p4='?' (Size = 4000), @p5='?' (Size = 30), @p6='?' (Size = 4000), @p7='?' (DbType = Boolean), @p8='?' (Size = 15)], CommandType='"Text"', CommandTimeout='30']
SET NOCOUNT ON;
INSERT INTO [User] ([Id], [CreatedBy], [CreatedOn], [Email], [LastModifiedBy], [Name], [Password], [Status], [Username])
VALUES (@p0, @p1, @p2, @p3, @p4, @p5, @p6, @p7, @p8);
SELECT [LastModifiedOn]
FROM [User]
WHERE @@ROWCOUNT = 1 AND [Id] = @p0;
2023-05-07 15:29:13.712 -05:00 [ERR] Failed executing DbCommand (21ms) [Parameters=[@p0='?' (DbType = Guid), @p1='?' (DbType = Guid), @p2='?' (Size = 4000), @p3='?' (DbType = Guid), @p4='?' (Size = 4000), @p5='?' (DbType = Boolean)], CommandType='"Text"', CommandTimeout='30']
SET NOCOUNT ON;
INSERT INTO [UserRole] ([RoleId], [UserId], [CreatedBy], [Id], [LastModifiedBy], [Status])
VALUES (@p0, @p1, @p2, @p3, @p4, @p5);
SELECT [CreatedOn], [LastModifiedOn]
FROM [UserRole]
WHERE @@ROWCOUNT = 1 AND [RoleId] = @p0 AND [UserId] = @p1;
2023-05-07 15:29:13.771 -05:00 [ERR] An exception occurred in the database while saving changes for context type 'Security.Infrastructure.Persistence.Context.SecurityContext'.
Microsoft.EntityFrameworkCore.DbUpdateException: An error occurred while saving the entity changes. See the inner exception for details.
 ---> Microsoft.Data.SqlClient.SqlException (0x80131904): No se puede insertar el valor NULL en la columna 'CreatedBy', tabla 'ticketDB.dbo.UserRole'. La columna no admite valores NULL. Error de INSERT.
Se terminó la instrucción.
   at Microsoft.Data.SqlClient.SqlCommand.<>c.<ExecuteDbDataReaderAsync>b__188_0(Task`1 result)
   at System.Threading.Tasks.ContinuationResultTaskFromResultTask`2.InnerInvoke()
   at System.Threading.Tasks.Task.<>c.<.cctor>b__272_0(Object obj)
   at System.Threading.ExecutionContext.RunInternal(ExecutionContext executionContext, ContextCallback callback, Object state)
--- End of stack trace from previous location ---
   at System.Threading.ExecutionContext.RunInternal(ExecutionContext executionContext, ContextCallback callback, Object state)
   at System.Threading.Tasks.Task.ExecuteWithThreadLocal(Task& currentTaskSlot, Thread threadPoolThread)
--- End of stack trace from previous location ---
   at Microsoft.EntityFrameworkCore.Storage.RelationalCommand.ExecuteReaderAsync(RelationalCommandParameterObject parameterObject, CancellationToken cancellationToken)
   at Microsoft.EntityFrameworkCore.Storage.RelationalCommand.ExecuteReaderAsync(RelationalCommandParameterObject parameterObject, CancellationToken cancellationToken)
   at Microsoft.EntityFrameworkCore.Update.ReaderModificationCommandBatch.ExecuteAsync(IRelationalConnection connection, CancellationToken cancellationToken)
ClientConnectionId:aee86b13-d703-4c51-9dcb-67b1c8060373
Error Number:515,State:2,Class:16
   --- End of inner exception stack trace ---
   at Microsoft.EntityFrameworkCore.Update.ReaderModificationCommandBatch.ExecuteAsync(IRelationalConnection connection, CancellationToken cancellationToken)
   at Microsoft.EntityFrameworkCore.Update.Internal.BatchExecutor.ExecuteAsync(IEnumerable`1 commandBatches, IRelationalConnection connection, CancellationToken cancellationToken)
   at Microsoft.EntityFrameworkCore.Update.Internal.BatchExecutor.ExecuteAsync(IEnumerable`1 commandBatches, IRelationalConnection connection, CancellationToken cancellationToken)
   at Microsoft.EntityFrameworkCore.Update.Internal.BatchExecutor.ExecuteAsync(IEnumerable`1 commandBatches, IRelationalConnection connection, CancellationToken cancellationToken)
   at Microsoft.EntityFrameworkCore.ChangeTracking.Internal.StateManager.SaveChangesAsync(IList`1 entriesToSave, CancellationToken cancellationToken)
   at Microsoft.EntityFrameworkCore.ChangeTracking.Internal.StateManager.SaveChangesAsync(StateManager stateManager, Boolean acceptAllChangesOnSuccess, CancellationToken cancellationToken)
   at Microsoft.EntityFrameworkCore.SqlServer.Storage.Internal.SqlServerExecutionStrategy.ExecuteAsync[TState,TResult](TState state, Func`4 operation, Func`4 verifySucceeded, CancellationToken cancellationToken)
   at Microsoft.EntityFrameworkCore.DbContext.SaveChangesAsync(Boolean acceptAllChangesOnSuccess, CancellationToken cancellationToken)
Microsoft.EntityFrameworkCore.DbUpdateException: An error occurred while saving the entity changes. See the inner exception for details.
 ---> Microsoft.Data.SqlClient.SqlException (0x80131904): No se puede insertar el valor NULL en la columna 'CreatedBy', tabla 'ticketDB.dbo.UserRole'. La columna no admite valores NULL. Error de INSERT.
Se terminó la instrucción.
   at Microsoft.Data.SqlClient.SqlCommand.<>c.<ExecuteDbDataReaderAsync>b__188_0(Task`1 result)
   at System.Threading.Tasks.ContinuationResultTaskFromResultTask`2.InnerInvoke()
   at System.Threading.Tasks.Task.<>c.<.cctor>b__272_0(Object obj)
   at System.Threading.ExecutionContext.RunInternal(ExecutionContext executionContext, ContextCallback callback, Object state)
--- End of stack trace from previous location ---
   at System.Threading.ExecutionContext.RunInternal(ExecutionContext executionContext, ContextCallback callback, Object state)
   at System.Threading.Tasks.Task.ExecuteWithThreadLocal(Task& currentTaskSlot, Thread threadPoolThread)
--- End of stack trace from previous location ---
   at Microsoft.EntityFrameworkCore.Storage.RelationalCommand.ExecuteReaderAsync(RelationalCommandParameterObject parameterObject, CancellationToken cancellationToken)
   at Microsoft.EntityFrameworkCore.Storage.RelationalCommand.ExecuteReaderAsync(RelationalCommandParameterObject parameterObject, CancellationToken cancellationToken)
   at Microsoft.EntityFrameworkCore.Update.ReaderModificationCommandBatch.ExecuteAsync(IRelationalConnection connection, CancellationToken cancellationToken)
ClientConnectionId:aee86b13-d703-4c51-9dcb-67b1c8060373
Error Number:515,State:2,Class:16
   --- End of inner exception stack trace ---
   at Microsoft.EntityFrameworkCore.Update.ReaderModificationCommandBatch.ExecuteAsync(IRelationalConnection connection, CancellationToken cancellationToken)
   at Microsoft.EntityFrameworkCore.Update.Internal.BatchExecutor.ExecuteAsync(IEnumerable`1 commandBatches, IRelationalConnection connection, CancellationToken cancellationToken)
   at Microsoft.EntityFrameworkCore.Update.Internal.BatchExecutor.ExecuteAsync(IEnumerable`1 commandBatches, IRelationalConnection connection, CancellationToken cancellationToken)
   at Microsoft.EntityFrameworkCore.Update.Internal.BatchExecutor.ExecuteAsync(IEnumerable`1 commandBatches, IRelationalConnection connection, CancellationToken cancellationToken)
   at Microsoft.EntityFrameworkCore.ChangeTracking.Internal.StateManager.SaveChangesAsync(IList`1 entriesToSave, CancellationToken cancellationToken)
   at Microsoft.EntityFrameworkCore.ChangeTracking.Internal.StateManager.SaveChangesAsync(StateManager stateManager, Boolean acceptAllChangesOnSuccess, CancellationToken cancellationToken)
   at Microsoft.EntityFrameworkCore.SqlServer.Storage.Internal.SqlServerExecutionStrategy.ExecuteAsync[TState,TResult](TState state, Func`4 operation, Func`4 verifySucceeded, CancellationToken cancellationToken)
   at Microsoft.EntityFrameworkCore.DbContext.SaveChangesAsync(Boolean acceptAllChangesOnSuccess, CancellationToken cancellationToken)
2023-05-07 15:29:17.091 -05:00 [INF] Executing ObjectResult, writing value of type 'Security.Application.Base.Response`1[[Security.Application.Http.Dto.UserDto, Security.Application, Version=1.0.0.0, Culture=neutral, PublicKeyToken=null]]'.
2023-05-07 15:29:17.113 -05:00 [INF] Executed action Security.Api.Controllers.UserController.Save (Security.Api) in 133880.414ms
2023-05-07 15:29:17.121 -05:00 [INF] Executed endpoint 'Security.Api.Controllers.UserController.Save (Security.Api)'
2023-05-07 15:29:17.128 -05:00 [INF] Response:
StatusCode: 200
Content-Type: application/json; charset=utf-8
Date: Sun, 07 May 2023 20:29:16 GMT
Server: Kestrel
Access-Control-Allow-Origin: [Redacted]
2023-05-07 15:29:17.154 -05:00 [INF] Request finished HTTP/2 POST https://localhost:7193/api/v1/User/Create application/json 159 - 200 - application/json;+charset=utf-8 134006.6120ms
2023-05-07 15:29:40.321 -05:00 [INF] Request starting HTTP/2 POST https://localhost:7193/api/v1/User/Create application/json 159
2023-05-07 15:29:40.360 -05:00 [INF] Executed DbCommand (17ms) [Parameters=[@__userId_0='?' (DbType = Guid)], CommandType='"Text"', CommandTimeout='30']
SELECT [t].[Id], [t].[CreatedBy], [t].[CreatedOn], [t].[Email], [t].[LastModifiedBy], [t].[LastModifiedOn], [t].[Name], [t].[Password], [t].[Status], [t].[Username], [u0].[RoleId], [u0].[UserId], [u0].[CreatedBy], [u0].[CreatedOn], [u0].[Id], [u0].[LastModifiedBy], [u0].[LastModifiedOn], [u0].[Status]
FROM (
    SELECT TOP(1) [u].[Id], [u].[CreatedBy], [u].[CreatedOn], [u].[Email], [u].[LastModifiedBy], [u].[LastModifiedOn], [u].[Name], [u].[Password], [u].[Status], [u].[Username]
    FROM [User] AS [u]
    WHERE [u].[Id] = @__userId_0
) AS [t]
LEFT JOIN [UserRole] AS [u0] ON [t].[Id] = [u0].[UserId]
ORDER BY [t].[Id], [u0].[RoleId]
2023-05-07 15:29:40.386 -05:00 [INF] Executed DbCommand (10ms) [Parameters=[@__user_Id_0='?' (DbType = Guid)], CommandType='"Text"', CommandTimeout='30']
SELECT [r].[Id], [r].[CreatedBy], [r].[CreatedOn], [r].[LastModifiedBy], [r].[LastModifiedOn], [r].[RoleName], [r].[Status]
FROM [UserRole] AS [u]
INNER JOIN [Role] AS [r] ON [u].[RoleId] = [r].[Id]
WHERE [u].[UserId] = @__user_Id_0
2023-05-07 15:29:40.403 -05:00 [INF] CORS policy execution successful.
2023-05-07 15:29:40.415 -05:00 [INF] Request:
Protocol: HTTP/2
Method: POST
Scheme: https
PathBase: 
Path: /api/v1/User/Create
Accept: text/plain
Host: localhost:7193
User-Agent: Mozilla/5.0 (Windows NT 10.0; Win64; x64) AppleWebKit/537.36 (KHTML, like Gecko) Chrome/112.0.0.0 Safari/537.36 Edg/112.0.1722.68
:method: [Redacted]
Accept-Encoding: gzip, deflate, br
Accept-Language: es,es-ES;q=0.9,en;q=0.8,en-GB;q=0.7,en-US;q=0.6
Authorization: [Redacted]
Content-Type: application/json
Cookie: [Redacted]
Origin: [Redacted]
Referer: [Redacted]
Content-Length: 159
sec-ch-ua: [Redacted]
sec-ch-ua-mobile: [Redacted]
sec-ch-ua-platform: [Redacted]
sec-fetch-site: [Redacted]
sec-fetch-mode: [Redacted]
sec-fetch-dest: [Redacted]
2023-05-07 15:29:40.433 -05:00 [INF] Executing endpoint 'Security.Api.Controllers.UserController.Save (Security.Api)'
2023-05-07 15:29:40.449 -05:00 [INF] Route matched with {action = "Save", controller = "User"}. Executing controller action with signature System.Threading.Tasks.Task`1[Security.Application.Base.Response`1[Security.Application.Http.Dto.UserDto]] Save(Security.Application.Http.Request.UserRequest) on controller Security.Api.Controllers.UserController (Security.Api).
2023-05-07 15:29:43.819 -05:00 [INF] Executed DbCommand (11ms) [Parameters=[@p0='?' (DbType = Guid), @p1='?' (Size = 4000), @p2='?' (DbType = DateTime2), @p3='?' (Size = 50), @p4='?' (Size = 4000), @p5='?' (Size = 30), @p6='?' (Size = 4000), @p7='?' (DbType = Boolean), @p8='?' (Size = 15)], CommandType='"Text"', CommandTimeout='30']
SET NOCOUNT ON;
INSERT INTO [User] ([Id], [CreatedBy], [CreatedOn], [Email], [LastModifiedBy], [Name], [Password], [Status], [Username])
VALUES (@p0, @p1, @p2, @p3, @p4, @p5, @p6, @p7, @p8);
SELECT [LastModifiedOn]
FROM [User]
WHERE @@ROWCOUNT = 1 AND [Id] = @p0;
2023-05-07 15:29:43.841 -05:00 [INF] Executed DbCommand (3ms) [Parameters=[@p0='?' (DbType = Guid), @p1='?' (Size = 4000), @p2='?' (DbType = DateTime2), @p3='?' (Size = 50), @p4='?' (Size = 4000), @p5='?' (Size = 30), @p6='?' (Size = 4000), @p7='?' (DbType = Boolean), @p8='?' (Size = 15)], CommandType='"Text"', CommandTimeout='30']
SET NOCOUNT ON;
INSERT INTO [User] ([Id], [CreatedBy], [CreatedOn], [Email], [LastModifiedBy], [Name], [Password], [Status], [Username])
VALUES (@p0, @p1, @p2, @p3, @p4, @p5, @p6, @p7, @p8);
SELECT [LastModifiedOn]
FROM [User]
WHERE @@ROWCOUNT = 1 AND [Id] = @p0;
2023-05-07 15:29:43.875 -05:00 [ERR] Failed executing DbCommand (13ms) [Parameters=[@p0='?' (DbType = Guid), @p1='?' (DbType = Guid), @p2='?' (Size = 4000), @p3='?' (DbType = Guid), @p4='?' (Size = 4000), @p5='?' (DbType = Boolean)], CommandType='"Text"', CommandTimeout='30']
SET NOCOUNT ON;
INSERT INTO [UserRole] ([RoleId], [UserId], [CreatedBy], [Id], [LastModifiedBy], [Status])
VALUES (@p0, @p1, @p2, @p3, @p4, @p5);
SELECT [CreatedOn], [LastModifiedOn]
FROM [UserRole]
WHERE @@ROWCOUNT = 1 AND [RoleId] = @p0 AND [UserId] = @p1;
2023-05-07 15:29:43.932 -05:00 [ERR] An exception occurred in the database while saving changes for context type 'Security.Infrastructure.Persistence.Context.SecurityContext'.
Microsoft.EntityFrameworkCore.DbUpdateException: An error occurred while saving the entity changes. See the inner exception for details.
 ---> Microsoft.Data.SqlClient.SqlException (0x80131904): No se puede insertar el valor NULL en la columna 'CreatedBy', tabla 'ticketDB.dbo.UserRole'. La columna no admite valores NULL. Error de INSERT.
Se terminó la instrucción.
   at Microsoft.Data.SqlClient.SqlCommand.<>c.<ExecuteDbDataReaderAsync>b__188_0(Task`1 result)
   at System.Threading.Tasks.ContinuationResultTaskFromResultTask`2.InnerInvoke()
   at System.Threading.Tasks.Task.<>c.<.cctor>b__272_0(Object obj)
   at System.Threading.ExecutionContext.RunInternal(ExecutionContext executionContext, ContextCallback callback, Object state)
--- End of stack trace from previous location ---
   at System.Threading.ExecutionContext.RunInternal(ExecutionContext executionContext, ContextCallback callback, Object state)
   at System.Threading.Tasks.Task.ExecuteWithThreadLocal(Task& currentTaskSlot, Thread threadPoolThread)
--- End of stack trace from previous location ---
   at Microsoft.EntityFrameworkCore.Storage.RelationalCommand.ExecuteReaderAsync(RelationalCommandParameterObject parameterObject, CancellationToken cancellationToken)
   at Microsoft.EntityFrameworkCore.Storage.RelationalCommand.ExecuteReaderAsync(RelationalCommandParameterObject parameterObject, CancellationToken cancellationToken)
   at Microsoft.EntityFrameworkCore.Update.ReaderModificationCommandBatch.ExecuteAsync(IRelationalConnection connection, CancellationToken cancellationToken)
ClientConnectionId:aee86b13-d703-4c51-9dcb-67b1c8060373
Error Number:515,State:2,Class:16
   --- End of inner exception stack trace ---
   at Microsoft.EntityFrameworkCore.Update.ReaderModificationCommandBatch.ExecuteAsync(IRelationalConnection connection, CancellationToken cancellationToken)
   at Microsoft.EntityFrameworkCore.Update.Internal.BatchExecutor.ExecuteAsync(IEnumerable`1 commandBatches, IRelationalConnection connection, CancellationToken cancellationToken)
   at Microsoft.EntityFrameworkCore.Update.Internal.BatchExecutor.ExecuteAsync(IEnumerable`1 commandBatches, IRelationalConnection connection, CancellationToken cancellationToken)
   at Microsoft.EntityFrameworkCore.Update.Internal.BatchExecutor.ExecuteAsync(IEnumerable`1 commandBatches, IRelationalConnection connection, CancellationToken cancellationToken)
   at Microsoft.EntityFrameworkCore.ChangeTracking.Internal.StateManager.SaveChangesAsync(IList`1 entriesToSave, CancellationToken cancellationToken)
   at Microsoft.EntityFrameworkCore.ChangeTracking.Internal.StateManager.SaveChangesAsync(StateManager stateManager, Boolean acceptAllChangesOnSuccess, CancellationToken cancellationToken)
   at Microsoft.EntityFrameworkCore.SqlServer.Storage.Internal.SqlServerExecutionStrategy.ExecuteAsync[TState,TResult](TState state, Func`4 operation, Func`4 verifySucceeded, CancellationToken cancellationToken)
   at Microsoft.EntityFrameworkCore.DbContext.SaveChangesAsync(Boolean acceptAllChangesOnSuccess, CancellationToken cancellationToken)
Microsoft.EntityFrameworkCore.DbUpdateException: An error occurred while saving the entity changes. See the inner exception for details.
 ---> Microsoft.Data.SqlClient.SqlException (0x80131904): No se puede insertar el valor NULL en la columna 'CreatedBy', tabla 'ticketDB.dbo.UserRole'. La columna no admite valores NULL. Error de INSERT.
Se terminó la instrucción.
   at Microsoft.Data.SqlClient.SqlCommand.<>c.<ExecuteDbDataReaderAsync>b__188_0(Task`1 result)
   at System.Threading.Tasks.ContinuationResultTaskFromResultTask`2.InnerInvoke()
   at System.Threading.Tasks.Task.<>c.<.cctor>b__272_0(Object obj)
   at System.Threading.ExecutionContext.RunInternal(ExecutionContext executionContext, ContextCallback callback, Object state)
--- End of stack trace from previous location ---
   at System.Threading.ExecutionContext.RunInternal(ExecutionContext executionContext, ContextCallback callback, Object state)
   at System.Threading.Tasks.Task.ExecuteWithThreadLocal(Task& currentTaskSlot, Thread threadPoolThread)
--- End of stack trace from previous location ---
   at Microsoft.EntityFrameworkCore.Storage.RelationalCommand.ExecuteReaderAsync(RelationalCommandParameterObject parameterObject, CancellationToken cancellationToken)
   at Microsoft.EntityFrameworkCore.Storage.RelationalCommand.ExecuteReaderAsync(RelationalCommandParameterObject parameterObject, CancellationToken cancellationToken)
   at Microsoft.EntityFrameworkCore.Update.ReaderModificationCommandBatch.ExecuteAsync(IRelationalConnection connection, CancellationToken cancellationToken)
ClientConnectionId:aee86b13-d703-4c51-9dcb-67b1c8060373
Error Number:515,State:2,Class:16
   --- End of inner exception stack trace ---
   at Microsoft.EntityFrameworkCore.Update.ReaderModificationCommandBatch.ExecuteAsync(IRelationalConnection connection, CancellationToken cancellationToken)
   at Microsoft.EntityFrameworkCore.Update.Internal.BatchExecutor.ExecuteAsync(IEnumerable`1 commandBatches, IRelationalConnection connection, CancellationToken cancellationToken)
   at Microsoft.EntityFrameworkCore.Update.Internal.BatchExecutor.ExecuteAsync(IEnumerable`1 commandBatches, IRelationalConnection connection, CancellationToken cancellationToken)
   at Microsoft.EntityFrameworkCore.Update.Internal.BatchExecutor.ExecuteAsync(IEnumerable`1 commandBatches, IRelationalConnection connection, CancellationToken cancellationToken)
   at Microsoft.EntityFrameworkCore.ChangeTracking.Internal.StateManager.SaveChangesAsync(IList`1 entriesToSave, CancellationToken cancellationToken)
   at Microsoft.EntityFrameworkCore.ChangeTracking.Internal.StateManager.SaveChangesAsync(StateManager stateManager, Boolean acceptAllChangesOnSuccess, CancellationToken cancellationToken)
   at Microsoft.EntityFrameworkCore.SqlServer.Storage.Internal.SqlServerExecutionStrategy.ExecuteAsync[TState,TResult](TState state, Func`4 operation, Func`4 verifySucceeded, CancellationToken cancellationToken)
   at Microsoft.EntityFrameworkCore.DbContext.SaveChangesAsync(Boolean acceptAllChangesOnSuccess, CancellationToken cancellationToken)
2023-05-07 15:29:44.310 -05:00 [INF] Executing ObjectResult, writing value of type 'Security.Application.Base.Response`1[[Security.Application.Http.Dto.UserDto, Security.Application, Version=1.0.0.0, Culture=neutral, PublicKeyToken=null]]'.
2023-05-07 15:29:44.313 -05:00 [INF] Executed action Security.Api.Controllers.UserController.Save (Security.Api) in 3839.0163ms
2023-05-07 15:29:44.317 -05:00 [INF] Executed endpoint 'Security.Api.Controllers.UserController.Save (Security.Api)'
2023-05-07 15:29:44.325 -05:00 [INF] Response:
StatusCode: 200
Content-Type: application/json; charset=utf-8
Date: Sun, 07 May 2023 20:29:43 GMT
Server: Kestrel
Access-Control-Allow-Origin: [Redacted]
2023-05-07 15:29:44.328 -05:00 [INF] Request finished HTTP/2 POST https://localhost:7193/api/v1/User/Create application/json 159 - 200 - application/json;+charset=utf-8 4007.6885ms
2023-05-07 15:29:55.414 -05:00 [INF] Request starting HTTP/2 POST https://localhost:7193/api/v1/User/Create application/json 159
2023-05-07 15:29:55.533 -05:00 [INF] Executed DbCommand (9ms) [Parameters=[@__userId_0='?' (DbType = Guid)], CommandType='"Text"', CommandTimeout='30']
SELECT [t].[Id], [t].[CreatedBy], [t].[CreatedOn], [t].[Email], [t].[LastModifiedBy], [t].[LastModifiedOn], [t].[Name], [t].[Password], [t].[Status], [t].[Username], [u0].[RoleId], [u0].[UserId], [u0].[CreatedBy], [u0].[CreatedOn], [u0].[Id], [u0].[LastModifiedBy], [u0].[LastModifiedOn], [u0].[Status]
FROM (
    SELECT TOP(1) [u].[Id], [u].[CreatedBy], [u].[CreatedOn], [u].[Email], [u].[LastModifiedBy], [u].[LastModifiedOn], [u].[Name], [u].[Password], [u].[Status], [u].[Username]
    FROM [User] AS [u]
    WHERE [u].[Id] = @__userId_0
) AS [t]
LEFT JOIN [UserRole] AS [u0] ON [t].[Id] = [u0].[UserId]
ORDER BY [t].[Id], [u0].[RoleId]
2023-05-07 15:29:55.759 -05:00 [INF] Executed DbCommand (2ms) [Parameters=[@__user_Id_0='?' (DbType = Guid)], CommandType='"Text"', CommandTimeout='30']
SELECT [r].[Id], [r].[CreatedBy], [r].[CreatedOn], [r].[LastModifiedBy], [r].[LastModifiedOn], [r].[RoleName], [r].[Status]
FROM [UserRole] AS [u]
INNER JOIN [Role] AS [r] ON [u].[RoleId] = [r].[Id]
WHERE [u].[UserId] = @__user_Id_0
2023-05-07 15:29:55.768 -05:00 [INF] CORS policy execution successful.
2023-05-07 15:29:55.774 -05:00 [INF] Request:
Protocol: HTTP/2
Method: POST
Scheme: https
PathBase: 
Path: /api/v1/User/Create
Accept: text/plain
Host: localhost:7193
User-Agent: Mozilla/5.0 (Windows NT 10.0; Win64; x64) AppleWebKit/537.36 (KHTML, like Gecko) Chrome/112.0.0.0 Safari/537.36 Edg/112.0.1722.68
:method: [Redacted]
Accept-Encoding: gzip, deflate, br
Accept-Language: es,es-ES;q=0.9,en;q=0.8,en-GB;q=0.7,en-US;q=0.6
Authorization: [Redacted]
Content-Type: application/json
Cookie: [Redacted]
Origin: [Redacted]
Referer: [Redacted]
Content-Length: 159
sec-ch-ua: [Redacted]
sec-ch-ua-mobile: [Redacted]
sec-ch-ua-platform: [Redacted]
sec-fetch-site: [Redacted]
sec-fetch-mode: [Redacted]
sec-fetch-dest: [Redacted]
2023-05-07 15:29:55.793 -05:00 [INF] Executing endpoint 'Security.Api.Controllers.UserController.Save (Security.Api)'
2023-05-07 15:29:55.802 -05:00 [INF] Route matched with {action = "Save", controller = "User"}. Executing controller action with signature System.Threading.Tasks.Task`1[Security.Application.Base.Response`1[Security.Application.Http.Dto.UserDto]] Save(Security.Application.Http.Request.UserRequest) on controller Security.Api.Controllers.UserController (Security.Api).
2023-05-07 15:30:07.535 -05:00 [INF] Executed DbCommand (236ms) [Parameters=[@p0='?' (DbType = Guid), @p1='?' (Size = 4000), @p2='?' (DbType = DateTime2), @p3='?' (Size = 50), @p4='?' (Size = 4000), @p5='?' (Size = 30), @p6='?' (Size = 4000), @p7='?' (DbType = Boolean), @p8='?' (Size = 15), @p9='?' (DbType = Guid), @p10='?' (Size = 4000), @p11='?' (DbType = DateTime2), @p12='?' (Size = 50), @p13='?' (Size = 4000), @p14='?' (Size = 30), @p15='?' (Size = 4000), @p16='?' (DbType = Boolean), @p17='?' (Size = 15), @p18='?' (DbType = Guid), @p19='?' (Size = 4000), @p20='?' (DbType = DateTime2), @p21='?' (Size = 50), @p22='?' (Size = 4000), @p23='?' (Size = 30), @p24='?' (Size = 4000), @p25='?' (DbType = Boolean), @p26='?' (Size = 15), @p27='?' (DbType = Guid), @p28='?' (DbType = Guid), @p29='?' (Size = 4000), @p30='?' (DbType = Guid), @p31='?' (Size = 4000), @p32='?' (DbType = Boolean)], CommandType='"Text"', CommandTimeout='30']
SET NOCOUNT ON;
DECLARE @inserted0 TABLE ([Id] uniqueidentifier, [_Position] [int]);
MERGE [User] USING (
VALUES (@p0, @p1, @p2, @p3, @p4, @p5, @p6, @p7, @p8, 0),
(@p9, @p10, @p11, @p12, @p13, @p14, @p15, @p16, @p17, 1),
(@p18, @p19, @p20, @p21, @p22, @p23, @p24, @p25, @p26, 2)) AS i ([Id], [CreatedBy], [CreatedOn], [Email], [LastModifiedBy], [Name], [Password], [Status], [Username], _Position) ON 1=0
WHEN NOT MATCHED THEN
INSERT ([Id], [CreatedBy], [CreatedOn], [Email], [LastModifiedBy], [Name], [Password], [Status], [Username])
VALUES (i.[Id], i.[CreatedBy], i.[CreatedOn], i.[Email], i.[LastModifiedBy], i.[Name], i.[Password], i.[Status], i.[Username])
OUTPUT INSERTED.[Id], i._Position
INTO @inserted0;

SELECT [t].[LastModifiedOn] FROM [User] t
INNER JOIN @inserted0 i ON ([t].[Id] = [i].[Id])
ORDER BY [i].[_Position];

INSERT INTO [UserRole] ([RoleId], [UserId], [CreatedBy], [Id], [LastModifiedBy], [Status])
VALUES (@p27, @p28, @p29, @p30, @p31, @p32);
SELECT [CreatedOn], [LastModifiedOn]
FROM [UserRole]
WHERE @@ROWCOUNT = 1 AND [RoleId] = @p27 AND [UserId] = @p28;
2023-05-07 15:30:07.667 -05:00 [ERR] An exception occurred in the database while saving changes for context type 'Security.Infrastructure.Persistence.Context.SecurityContext'.
Microsoft.EntityFrameworkCore.DbUpdateException: An error occurred while saving the entity changes. See the inner exception for details.
 ---> Microsoft.Data.SqlClient.SqlException (0x80131904): No se puede insertar el valor NULL en la columna 'CreatedBy', tabla 'ticketDB.dbo.UserRole'. La columna no admite valores NULL. Error de INSERT.
   at Microsoft.Data.SqlClient.SqlConnection.OnError(SqlException exception, Boolean breakConnection, Action`1 wrapCloseInAction)
   at Microsoft.Data.SqlClient.SqlInternalConnection.OnError(SqlException exception, Boolean breakConnection, Action`1 wrapCloseInAction)
   at Microsoft.Data.SqlClient.TdsParser.ThrowExceptionAndWarning(TdsParserStateObject stateObj, Boolean callerHasConnectionLock, Boolean asyncClose)
   at Microsoft.Data.SqlClient.TdsParser.TryRun(RunBehavior runBehavior, SqlCommand cmdHandler, SqlDataReader dataStream, BulkCopySimpleResultSet bulkCopyHandler, TdsParserStateObject stateObj, Boolean& dataReady)
   at Microsoft.Data.SqlClient.SqlDataReader.TryHasMoreRows(Boolean& moreRows)
   at Microsoft.Data.SqlClient.SqlDataReader.TryHasMoreResults(Boolean& moreResults)
   at Microsoft.Data.SqlClient.SqlDataReader.TryNextResult(Boolean& more)
   at Microsoft.Data.SqlClient.SqlDataReader.NextResultAsyncExecute(Task task, Object state)
   at Microsoft.Data.SqlClient.SqlDataReader.InvokeAsyncCall[T](AAsyncCallContext`1 context)
--- End of stack trace from previous location ---
   at Microsoft.EntityFrameworkCore.Update.AffectedCountModificationCommandBatch.ConsumeAsync(RelationalDataReader reader, CancellationToken cancellationToken)
ClientConnectionId:aee86b13-d703-4c51-9dcb-67b1c8060373
Error Number:515,State:2,Class:16
   --- End of inner exception stack trace ---
   at Microsoft.EntityFrameworkCore.Update.AffectedCountModificationCommandBatch.ConsumeAsync(RelationalDataReader reader, CancellationToken cancellationToken)
   at Microsoft.EntityFrameworkCore.Update.ReaderModificationCommandBatch.ExecuteAsync(IRelationalConnection connection, CancellationToken cancellationToken)
   at Microsoft.EntityFrameworkCore.Update.ReaderModificationCommandBatch.ExecuteAsync(IRelationalConnection connection, CancellationToken cancellationToken)
   at Microsoft.EntityFrameworkCore.Update.Internal.BatchExecutor.ExecuteAsync(IEnumerable`1 commandBatches, IRelationalConnection connection, CancellationToken cancellationToken)
   at Microsoft.EntityFrameworkCore.Update.Internal.BatchExecutor.ExecuteAsync(IEnumerable`1 commandBatches, IRelationalConnection connection, CancellationToken cancellationToken)
   at Microsoft.EntityFrameworkCore.Update.Internal.BatchExecutor.ExecuteAsync(IEnumerable`1 commandBatches, IRelationalConnection connection, CancellationToken cancellationToken)
   at Microsoft.EntityFrameworkCore.ChangeTracking.Internal.StateManager.SaveChangesAsync(IList`1 entriesToSave, CancellationToken cancellationToken)
   at Microsoft.EntityFrameworkCore.ChangeTracking.Internal.StateManager.SaveChangesAsync(StateManager stateManager, Boolean acceptAllChangesOnSuccess, CancellationToken cancellationToken)
   at Microsoft.EntityFrameworkCore.SqlServer.Storage.Internal.SqlServerExecutionStrategy.ExecuteAsync[TState,TResult](TState state, Func`4 operation, Func`4 verifySucceeded, CancellationToken cancellationToken)
   at Microsoft.EntityFrameworkCore.DbContext.SaveChangesAsync(Boolean acceptAllChangesOnSuccess, CancellationToken cancellationToken)
Microsoft.EntityFrameworkCore.DbUpdateException: An error occurred while saving the entity changes. See the inner exception for details.
 ---> Microsoft.Data.SqlClient.SqlException (0x80131904): No se puede insertar el valor NULL en la columna 'CreatedBy', tabla 'ticketDB.dbo.UserRole'. La columna no admite valores NULL. Error de INSERT.
   at Microsoft.Data.SqlClient.SqlConnection.OnError(SqlException exception, Boolean breakConnection, Action`1 wrapCloseInAction)
   at Microsoft.Data.SqlClient.SqlInternalConnection.OnError(SqlException exception, Boolean breakConnection, Action`1 wrapCloseInAction)
   at Microsoft.Data.SqlClient.TdsParser.ThrowExceptionAndWarning(TdsParserStateObject stateObj, Boolean callerHasConnectionLock, Boolean asyncClose)
   at Microsoft.Data.SqlClient.TdsParser.TryRun(RunBehavior runBehavior, SqlCommand cmdHandler, SqlDataReader dataStream, BulkCopySimpleResultSet bulkCopyHandler, TdsParserStateObject stateObj, Boolean& dataReady)
   at Microsoft.Data.SqlClient.SqlDataReader.TryHasMoreRows(Boolean& moreRows)
   at Microsoft.Data.SqlClient.SqlDataReader.TryHasMoreResults(Boolean& moreResults)
   at Microsoft.Data.SqlClient.SqlDataReader.TryNextResult(Boolean& more)
   at Microsoft.Data.SqlClient.SqlDataReader.NextResultAsyncExecute(Task task, Object state)
   at Microsoft.Data.SqlClient.SqlDataReader.InvokeAsyncCall[T](AAsyncCallContext`1 context)
--- End of stack trace from previous location ---
   at Microsoft.EntityFrameworkCore.Update.AffectedCountModificationCommandBatch.ConsumeAsync(RelationalDataReader reader, CancellationToken cancellationToken)
ClientConnectionId:aee86b13-d703-4c51-9dcb-67b1c8060373
Error Number:515,State:2,Class:16
   --- End of inner exception stack trace ---
   at Microsoft.EntityFrameworkCore.Update.AffectedCountModificationCommandBatch.ConsumeAsync(RelationalDataReader reader, CancellationToken cancellationToken)
   at Microsoft.EntityFrameworkCore.Update.ReaderModificationCommandBatch.ExecuteAsync(IRelationalConnection connection, CancellationToken cancellationToken)
   at Microsoft.EntityFrameworkCore.Update.ReaderModificationCommandBatch.ExecuteAsync(IRelationalConnection connection, CancellationToken cancellationToken)
   at Microsoft.EntityFrameworkCore.Update.Internal.BatchExecutor.ExecuteAsync(IEnumerable`1 commandBatches, IRelationalConnection connection, CancellationToken cancellationToken)
   at Microsoft.EntityFrameworkCore.Update.Internal.BatchExecutor.ExecuteAsync(IEnumerable`1 commandBatches, IRelationalConnection connection, CancellationToken cancellationToken)
   at Microsoft.EntityFrameworkCore.Update.Internal.BatchExecutor.ExecuteAsync(IEnumerable`1 commandBatches, IRelationalConnection connection, CancellationToken cancellationToken)
   at Microsoft.EntityFrameworkCore.ChangeTracking.Internal.StateManager.SaveChangesAsync(IList`1 entriesToSave, CancellationToken cancellationToken)
   at Microsoft.EntityFrameworkCore.ChangeTracking.Internal.StateManager.SaveChangesAsync(StateManager stateManager, Boolean acceptAllChangesOnSuccess, CancellationToken cancellationToken)
   at Microsoft.EntityFrameworkCore.SqlServer.Storage.Internal.SqlServerExecutionStrategy.ExecuteAsync[TState,TResult](TState state, Func`4 operation, Func`4 verifySucceeded, CancellationToken cancellationToken)
   at Microsoft.EntityFrameworkCore.DbContext.SaveChangesAsync(Boolean acceptAllChangesOnSuccess, CancellationToken cancellationToken)
2023-05-07 15:30:09.291 -05:00 [INF] Executing ObjectResult, writing value of type 'Security.Application.Base.Response`1[[Security.Application.Http.Dto.UserDto, Security.Application, Version=1.0.0.0, Culture=neutral, PublicKeyToken=null]]'.
2023-05-07 15:30:09.295 -05:00 [INF] Executed action Security.Api.Controllers.UserController.Save (Security.Api) in 13453.797ms
2023-05-07 15:30:09.299 -05:00 [INF] Executed endpoint 'Security.Api.Controllers.UserController.Save (Security.Api)'
2023-05-07 15:30:09.315 -05:00 [INF] Response:
StatusCode: 200
Content-Type: application/json; charset=utf-8
Date: Sun, 07 May 2023 20:30:09 GMT
Server: Kestrel
Access-Control-Allow-Origin: [Redacted]
2023-05-07 15:30:09.317 -05:00 [INF] Request finished HTTP/2 POST https://localhost:7193/api/v1/User/Create application/json 159 - 200 - application/json;+charset=utf-8 13904.0534ms
