2023-07-20 17:14:24.030 -05:00 [INF] Entity Framework Core 6.0.14 initialized 'SecurityContext' using provider 'Microsoft.EntityFrameworkCore.SqlServer:6.0.9' with options: MigrationsHistoryTable=_MigrationHistory 
2023-07-20 17:14:24.412 -05:00 [INF] Executed DbCommand (18ms) [Parameters=[], CommandType='"Text"', CommandTimeout='30']
SELECT 1
2023-07-20 17:14:24.439 -05:00 [INF] Executed DbCommand (10ms) [Parameters=[], CommandType='"Text"', CommandTimeout='30']
SELECT OBJECT_ID(N'[_MigrationHistory]');
2023-07-20 17:14:24.461 -05:00 [INF] Executed DbCommand (6ms) [Parameters=[], CommandType='"Text"', CommandTimeout='30']
SELECT [MigrationId], [ProductVersion]
FROM [_MigrationHistory]
ORDER BY [MigrationId];
2023-07-20 17:14:24.535 -05:00 [INF] User profile is available. Using 'C:\Users\AuxiliarN-PC\AppData\Local\ASP.NET\DataProtection-Keys' as key repository and Windows DPAPI to encrypt keys at rest.
2023-07-20 17:14:24.655 -05:00 [INF] Now listening on: https://localhost:7193
2023-07-20 17:14:24.657 -05:00 [INF] Now listening on: http://localhost:5276
2023-07-20 17:14:24.662 -05:00 [INF] Application started. Press Ctrl+C to shut down.
2023-07-20 17:14:24.667 -05:00 [INF] Hosting environment: Development
2023-07-20 17:14:24.669 -05:00 [INF] Content root path: C:\Users\AuxiliarN-PC\RiderProjects\TicketsAPI\Security.Api\
2023-07-20 17:14:24.869 -05:00 [INF] Request starting HTTP/2 GET https://localhost:7193/swagger - -
2023-07-20 17:14:24.897 -05:00 [INF] Request finished HTTP/2 GET https://localhost:7193/swagger - - - 301 0 - 28.8783ms
2023-07-20 17:14:24.905 -05:00 [INF] Request starting HTTP/2 GET https://localhost:7193/swagger/index.html - -
2023-07-20 17:14:24.946 -05:00 [INF] Request finished HTTP/2 GET https://localhost:7193/swagger/index.html - - - 200 - text/html;charset=utf-8 40.6300ms
2023-07-20 17:14:24.974 -05:00 [INF] Request starting HTTP/2 GET https://localhost:7193/swagger/swagger-ui.css - -
2023-07-20 17:14:24.983 -05:00 [INF] Request starting HTTP/2 GET https://localhost:7193/swagger/swagger-ui-bundle.js - -
2023-07-20 17:14:24.983 -05:00 [INF] Request starting HTTP/2 GET https://localhost:7193/swagger/swagger-ui-standalone-preset.js - -
2023-07-20 17:14:24.989 -05:00 [INF] Sending file. Request path: '/swagger-ui.css'. Physical path: 'N/A'
2023-07-20 17:14:24.994 -05:00 [INF] Request finished HTTP/2 GET https://localhost:7193/swagger/swagger-ui.css - - - 200 143632 text/css 19.6286ms
2023-07-20 17:14:25.016 -05:00 [INF] Sending file. Request path: '/swagger-ui-standalone-preset.js'. Physical path: 'N/A'
2023-07-20 17:14:25.020 -05:00 [INF] Request finished HTTP/2 GET https://localhost:7193/swagger/swagger-ui-standalone-preset.js - - - 200 337162 application/javascript 36.0915ms
2023-07-20 17:14:25.023 -05:00 [INF] Sending file. Request path: '/swagger-ui-bundle.js'. Physical path: 'N/A'
2023-07-20 17:14:25.024 -05:00 [INF] Request finished HTTP/2 GET https://localhost:7193/swagger/swagger-ui-bundle.js - - - 200 1092889 application/javascript 40.6041ms
2023-07-20 17:14:25.164 -05:00 [INF] Request starting HTTP/2 GET https://localhost:7193/swagger/v1/swagger.json - -
2023-07-20 17:14:25.177 -05:00 [INF] Request starting HTTP/2 GET https://localhost:7193/swagger/favicon-32x32.png - -
2023-07-20 17:14:25.178 -05:00 [INF] Sending file. Request path: '/favicon-32x32.png'. Physical path: 'N/A'
2023-07-20 17:14:25.181 -05:00 [INF] Request finished HTTP/2 GET https://localhost:7193/swagger/favicon-32x32.png - - - 200 628 image/png 3.5498ms
2023-07-20 17:14:25.252 -05:00 [INF] Request finished HTTP/2 GET https://localhost:7193/swagger/v1/swagger.json - - - 200 - application/json;charset=utf-8 88.0060ms
2023-07-20 17:14:46.394 -05:00 [INF] Request starting HTTP/1.1 POST https://localhost:7193/api/v1/Auth/Authenticate application/json;+charset=utf-8 39
2023-07-20 17:14:46.415 -05:00 [INF] Request:
Protocol: HTTP/1.1
Method: POST
Scheme: https
PathBase: 
Path: /api/v1/Auth/Authenticate
Host: localhost:7193
Content-Type: application/json; charset=utf-8
traceparent: [Redacted]
Content-Length: 39
2023-07-20 17:14:46.418 -05:00 [INF] Executing endpoint 'Security.Api.Controllers.AuthController.Authenticate (Security.Api)'
2023-07-20 17:14:46.433 -05:00 [INF] Route matched with {action = "Authenticate", controller = "Auth"}. Executing controller action with signature System.Threading.Tasks.Task`1[Security.Application.Base.Response`1[Security.Application.Http.Dto.AuthenticateDto]] Authenticate(Security.Application.Http.Request.AuthenticateRequest) on controller Security.Api.Controllers.AuthController (Security.Api).
2023-07-20 17:14:46.709 -05:00 [INF] Executed DbCommand (19ms) [Parameters=[@__ToLower_0='?' (Size = 15), @__GetSha256_1='?' (Size = 4000)], CommandType='"Text"', CommandTimeout='30']
SELECT TOP(2) [u].[Id], [u].[CreatedBy], [u].[CreatedOn], [u].[Email], [u].[LastModifiedBy], [u].[LastModifiedOn], [u].[Name], [u].[Password], [u].[Status], [u].[Username]
FROM [User] AS [u]
WHERE (LOWER([u].[Username]) = @__ToLower_0) AND ([u].[Password] = @__GetSha256_1)
2023-07-20 17:14:46.803 -05:00 [WRN] Compiling a query which loads related collections for more than one collection navigation, either via 'Include' or through projection, but no 'QuerySplittingBehavior' has been configured. By default, Entity Framework will use 'QuerySplittingBehavior.SingleQuery', which can potentially result in slow query performance. See https://go.microsoft.com/fwlink/?linkid=2134277 for more information. To identify the query that's triggering this warning call 'ConfigureWarnings(w => w.Throw(RelationalEventId.MultipleCollectionIncludeWarning))'.
2023-07-20 17:14:46.854 -05:00 [INF] Executed DbCommand (33ms) [Parameters=[@__id_0='?' (DbType = Guid)], CommandType='"Text"', CommandTimeout='30']
SELECT [t].[Id], [t].[CreatedBy], [t].[CreatedOn], [t].[Email], [t].[LastModifiedBy], [t].[LastModifiedOn], [t].[Name], [t].[Password], [t].[Status], [t].[Username], [t0].[RoleId], [t0].[UserId], [t0].[CreatedBy], [t0].[CreatedOn], [t0].[Id], [t0].[LastModifiedBy], [t0].[LastModifiedOn], [t0].[Status], [t0].[Id0], [t0].[CreatedBy0], [t0].[CreatedOn0], [t0].[LastModifiedBy0], [t0].[LastModifiedOn0], [t0].[RoleName], [t0].[Status0], [t0].[RoleId0], [t0].[MenuItemId], [t0].[CreatedBy1], [t0].[CreatedOn1], [t0].[Id1], [t0].[LastModifiedBy1], [t0].[LastModifiedOn1], [t0].[Status1], [t0].[Id00], [t0].[CreatedBy00], [t0].[CreatedOn00], [t0].[Icon], [t0].[Label], [t0].[LastModifiedBy00], [t0].[LastModifiedOn00], [t0].[Order], [t0].[RouterLink], [t0].[Status00]
FROM (
    SELECT TOP(1) [u].[Id], [u].[CreatedBy], [u].[CreatedOn], [u].[Email], [u].[LastModifiedBy], [u].[LastModifiedOn], [u].[Name], [u].[Password], [u].[Status], [u].[Username]
    FROM [User] AS [u]
    WHERE [u].[Id] = @__id_0
) AS [t]
LEFT JOIN (
    SELECT [u0].[RoleId], [u0].[UserId], [u0].[CreatedBy], [u0].[CreatedOn], [u0].[Id], [u0].[LastModifiedBy], [u0].[LastModifiedOn], [u0].[Status], [r].[Id] AS [Id0], [r].[CreatedBy] AS [CreatedBy0], [r].[CreatedOn] AS [CreatedOn0], [r].[LastModifiedBy] AS [LastModifiedBy0], [r].[LastModifiedOn] AS [LastModifiedOn0], [r].[RoleName], [r].[Status] AS [Status0], [t1].[RoleId] AS [RoleId0], [t1].[MenuItemId], [t1].[CreatedBy] AS [CreatedBy1], [t1].[CreatedOn] AS [CreatedOn1], [t1].[Id] AS [Id1], [t1].[LastModifiedBy] AS [LastModifiedBy1], [t1].[LastModifiedOn] AS [LastModifiedOn1], [t1].[Status] AS [Status1], [t1].[Id0] AS [Id00], [t1].[CreatedBy0] AS [CreatedBy00], [t1].[CreatedOn0] AS [CreatedOn00], [t1].[Icon], [t1].[Label], [t1].[LastModifiedBy0] AS [LastModifiedBy00], [t1].[LastModifiedOn0] AS [LastModifiedOn00], [t1].[Order], [t1].[RouterLink], [t1].[Status0] AS [Status00]
    FROM [UserRole] AS [u0]
    INNER JOIN [Role] AS [r] ON [u0].[RoleId] = [r].[Id]
    LEFT JOIN (
        SELECT [m].[RoleId], [m].[MenuItemId], [m].[CreatedBy], [m].[CreatedOn], [m].[Id], [m].[LastModifiedBy], [m].[LastModifiedOn], [m].[Status], [m0].[Id] AS [Id0], [m0].[CreatedBy] AS [CreatedBy0], [m0].[CreatedOn] AS [CreatedOn0], [m0].[Icon], [m0].[Label], [m0].[LastModifiedBy] AS [LastModifiedBy0], [m0].[LastModifiedOn] AS [LastModifiedOn0], [m0].[Order], [m0].[RouterLink], [m0].[Status] AS [Status0]
        FROM [MenuItemRole] AS [m]
        INNER JOIN [MenuItem] AS [m0] ON [m].[MenuItemId] = [m0].[Id]
    ) AS [t1] ON [r].[Id] = [t1].[RoleId]
) AS [t0] ON [t].[Id] = [t0].[UserId]
ORDER BY [t].[Id], [t0].[RoleId], [t0].[UserId], [t0].[Id0], [t0].[RoleId0], [t0].[MenuItemId]
2023-07-20 17:14:46.970 -05:00 [INF] Executed DbCommand (3ms) [Parameters=[@__user_Id_0='?' (DbType = Guid)], CommandType='"Text"', CommandTimeout='30']
SELECT [u].[RoleId], [u].[UserId], [u].[CreatedBy], [u].[CreatedOn], [u].[Id], [u].[LastModifiedBy], [u].[LastModifiedOn], [u].[Status], [r].[Id], [r].[CreatedBy], [r].[CreatedOn], [r].[LastModifiedBy], [r].[LastModifiedOn], [r].[RoleName], [r].[Status]
FROM [UserRole] AS [u]
INNER JOIN [Role] AS [r] ON [u].[RoleId] = [r].[Id]
WHERE [u].[UserId] = @__user_Id_0
2023-07-20 17:14:46.990 -05:00 [INF] Executed DbCommand (2ms) [Parameters=[@__userDtoRole_Id_0='?' (DbType = Guid)], CommandType='"Text"', CommandTimeout='30']
SELECT [m].[RoleId], [m].[MenuItemId], [m].[CreatedBy], [m].[CreatedOn], [m].[Id], [m].[LastModifiedBy], [m].[LastModifiedOn], [m].[Status]
FROM [MenuItemRole] AS [m]
WHERE [m].[RoleId] = @__userDtoRole_Id_0
2023-07-20 17:14:47.000 -05:00 [INF] Executed DbCommand (2ms) [Parameters=[@__r_MenuItemId_0='?' (DbType = Guid)], CommandType='"Text"', CommandTimeout='30']
SELECT [m].[Id], [m].[CreatedBy], [m].[CreatedOn], [m].[Icon], [m].[Label], [m].[LastModifiedBy], [m].[LastModifiedOn], [m].[Order], [m].[RouterLink], [m].[Status]
FROM [MenuItem] AS [m]
WHERE [m].[Id] = @__r_MenuItemId_0
ORDER BY [m].[Order]
2023-07-20 17:14:47.006 -05:00 [INF] Executed DbCommand (0ms) [Parameters=[@__r_MenuItemId_0='?' (DbType = Guid)], CommandType='"Text"', CommandTimeout='30']
SELECT [m].[Id], [m].[CreatedBy], [m].[CreatedOn], [m].[Icon], [m].[Label], [m].[LastModifiedBy], [m].[LastModifiedOn], [m].[Order], [m].[RouterLink], [m].[Status]
FROM [MenuItem] AS [m]
WHERE [m].[Id] = @__r_MenuItemId_0
ORDER BY [m].[Order]
2023-07-20 17:14:47.136 -05:00 [INF] Executing ObjectResult, writing value of type 'Security.Application.Base.Response`1[[Security.Application.Http.Dto.AuthenticateDto, Security.Application, Version=1.0.0.0, Culture=neutral, PublicKeyToken=null]]'.
2023-07-20 17:14:47.150 -05:00 [INF] Executed action Security.Api.Controllers.AuthController.Authenticate (Security.Api) in 711.6667ms
2023-07-20 17:14:47.152 -05:00 [INF] Executed endpoint 'Security.Api.Controllers.AuthController.Authenticate (Security.Api)'
2023-07-20 17:14:47.154 -05:00 [INF] Response:
StatusCode: 200
Content-Type: application/json; charset=utf-8
Date: Thu, 20 Jul 2023 22:14:46 GMT
Server: Kestrel
Transfer-Encoding: chunked
2023-07-20 17:14:47.155 -05:00 [INF] Request finished HTTP/1.1 POST https://localhost:7193/api/v1/Auth/Authenticate application/json;+charset=utf-8 39 - 200 - application/json;+charset=utf-8 760.2299ms
2023-07-20 17:15:15.996 -05:00 [INF] Request starting HTTP/2 GET https://localhost:7193/api/v1/User/FindAll - -
2023-07-20 17:15:15.999 -05:00 [INF] Request:
Protocol: HTTP/2
Method: GET
Scheme: https
PathBase: 
Path: /api/v1/User/FindAll
Accept: text/plain
Host: localhost:7193
User-Agent: Mozilla/5.0 (Windows NT 10.0; Win64; x64) AppleWebKit/537.36 (KHTML, like Gecko) Chrome/114.0.0.0 Safari/537.36 Edg/114.0.1823.82
:method: [Redacted]
Accept-Encoding: gzip, deflate, br, zsdch
Accept-Language: es,es-ES;q=0.9,en;q=0.8,en-GB;q=0.7,en-US;q=0.6
Referer: [Redacted]
sec-ch-ua: [Redacted]
sec-ch-ua-mobile: [Redacted]
sec-ch-ua-platform: [Redacted]
sec-fetch-site: [Redacted]
sec-fetch-mode: [Redacted]
sec-fetch-dest: [Redacted]
2023-07-20 17:15:16.000 -05:00 [INF] Executing endpoint 'Security.Api.Controllers.UserController.GetAll (Security.Api)'
2023-07-20 17:15:16.004 -05:00 [INF] Route matched with {action = "GetAll", controller = "User"}. Executing controller action with signature System.Threading.Tasks.Task`1[Security.Application.Base.Response`1[System.Collections.Generic.IEnumerable`1[Security.Application.Http.Dto.UserDto]]] GetAll() on controller Security.Api.Controllers.UserController (Security.Api).
2023-07-20 17:15:16.007 -05:00 [INF] Authorization failed for the request at filter 'Security.Application.AuthorizeAttribute'.
2023-07-20 17:15:16.009 -05:00 [INF] Executing ObjectResult, writing value of type 'Microsoft.AspNetCore.Mvc.ProblemDetails'.
2023-07-20 17:15:16.011 -05:00 [INF] Executed action Security.Api.Controllers.UserController.GetAll (Security.Api) in 5.4424ms
2023-07-20 17:15:16.012 -05:00 [INF] Executed endpoint 'Security.Api.Controllers.UserController.GetAll (Security.Api)'
2023-07-20 17:15:16.012 -05:00 [INF] Response:
StatusCode: 401
Content-Type: application/problem+json; charset=utf-8
Date: Thu, 20 Jul 2023 22:15:15 GMT
Server: Kestrel
2023-07-20 17:15:16.015 -05:00 [INF] Request finished HTTP/2 GET https://localhost:7193/api/v1/User/FindAll - - - 401 - application/problem+json;+charset=utf-8 18.7172ms
2023-07-20 17:15:21.759 -05:00 [INF] Request starting HTTP/2 GET https://localhost:7193/api/v1/User/FindAll - -
2023-07-20 17:15:21.809 -05:00 [INF] Executed DbCommand (3ms) [Parameters=[@__userId_0='?' (DbType = Guid)], CommandType='"Text"', CommandTimeout='30']
SELECT [t].[Id], [t].[CreatedBy], [t].[CreatedOn], [t].[Email], [t].[LastModifiedBy], [t].[LastModifiedOn], [t].[Name], [t].[Password], [t].[Status], [t].[Username], [u0].[RoleId], [u0].[UserId], [u0].[CreatedBy], [u0].[CreatedOn], [u0].[Id], [u0].[LastModifiedBy], [u0].[LastModifiedOn], [u0].[Status]
FROM (
    SELECT TOP(1) [u].[Id], [u].[CreatedBy], [u].[CreatedOn], [u].[Email], [u].[LastModifiedBy], [u].[LastModifiedOn], [u].[Name], [u].[Password], [u].[Status], [u].[Username]
    FROM [User] AS [u]
    WHERE [u].[Id] = @__userId_0
) AS [t]
LEFT JOIN [UserRole] AS [u0] ON [t].[Id] = [u0].[UserId]
ORDER BY [t].[Id], [u0].[RoleId]
2023-07-20 17:15:21.822 -05:00 [INF] Executed DbCommand (3ms) [Parameters=[@__user_Id_0='?' (DbType = Guid)], CommandType='"Text"', CommandTimeout='30']
SELECT [r].[Id], [r].[CreatedBy], [r].[CreatedOn], [r].[LastModifiedBy], [r].[LastModifiedOn], [r].[RoleName], [r].[Status]
FROM [UserRole] AS [u]
INNER JOIN [Role] AS [r] ON [u].[RoleId] = [r].[Id]
WHERE [u].[UserId] = @__user_Id_0
2023-07-20 17:15:21.824 -05:00 [INF] Request:
Protocol: HTTP/2
Method: GET
Scheme: https
PathBase: 
Path: /api/v1/User/FindAll
Accept: text/plain
Host: localhost:7193
User-Agent: Mozilla/5.0 (Windows NT 10.0; Win64; x64) AppleWebKit/537.36 (KHTML, like Gecko) Chrome/114.0.0.0 Safari/537.36 Edg/114.0.1823.82
:method: [Redacted]
Accept-Encoding: gzip, deflate, br, zsdch
Accept-Language: es,es-ES;q=0.9,en;q=0.8,en-GB;q=0.7,en-US;q=0.6
Authorization: [Redacted]
Referer: [Redacted]
sec-ch-ua: [Redacted]
sec-ch-ua-mobile: [Redacted]
sec-ch-ua-platform: [Redacted]
sec-fetch-site: [Redacted]
sec-fetch-mode: [Redacted]
sec-fetch-dest: [Redacted]
2023-07-20 17:15:21.826 -05:00 [INF] Executing endpoint 'Security.Api.Controllers.UserController.GetAll (Security.Api)'
2023-07-20 17:15:21.827 -05:00 [INF] Route matched with {action = "GetAll", controller = "User"}. Executing controller action with signature System.Threading.Tasks.Task`1[Security.Application.Base.Response`1[System.Collections.Generic.IEnumerable`1[Security.Application.Http.Dto.UserDto]]] GetAll() on controller Security.Api.Controllers.UserController (Security.Api).
2023-07-20 17:15:21.844 -05:00 [INF] Executed DbCommand (4ms) [Parameters=[], CommandType='"Text"', CommandTimeout='30']
SELECT [u].[Id], [u].[CreatedBy], [u].[CreatedOn], [u].[Email], [u].[LastModifiedBy], [u].[LastModifiedOn], [u].[Name], [u].[Password], [u].[Status], [u].[Username], [t].[RoleId], [t].[UserId], [t].[CreatedBy], [t].[CreatedOn], [t].[Id], [t].[LastModifiedBy], [t].[LastModifiedOn], [t].[Status], [t].[Id0], [t].[CreatedBy0], [t].[CreatedOn0], [t].[LastModifiedBy0], [t].[LastModifiedOn0], [t].[RoleName], [t].[Status0]
FROM [User] AS [u]
LEFT JOIN (
    SELECT [u0].[RoleId], [u0].[UserId], [u0].[CreatedBy], [u0].[CreatedOn], [u0].[Id], [u0].[LastModifiedBy], [u0].[LastModifiedOn], [u0].[Status], [r].[Id] AS [Id0], [r].[CreatedBy] AS [CreatedBy0], [r].[CreatedOn] AS [CreatedOn0], [r].[LastModifiedBy] AS [LastModifiedBy0], [r].[LastModifiedOn] AS [LastModifiedOn0], [r].[RoleName], [r].[Status] AS [Status0]
    FROM [UserRole] AS [u0]
    INNER JOIN [Role] AS [r] ON [u0].[RoleId] = [r].[Id]
) AS [t] ON [u].[Id] = [t].[UserId]
ORDER BY [u].[Id], [t].[RoleId], [t].[UserId]
2023-07-20 17:15:21.850 -05:00 [INF] Executing ObjectResult, writing value of type 'Security.Application.Base.Response`1[[System.Collections.Generic.IEnumerable`1[[Security.Application.Http.Dto.UserDto, Security.Application, Version=1.0.0.0, Culture=neutral, PublicKeyToken=null]], System.Private.CoreLib, Version=6.0.0.0, Culture=neutral, PublicKeyToken=7cec85d7bea7798e]]'.
2023-07-20 17:15:21.852 -05:00 [INF] Executed action Security.Api.Controllers.UserController.GetAll (Security.Api) in 24.0658ms
2023-07-20 17:15:21.853 -05:00 [INF] Executed endpoint 'Security.Api.Controllers.UserController.GetAll (Security.Api)'
2023-07-20 17:15:21.854 -05:00 [INF] Response:
StatusCode: 200
Content-Type: application/json; charset=utf-8
Date: Thu, 20 Jul 2023 22:15:21 GMT
Server: Kestrel
2023-07-20 17:15:21.855 -05:00 [INF] Request finished HTTP/2 GET https://localhost:7193/api/v1/User/FindAll - - - 200 - application/json;+charset=utf-8 95.8023ms
