2023-02-18 22:08:49.148 -05:00 [INF] Entity Framework Core 6.0.14 initialized 'SecurityContext' using provider 'Oracle.EntityFrameworkCore:6.0.21.1-20221224' with options: MigrationsHistoryTable=_MigrationHistory 
2023-02-18 22:08:53.898 -05:00 [ERR] 2023-02-18 22:08:53.880262 ThreadID:1   (ERROR)   OracleDatabaseCreator.Exists() :  OracleException.Number: 12541
2023-02-18 22:08:53.906 -05:00 [ERR] 2023-02-18 22:08:53.905838 ThreadID:1   (ERROR)   OracleDatabaseCreator.Exists() :  Oracle.ManagedDataAccess.Client.OracleException (0x80004005): ORA-12541: TNS: no hay ningún listener
 ---> OracleInternal.Network.NetworkException (0x80004005): ORA-12541: TNS: no hay ningún listener
 ---> System.Net.Sockets.SocketException (10061): No se puede establecer una conexión ya que el equipo de destino denegó expresamente dicha conexión.
   at System.Net.Sockets.Socket.AwaitableSocketAsyncEventArgs.ThrowException(SocketError error, CancellationToken cancellationToken)
   at System.Net.Sockets.Socket.AwaitableSocketAsyncEventArgs.System.Threading.Tasks.Sources.IValueTaskSource.GetResult(Int16 token)
   at System.Threading.Tasks.ValueTask.ValueTaskSourceAsTask.<>c.<.cctor>b__4_0(Object state)
--- End of stack trace from previous location ---
   at System.Threading.Tasks.TaskToApm.End(IAsyncResult asyncResult)
   at System.Net.Sockets.Socket.EndConnect(IAsyncResult asyncResult)
   at OracleInternal.Network.TcpTransportAdapter.ConnectIterate()
   at OracleInternal.Network.OracleCommunication.DoConnect(String tnsDescriptor)
   at OracleInternal.Network.OracleCommunication.Connect(String tnsDescriptor, Boolean doNAHandshake, String IName, ConnectionOption CO)
   at OracleInternal.ServiceObjects.OracleConnectionImpl.Connect(ConnectionString cs, Boolean bOpenEndUserSession, OracleConnection connRefForCriteria, String instanceName)
   at OracleInternal.ConnectionPool.PoolManager`3.Get(ConnectionString csWithDiffOrNewPwd, Boolean bGetForApp, OracleConnection connRefForCriteria, String affinityInstanceName, Boolean bForceMatch)
   at OracleInternal.ConnectionPool.OraclePoolManager.Get(ConnectionString csWithNewPassword, Boolean bGetForApp, OracleConnection connRefForCriteria, String affinityInstanceName, Boolean bForceMatch)
   at OracleInternal.ConnectionPool.OracleConnectionDispenser`3.Get(ConnectionString cs, PM conPM, ConnectionString pmCS, SecureString securedPassword, SecureString securedProxyPassword, OracleConnection connRefForCriteria)
   at Oracle.ManagedDataAccess.Client.OracleConnection.Open()
   at Microsoft.EntityFrameworkCore.Storage.RelationalConnection.OpenDbConnection(Boolean errorsExpected)
   at Microsoft.EntityFrameworkCore.Storage.RelationalConnection.OpenInternal(Boolean errorsExpected)
   at Microsoft.EntityFrameworkCore.Storage.RelationalConnection.Open(Boolean errorsExpected)
   at Oracle.EntityFrameworkCore.Storage.Internal.OracleDatabaseCreator.Exists()
