2023-07-21 19:40:27.223 -05:00 [INF] User profile is available. Using 'C:\Users\AuxiliarN-PC\AppData\Local\ASP.NET\DataProtection-Keys' as key repository and Windows DPAPI to encrypt keys at rest.
2023-07-21 19:40:27.412 -05:00 [INF] Now listening on: https://localhost:7053
2023-07-21 19:40:27.415 -05:00 [INF] Now listening on: http://localhost:5039
2023-07-21 19:40:27.421 -05:00 [INF] Application started. Press Ctrl+C to shut down.
2023-07-21 19:40:27.423 -05:00 [INF] Hosting environment: Development
2023-07-21 19:40:27.425 -05:00 [INF] Content root path: C:\Users\AuxiliarN-PC\RiderProjects\TicketsAPI\TicketsGateway.Api\
2023-07-21 19:40:27.737 -05:00 [INF] Request starting HTTP/2 GET https://localhost:7053/swagger/index.html - -
2023-07-21 19:40:27.815 -05:00 [INF] Request finished HTTP/2 GET https://localhost:7053/swagger/index.html - - - 200 - text/html;charset=utf-8 79.1654ms
2023-07-21 19:40:27.980 -05:00 [INF] Request starting HTTP/2 GET https://localhost:7053/swagger/v1/swagger.json - -
2023-07-21 19:40:28.087 -05:00 [INF] Request finished HTTP/2 GET https://localhost:7053/swagger/v1/swagger.json - - - 200 - application/json;charset=utf-8 107.5281ms
2023-07-21 19:40:55.064 -05:00 [INF] Request starting HTTP/2 GET https://localhost:7053/api/v1/User/FindAll - -
2023-07-21 19:40:58.182 -05:00 [ERR] An unhandled exception has occurred while executing the request.
TicketsGateway.Api.Exceptions.AppException: Host desconocido. (api:80)
   at TicketsGateway.Application.Security.Jwt.SecurityMiddleware.AttachUserToContext(HttpContext context, String token) in C:\Users\AuxiliarN-PC\RiderProjects\TicketsAPI\TicketsGateway.Application\Security\Jwt\SecurityMiddleware.cs:line 60
   at TicketsGateway.Application.Security.Jwt.SecurityMiddleware.Invoke(HttpContext context) in C:\Users\AuxiliarN-PC\RiderProjects\TicketsAPI\TicketsGateway.Application\Security\Jwt\SecurityMiddleware.cs:line 32
   at Swashbuckle.AspNetCore.SwaggerUI.SwaggerUIMiddleware.Invoke(HttpContext httpContext)
   at Swashbuckle.AspNetCore.Swagger.SwaggerMiddleware.Invoke(HttpContext httpContext, ISwaggerProvider swaggerProvider)
   at Microsoft.AspNetCore.Diagnostics.DeveloperExceptionPageMiddleware.Invoke(HttpContext context)
2023-07-21 19:40:58.188 -05:00 [INF] Request finished HTTP/2 GET https://localhost:7053/api/v1/User/FindAll - - - 500 - text/plain;+charset=utf-8 3124.2700ms
2023-07-21 19:42:42.425 -05:00 [INF] Request starting HTTP/2 GET https://localhost:7053/swagger/v1/swagger.json - -
2023-07-21 19:42:42.434 -05:00 [INF] Request finished HTTP/2 GET https://localhost:7053/swagger/v1/swagger.json - - - 200 - application/json;charset=utf-8 9.5779ms
2023-07-21 19:43:02.843 -05:00 [INF] Request starting HTTP/2 GET https://localhost:7053/ - -
2023-07-21 19:43:02.866 -05:00 [INF] Request:
Protocol: HTTP/2
Method: GET
Scheme: https
PathBase: 
Path: /
Accept: text/html,application/xhtml+xml,application/xml;q=0.9,image/webp,image/apng,*/*;q=0.8,application/signed-exchange;v=b3;q=0.7
Host: localhost:7053
User-Agent: Mozilla/5.0 (Windows NT 10.0; Win64; x64) AppleWebKit/537.36 (KHTML, like Gecko) Chrome/114.0.0.0 Safari/537.36 Edg/114.0.1823.82
:method: [Redacted]
Accept-Encoding: gzip, deflate, br, zsdch
Accept-Language: es,es-ES;q=0.9,en;q=0.8,en-GB;q=0.7,en-US;q=0.6
Upgrade-Insecure-Requests: [Redacted]
sec-ch-ua: [Redacted]
sec-ch-ua-mobile: [Redacted]
sec-ch-ua-platform: [Redacted]
sec-fetch-site: [Redacted]
sec-fetch-mode: [Redacted]
sec-fetch-user: [Redacted]
sec-fetch-dest: [Redacted]
2023-07-21 19:43:02.869 -05:00 [INF] Response:
StatusCode: 404
2023-07-21 19:43:02.870 -05:00 [INF] Request finished HTTP/2 GET https://localhost:7053/ - - - 404 0 - 28.3484ms
2023-07-21 19:49:55.390 -05:00 [INF] Request starting HTTP/2 GET https://localhost:7053/swagger/index.html - -
2023-07-21 19:49:55.399 -05:00 [INF] Request finished HTTP/2 GET https://localhost:7053/swagger/index.html - - - 200 - text/html;charset=utf-8 9.7649ms
2023-07-21 19:49:55.584 -05:00 [INF] Request starting HTTP/2 GET https://localhost:7053/swagger/v1/swagger.json - -
2023-07-21 19:49:55.589 -05:00 [INF] Request finished HTTP/2 GET https://localhost:7053/swagger/v1/swagger.json - - - 200 - application/json;charset=utf-8 5.3221ms
2023-07-21 20:03:17.881 -05:00 [INF] Request starting HTTP/2 POST https://localhost:7053/api/v1/Auth/Authenticate application/json 48
2023-07-21 20:03:17.889 -05:00 [INF] CORS policy execution successful.
2023-07-21 20:03:17.894 -05:00 [INF] Request:
Protocol: HTTP/2
Method: POST
Scheme: https
PathBase: 
Path: /api/v1/Auth/Authenticate
Accept: text/plain
Host: localhost:7053
User-Agent: Mozilla/5.0 (Windows NT 10.0; Win64; x64) AppleWebKit/537.36 (KHTML, like Gecko) Chrome/114.0.0.0 Safari/537.36 Edg/114.0.1823.82
:method: [Redacted]
Accept-Encoding: gzip, deflate, br
Accept-Language: es,es-ES;q=0.9,en;q=0.8,en-GB;q=0.7,en-US;q=0.6
Content-Type: application/json
Origin: [Redacted]
Referer: [Redacted]
Content-Length: 48
sec-ch-ua: [Redacted]
sec-ch-ua-mobile: [Redacted]
sec-ch-ua-platform: [Redacted]
sec-fetch-site: [Redacted]
sec-fetch-mode: [Redacted]
sec-fetch-dest: [Redacted]
2023-07-21 20:03:17.899 -05:00 [INF] Executing endpoint 'TicketsGateway.Api.Controllers.AuthController.Authenticate (TicketsGateway.Api)'
2023-07-21 20:03:17.920 -05:00 [INF] Route matched with {action = "Authenticate", controller = "Auth"}. Executing controller action with signature System.Threading.Tasks.Task`1[TicketsGateway.Application.Base.Response`1[TicketsGateway.Application.Security.Http.Dto.AuthenticateDto]] Authenticate(TicketsGateway.Application.Security.Http.Request.AuthenticateRequest) on controller TicketsGateway.Api.Controllers.AuthController (TicketsGateway.Api).
2023-07-21 20:03:19.309 -05:00 [INF] Executing ObjectResult, writing value of type 'TicketsGateway.Application.Base.Response`1[[TicketsGateway.Application.Security.Http.Dto.AuthenticateDto, TicketsGateway.Application, Version=1.0.0.0, Culture=neutral, PublicKeyToken=null]]'.
2023-07-21 20:03:19.332 -05:00 [INF] Executed action TicketsGateway.Api.Controllers.AuthController.Authenticate (TicketsGateway.Api) in 1404.8257ms
2023-07-21 20:03:19.339 -05:00 [INF] Executed endpoint 'TicketsGateway.Api.Controllers.AuthController.Authenticate (TicketsGateway.Api)'
2023-07-21 20:03:19.349 -05:00 [INF] Response:
StatusCode: 200
Content-Type: application/json; charset=utf-8
Date: Sat, 22 Jul 2023 01:03:18 GMT
Server: Kestrel
Access-Control-Allow-Origin: [Redacted]
2023-07-21 20:03:19.352 -05:00 [INF] Request finished HTTP/2 POST https://localhost:7053/api/v1/Auth/Authenticate application/json 48 - 200 - application/json;+charset=utf-8 1471.5346ms
2023-07-21 20:03:33.285 -05:00 [INF] Request starting HTTP/2 GET https://localhost:7053/api/v1/User/FindAll - -
2023-07-21 20:03:36.075 -05:00 [ERR] An unhandled exception has occurred while executing the request.
TicketsGateway.Api.Exceptions.AppException: Host desconocido. (api:80)
   at TicketsGateway.Application.Security.Jwt.SecurityMiddleware.AttachUserToContext(HttpContext context, String token)
   at TicketsGateway.Application.Security.Jwt.SecurityMiddleware.Invoke(HttpContext context)
   at Swashbuckle.AspNetCore.SwaggerUI.SwaggerUIMiddleware.Invoke(HttpContext httpContext)
   at Swashbuckle.AspNetCore.Swagger.SwaggerMiddleware.Invoke(HttpContext httpContext, ISwaggerProvider swaggerProvider)
   at Microsoft.AspNetCore.Diagnostics.DeveloperExceptionPageMiddleware.Invoke(HttpContext context)
2023-07-21 20:03:36.077 -05:00 [INF] Request finished HTTP/2 GET https://localhost:7053/api/v1/User/FindAll - - - 500 - text/plain;+charset=utf-8 2792.2520ms
