2023-07-21 19:20:32.206 -05:00 [INF] User profile is available. Using 'C:\Users\AuxiliarN-PC\AppData\Local\ASP.NET\DataProtection-Keys' as key repository and Windows DPAPI to encrypt keys at rest.
2023-07-21 19:20:32.414 -05:00 [INF] Now listening on: https://localhost:7053
2023-07-21 19:20:32.416 -05:00 [INF] Now listening on: http://localhost:5039
2023-07-21 19:20:32.422 -05:00 [INF] Application started. Press Ctrl+C to shut down.
2023-07-21 19:20:32.424 -05:00 [INF] Hosting environment: Development
2023-07-21 19:20:32.427 -05:00 [INF] Content root path: C:\Users\AuxiliarN-PC\RiderProjects\TicketsAPI\TicketsGateway.Api\
2023-07-21 19:20:33.036 -05:00 [INF] Request starting HTTP/2 GET https://localhost:7053/swagger/index.html - -
2023-07-21 19:20:33.113 -05:00 [INF] Request finished HTTP/2 GET https://localhost:7053/swagger/index.html - - - 200 - text/html;charset=utf-8 78.6525ms
2023-07-21 19:20:33.305 -05:00 [INF] Request starting HTTP/2 GET https://localhost:7053/swagger/v1/swagger.json - -
2023-07-21 19:20:33.414 -05:00 [INF] Request finished HTTP/2 GET https://localhost:7053/swagger/v1/swagger.json - - - 200 - application/json;charset=utf-8 109.4362ms
2023-07-21 19:20:42.814 -05:00 [INF] Request starting HTTP/2 POST https://localhost:7053/api/v1/Auth/Authenticate application/json 48
2023-07-21 19:20:42.819 -05:00 [INF] CORS policy execution successful.
2023-07-21 19:20:42.843 -05:00 [INF] Request:
Protocol: HTTP/2
Method: POST
Scheme: https
PathBase: 
Path: /api/v1/Auth/Authenticate
Accept: text/plain
Host: localhost:7053
User-Agent: Mozilla/5.0 (Windows NT 10.0; Win64; x64) AppleWebKit/537.36 (KHTML, like Gecko) Chrome/114.0.0.0 Safari/537.36 Edg/114.0.1823.82
:method: [Redacted]
Accept-Encoding: gzip, deflate, br
Accept-Language: es,es-ES;q=0.9,en;q=0.8,en-GB;q=0.7,en-US;q=0.6
Content-Type: application/json
Origin: [Redacted]
Referer: [Redacted]
Content-Length: 48
sec-ch-ua: [Redacted]
sec-ch-ua-mobile: [Redacted]
sec-ch-ua-platform: [Redacted]
sec-fetch-site: [Redacted]
sec-fetch-mode: [Redacted]
sec-fetch-dest: [Redacted]
2023-07-21 19:20:42.848 -05:00 [INF] Executing endpoint 'TicketsGateway.Api.Controllers.AuthController.Authenticate (TicketsGateway.Api)'
2023-07-21 19:20:42.871 -05:00 [INF] Route matched with {action = "Authenticate", controller = "Auth"}. Executing controller action with signature System.Threading.Tasks.Task`1[TicketsGateway.Application.Base.Response`1[TicketsGateway.Application.Security.Http.Dto.AuthenticateDto]] Authenticate(TicketsGateway.Application.Security.Http.Request.AuthenticateRequest) on controller TicketsGateway.Api.Controllers.AuthController (TicketsGateway.Api).
2023-07-21 19:20:43.622 -05:00 [INF] Executing ObjectResult, writing value of type 'TicketsGateway.Application.Base.Response`1[[TicketsGateway.Application.Security.Http.Dto.AuthenticateDto, TicketsGateway.Application, Version=1.0.0.0, Culture=neutral, PublicKeyToken=null]]'.
2023-07-21 19:20:43.642 -05:00 [INF] Executed action TicketsGateway.Api.Controllers.AuthController.Authenticate (TicketsGateway.Api) in 763.9407ms
2023-07-21 19:20:43.646 -05:00 [INF] Executed endpoint 'TicketsGateway.Api.Controllers.AuthController.Authenticate (TicketsGateway.Api)'
2023-07-21 19:20:43.648 -05:00 [INF] Response:
StatusCode: 200
Content-Type: application/json; charset=utf-8
Date: Sat, 22 Jul 2023 00:20:43 GMT
Server: Kestrel
Access-Control-Allow-Origin: [Redacted]
2023-07-21 19:20:43.650 -05:00 [INF] Request finished HTTP/2 POST https://localhost:7053/api/v1/Auth/Authenticate application/json 48 - 200 - application/json;+charset=utf-8 836.4478ms
2023-07-21 19:20:54.116 -05:00 [INF] Request starting HTTP/2 GET https://localhost:7053/api/v1/User/FindAll - -
2023-07-21 19:20:57.187 -05:00 [ERR] An unhandled exception has occurred while executing the request.
TicketsGateway.Api.Exceptions.AppException: Host desconocido. (api:80)
   at TicketsGateway.Application.Security.Jwt.SecurityMiddleware.AttachUserToContext(HttpContext context, String token) in C:\Users\AuxiliarN-PC\RiderProjects\TicketsAPI\TicketsGateway.Application\Security\Jwt\SecurityMiddleware.cs:line 60
   at TicketsGateway.Application.Security.Jwt.SecurityMiddleware.Invoke(HttpContext context) in C:\Users\AuxiliarN-PC\RiderProjects\TicketsAPI\TicketsGateway.Application\Security\Jwt\SecurityMiddleware.cs:line 32
   at Swashbuckle.AspNetCore.SwaggerUI.SwaggerUIMiddleware.Invoke(HttpContext httpContext)
   at Swashbuckle.AspNetCore.Swagger.SwaggerMiddleware.Invoke(HttpContext httpContext, ISwaggerProvider swaggerProvider)
   at Microsoft.AspNetCore.Diagnostics.DeveloperExceptionPageMiddleware.Invoke(HttpContext context)
2023-07-21 19:20:57.193 -05:00 [INF] Request finished HTTP/2 GET https://localhost:7053/api/v1/User/FindAll - - - 500 - text/plain;+charset=utf-8 3076.5303ms
2023-07-21 19:22:41.787 -05:00 [INF] Request starting HTTP/2 GET https://localhost:7053/api/v1/User/FindAll - -
2023-07-21 19:27:32.122 -05:00 [ERR] An unhandled exception has occurred while executing the request.
TicketsGateway.Api.Exceptions.AppException: Host desconocido. (api:80)
   at TicketsGateway.Application.Security.Jwt.SecurityMiddleware.AttachUserToContext(HttpContext context, String token) in C:\Users\AuxiliarN-PC\RiderProjects\TicketsAPI\TicketsGateway.Application\Security\Jwt\SecurityMiddleware.cs:line 60
   at TicketsGateway.Application.Security.Jwt.SecurityMiddleware.Invoke(HttpContext context) in C:\Users\AuxiliarN-PC\RiderProjects\TicketsAPI\TicketsGateway.Application\Security\Jwt\SecurityMiddleware.cs:line 32
   at Swashbuckle.AspNetCore.SwaggerUI.SwaggerUIMiddleware.Invoke(HttpContext httpContext)
   at Swashbuckle.AspNetCore.Swagger.SwaggerMiddleware.Invoke(HttpContext httpContext, ISwaggerProvider swaggerProvider)
   at Microsoft.AspNetCore.Diagnostics.DeveloperExceptionPageMiddleware.Invoke(HttpContext context)
2023-07-21 19:27:32.125 -05:00 [INF] Request finished HTTP/2 GET https://localhost:7053/api/v1/User/FindAll - - - 500 - text/plain;+charset=utf-8 290337.7298ms
