2023-06-17 18:06:38.576 -05:00 [INF] User profile is available. Using 'C:\Users\kevin\AppData\Local\ASP.NET\DataProtection-Keys' as key repository and Windows DPAPI to encrypt keys at rest.
2023-06-17 18:06:38.948 -05:00 [INF] Now listening on: https://localhost:7053
2023-06-17 18:06:38.953 -05:00 [INF] Now listening on: http://localhost:5039
2023-06-17 18:06:38.965 -05:00 [INF] Application started. Press Ctrl+C to shut down.
2023-06-17 18:06:38.968 -05:00 [INF] Hosting environment: Development
2023-06-17 18:06:38.974 -05:00 [INF] Content root path: E:\Development\GitHub\TicketsAPI\TicketsGateway.Api\
2023-06-17 18:06:40.080 -05:00 [INF] Request starting HTTP/2 GET https://localhost:7053/swagger/index.html - -
2023-06-17 18:06:40.504 -05:00 [INF] Request finished HTTP/2 GET https://localhost:7053/swagger/index.html - - - 200 - text/html;charset=utf-8 432.8425ms
2023-06-17 18:06:41.357 -05:00 [INF] Request starting HTTP/2 GET https://localhost:7053/swagger/v1/swagger.json - -
2023-06-17 18:06:41.796 -05:00 [INF] Request finished HTTP/2 GET https://localhost:7053/swagger/v1/swagger.json - - - 200 - application/json;charset=utf-8 438.3568ms
2023-06-17 18:08:33.154 -05:00 [INF] Request starting HTTP/2 POST https://localhost:7053/api/v1/Auth/Authenticate application/json 48
2023-06-17 18:08:33.171 -05:00 [INF] CORS policy execution successful.
2023-06-17 18:08:33.229 -05:00 [INF] Request:
Protocol: HTTP/2
Method: POST
Scheme: https
PathBase: 
Path: /api/v1/Auth/Authenticate
Accept: text/plain
Host: localhost:7053
User-Agent: Mozilla/5.0 (Windows NT 10.0; Win64; x64) AppleWebKit/537.36 (KHTML, like Gecko) Chrome/114.0.0.0 Safari/537.36 Edg/114.0.1823.51
:method: [Redacted]
Accept-Encoding: gzip, deflate, br
Accept-Language: es,es-ES;q=0.9,en;q=0.8,en-GB;q=0.7,en-US;q=0.6
Content-Type: application/json
Cookie: [Redacted]
Origin: [Redacted]
Referer: [Redacted]
Content-Length: 48
sec-ch-ua: [Redacted]
sec-ch-ua-mobile: [Redacted]
sec-ch-ua-platform: [Redacted]
sec-fetch-site: [Redacted]
sec-fetch-mode: [Redacted]
sec-fetch-dest: [Redacted]
2023-06-17 18:08:33.270 -05:00 [INF] Executing endpoint 'TicketsGateway.Api.Controllers.AuthController.Authenticate (TicketsGateway.Api)'
2023-06-17 18:08:33.373 -05:00 [INF] Route matched with {action = "Authenticate", controller = "Auth"}. Executing controller action with signature System.Threading.Tasks.Task`1[TicketsGateway.Application.Base.Response`1[TicketsGateway.Application.Security.Http.Dto.AuthenticateDto]] Authenticate(TicketsGateway.Application.Security.Http.Request.AuthenticateRequest) on controller TicketsGateway.Api.Controllers.AuthController (TicketsGateway.Api).
2023-06-17 18:08:39.314 -05:00 [INF] Executing ObjectResult, writing value of type 'TicketsGateway.Application.Base.Response`1[[TicketsGateway.Application.Security.Http.Dto.AuthenticateDto, TicketsGateway.Application, Version=1.0.0.0, Culture=neutral, PublicKeyToken=null]]'.
2023-06-17 18:08:39.372 -05:00 [INF] Executed action TicketsGateway.Api.Controllers.AuthController.Authenticate (TicketsGateway.Api) in 5976.4337ms
2023-06-17 18:08:39.381 -05:00 [INF] Executed endpoint 'TicketsGateway.Api.Controllers.AuthController.Authenticate (TicketsGateway.Api)'
2023-06-17 18:08:39.385 -05:00 [INF] Response:
StatusCode: 200
Content-Type: application/json; charset=utf-8
Date: Sat, 17 Jun 2023 23:08:38 GMT
Server: Kestrel
Access-Control-Allow-Origin: [Redacted]
2023-06-17 18:08:39.396 -05:00 [INF] Request finished HTTP/2 POST https://localhost:7053/api/v1/Auth/Authenticate application/json 48 - 200 - application/json;+charset=utf-8 6241.6099ms
2023-06-17 19:10:10.775 -05:00 [INF] Application is shutting down...
