2023-07-21 12:32:55.304 -05:00 [INF] User profile is available. Using 'C:\Users\AuxiliarN-PC\AppData\Local\ASP.NET\DataProtection-Keys' as key repository and Windows DPAPI to encrypt keys at rest.
2023-07-21 12:32:55.523 -05:00 [INF] Now listening on: https://localhost:7053
2023-07-21 12:32:55.526 -05:00 [INF] Now listening on: http://localhost:5039
2023-07-21 12:32:55.531 -05:00 [INF] Application started. Press Ctrl+C to shut down.
2023-07-21 12:32:55.534 -05:00 [INF] Hosting environment: Development
2023-07-21 12:32:55.536 -05:00 [INF] Content root path: C:\Users\AuxiliarN-PC\RiderProjects\TicketsAPI\TicketsGateway.Api\
2023-07-21 12:32:55.982 -05:00 [INF] Request starting HTTP/2 GET https://localhost:7053/swagger/index.html - -
2023-07-21 12:32:56.105 -05:00 [INF] Request finished HTTP/2 GET https://localhost:7053/swagger/index.html - - - 200 - text/html;charset=utf-8 125.1797ms
2023-07-21 12:32:56.322 -05:00 [INF] Request starting HTTP/2 GET https://localhost:7053/swagger/v1/swagger.json - -
2023-07-21 12:32:56.448 -05:00 [INF] Request finished HTTP/2 GET https://localhost:7053/swagger/v1/swagger.json - - - 200 - application/json;charset=utf-8 125.7434ms
2023-07-21 12:33:52.873 -05:00 [INF] Request starting HTTP/2 POST https://localhost:7053/api/v1/Auth/Authenticate application/json 48
2023-07-21 12:33:52.881 -05:00 [INF] CORS policy execution successful.
2023-07-21 12:33:52.905 -05:00 [INF] Request:
Protocol: HTTP/2
Method: POST
Scheme: https
PathBase: 
Path: /api/v1/Auth/Authenticate
Accept: text/plain
Host: localhost:7053
User-Agent: Mozilla/5.0 (Windows NT 10.0; Win64; x64) AppleWebKit/537.36 (KHTML, like Gecko) Chrome/114.0.0.0 Safari/537.36 Edg/114.0.1823.82
:method: [Redacted]
Accept-Encoding: gzip, deflate, br
Accept-Language: es,es-ES;q=0.9,en;q=0.8,en-GB;q=0.7,en-US;q=0.6
Content-Type: application/json
Origin: [Redacted]
Referer: [Redacted]
Content-Length: 48
sec-ch-ua: [Redacted]
sec-ch-ua-mobile: [Redacted]
sec-ch-ua-platform: [Redacted]
sec-fetch-site: [Redacted]
sec-fetch-mode: [Redacted]
sec-fetch-dest: [Redacted]
2023-07-21 12:33:52.908 -05:00 [INF] Executing endpoint 'TicketsGateway.Api.Controllers.AuthController.Authenticate (TicketsGateway.Api)'
2023-07-21 12:33:52.925 -05:00 [INF] Route matched with {action = "Authenticate", controller = "Auth"}. Executing controller action with signature System.Threading.Tasks.Task`1[TicketsGateway.Application.Base.Response`1[TicketsGateway.Application.Security.Http.Dto.AuthenticateDto]] Authenticate(TicketsGateway.Application.Security.Http.Request.AuthenticateRequest) on controller TicketsGateway.Api.Controllers.AuthController (TicketsGateway.Api).
2023-07-21 12:35:29.702 -05:00 [INF] Executing ObjectResult, writing value of type 'TicketsGateway.Application.Base.Response`1[[TicketsGateway.Application.Security.Http.Dto.AuthenticateDto, TicketsGateway.Application, Version=1.0.0.0, Culture=neutral, PublicKeyToken=null]]'.
2023-07-21 12:35:29.720 -05:00 [INF] Executed action TicketsGateway.Api.Controllers.AuthController.Authenticate (TicketsGateway.Api) in 96788.7339ms
2023-07-21 12:35:29.724 -05:00 [INF] Executed endpoint 'TicketsGateway.Api.Controllers.AuthController.Authenticate (TicketsGateway.Api)'
2023-07-21 12:35:29.725 -05:00 [INF] Response:
StatusCode: 200
Content-Type: application/json; charset=utf-8
Date: Fri, 21 Jul 2023 17:35:29 GMT
Server: Kestrel
Access-Control-Allow-Origin: [Redacted]
2023-07-21 12:35:29.728 -05:00 [INF] Request finished HTTP/2 POST https://localhost:7053/api/v1/Auth/Authenticate application/json 48 - 200 - application/json;+charset=utf-8 96855.5698ms
2023-07-21 12:41:08.394 -05:00 [INF] Request starting HTTP/2 GET https://localhost:7053/api/v1/User/FindAll - -
2023-07-21 12:41:08.714 -05:00 [ERR] An unhandled exception has occurred while executing the request.
TicketsGateway.Api.Exceptions.AppException: IDX10503: Signature validation failed. Token does not have a kid. Keys tried: '[PII of type 'System.Text.StringBuilder' is hidden. For more details, see https://aka.ms/IdentityModel/PII.]'. Number of keys in TokenValidationParameters: '1'. 
Number of keys in Configuration: '0'. 
Exceptions caught:
 '[PII of type 'System.Text.StringBuilder' is hidden. For more details, see https://aka.ms/IdentityModel/PII.]'.
token: '[PII of type 'System.IdentityModel.Tokens.Jwt.JwtSecurityToken' is hidden. For more details, see https://aka.ms/IdentityModel/PII.]'.
   at TicketsGateway.Application.Security.Jwt.SecurityMiddleware.AttachUserToContext(HttpContext context, String token) in C:\Users\AuxiliarN-PC\RiderProjects\TicketsAPI\TicketsGateway.Application\Security\Jwt\SecurityMiddleware.cs:line 60
   at TicketsGateway.Application.Security.Jwt.SecurityMiddleware.Invoke(HttpContext context) in C:\Users\AuxiliarN-PC\RiderProjects\TicketsAPI\TicketsGateway.Application\Security\Jwt\SecurityMiddleware.cs:line 32
   at Swashbuckle.AspNetCore.SwaggerUI.SwaggerUIMiddleware.Invoke(HttpContext httpContext)
   at Swashbuckle.AspNetCore.Swagger.SwaggerMiddleware.Invoke(HttpContext httpContext, ISwaggerProvider swaggerProvider)
   at Microsoft.AspNetCore.Diagnostics.DeveloperExceptionPageMiddleware.Invoke(HttpContext context)
2023-07-21 12:41:08.723 -05:00 [INF] Request finished HTTP/2 GET https://localhost:7053/api/v1/User/FindAll - - - 500 - text/plain;+charset=utf-8 329.6762ms
2023-07-21 12:41:24.013 -05:00 [INF] Request starting HTTP/2 GET https://localhost:7053/api/v1/User/FindAll - -
2023-07-21 12:41:24.050 -05:00 [ERR] An unhandled exception has occurred while executing the request.
TicketsGateway.Api.Exceptions.AppException: IDX10503: Signature validation failed. Token does not have a kid. Keys tried: '[PII of type 'System.Text.StringBuilder' is hidden. For more details, see https://aka.ms/IdentityModel/PII.]'. Number of keys in TokenValidationParameters: '1'. 
Number of keys in Configuration: '0'. 
Exceptions caught:
 '[PII of type 'System.Text.StringBuilder' is hidden. For more details, see https://aka.ms/IdentityModel/PII.]'.
token: '[PII of type 'System.IdentityModel.Tokens.Jwt.JwtSecurityToken' is hidden. For more details, see https://aka.ms/IdentityModel/PII.]'.
   at TicketsGateway.Application.Security.Jwt.SecurityMiddleware.AttachUserToContext(HttpContext context, String token) in C:\Users\AuxiliarN-PC\RiderProjects\TicketsAPI\TicketsGateway.Application\Security\Jwt\SecurityMiddleware.cs:line 60
   at TicketsGateway.Application.Security.Jwt.SecurityMiddleware.Invoke(HttpContext context) in C:\Users\AuxiliarN-PC\RiderProjects\TicketsAPI\TicketsGateway.Application\Security\Jwt\SecurityMiddleware.cs:line 32
   at Swashbuckle.AspNetCore.SwaggerUI.SwaggerUIMiddleware.Invoke(HttpContext httpContext)
   at Swashbuckle.AspNetCore.Swagger.SwaggerMiddleware.Invoke(HttpContext httpContext, ISwaggerProvider swaggerProvider)
   at Microsoft.AspNetCore.Diagnostics.DeveloperExceptionPageMiddleware.Invoke(HttpContext context)
2023-07-21 12:41:24.054 -05:00 [INF] Request finished HTTP/2 GET https://localhost:7053/api/v1/User/FindAll - - - 500 - text/plain;+charset=utf-8 40.8614ms
2023-07-21 12:41:45.795 -05:00 [INF] Request starting HTTP/2 GET https://localhost:7053/api/v1/User/FindAll - -
2023-07-21 12:41:45.836 -05:00 [ERR] An unhandled exception has occurred while executing the request.
TicketsGateway.Api.Exceptions.AppException: IDX10503: Signature validation failed. Token does not have a kid. Keys tried: '[PII of type 'System.Text.StringBuilder' is hidden. For more details, see https://aka.ms/IdentityModel/PII.]'. Number of keys in TokenValidationParameters: '1'. 
Number of keys in Configuration: '0'. 
Exceptions caught:
 '[PII of type 'System.Text.StringBuilder' is hidden. For more details, see https://aka.ms/IdentityModel/PII.]'.
token: '[PII of type 'System.IdentityModel.Tokens.Jwt.JwtSecurityToken' is hidden. For more details, see https://aka.ms/IdentityModel/PII.]'.
   at TicketsGateway.Application.Security.Jwt.SecurityMiddleware.AttachUserToContext(HttpContext context, String token) in C:\Users\AuxiliarN-PC\RiderProjects\TicketsAPI\TicketsGateway.Application\Security\Jwt\SecurityMiddleware.cs:line 60
   at TicketsGateway.Application.Security.Jwt.SecurityMiddleware.Invoke(HttpContext context) in C:\Users\AuxiliarN-PC\RiderProjects\TicketsAPI\TicketsGateway.Application\Security\Jwt\SecurityMiddleware.cs:line 32
   at Swashbuckle.AspNetCore.SwaggerUI.SwaggerUIMiddleware.Invoke(HttpContext httpContext)
   at Swashbuckle.AspNetCore.Swagger.SwaggerMiddleware.Invoke(HttpContext httpContext, ISwaggerProvider swaggerProvider)
   at Microsoft.AspNetCore.Diagnostics.DeveloperExceptionPageMiddleware.Invoke(HttpContext context)
2023-07-21 12:41:45.841 -05:00 [INF] Request finished HTTP/2 GET https://localhost:7053/api/v1/User/FindAll - - - 500 - text/plain;+charset=utf-8 47.0287ms
2023-07-21 12:41:50.564 -05:00 [INF] Request starting HTTP/2 GET https://localhost:7053/api/v1/User/FindAll - -
2023-07-21 12:41:50.599 -05:00 [ERR] An unhandled exception has occurred while executing the request.
TicketsGateway.Api.Exceptions.AppException: IDX10503: Signature validation failed. Token does not have a kid. Keys tried: '[PII of type 'System.Text.StringBuilder' is hidden. For more details, see https://aka.ms/IdentityModel/PII.]'. Number of keys in TokenValidationParameters: '1'. 
Number of keys in Configuration: '0'. 
Exceptions caught:
 '[PII of type 'System.Text.StringBuilder' is hidden. For more details, see https://aka.ms/IdentityModel/PII.]'.
token: '[PII of type 'System.IdentityModel.Tokens.Jwt.JwtSecurityToken' is hidden. For more details, see https://aka.ms/IdentityModel/PII.]'.
   at TicketsGateway.Application.Security.Jwt.SecurityMiddleware.AttachUserToContext(HttpContext context, String token) in C:\Users\AuxiliarN-PC\RiderProjects\TicketsAPI\TicketsGateway.Application\Security\Jwt\SecurityMiddleware.cs:line 60
   at TicketsGateway.Application.Security.Jwt.SecurityMiddleware.Invoke(HttpContext context) in C:\Users\AuxiliarN-PC\RiderProjects\TicketsAPI\TicketsGateway.Application\Security\Jwt\SecurityMiddleware.cs:line 32
   at Swashbuckle.AspNetCore.SwaggerUI.SwaggerUIMiddleware.Invoke(HttpContext httpContext)
   at Swashbuckle.AspNetCore.Swagger.SwaggerMiddleware.Invoke(HttpContext httpContext, ISwaggerProvider swaggerProvider)
   at Microsoft.AspNetCore.Diagnostics.DeveloperExceptionPageMiddleware.Invoke(HttpContext context)
2023-07-21 12:41:50.604 -05:00 [INF] Request finished HTTP/2 GET https://localhost:7053/api/v1/User/FindAll - - - 500 - text/plain;+charset=utf-8 40.2531ms
2023-07-21 12:49:30.304 -05:00 [INF] Request starting HTTP/2 POST https://localhost:7053/api/v1/Auth/Authenticate application/json 48
2023-07-21 12:49:53.822 -05:00 [ERR] An unhandled exception has occurred while executing the request.
TicketsGateway.Api.Exceptions.AppException: IDX10503: Signature validation failed. Token does not have a kid. Keys tried: '[PII of type 'System.Text.StringBuilder' is hidden. For more details, see https://aka.ms/IdentityModel/PII.]'. Number of keys in TokenValidationParameters: '1'. 
Number of keys in Configuration: '0'. 
Exceptions caught:
 '[PII of type 'System.Text.StringBuilder' is hidden. For more details, see https://aka.ms/IdentityModel/PII.]'.
token: '[PII of type 'System.IdentityModel.Tokens.Jwt.JwtSecurityToken' is hidden. For more details, see https://aka.ms/IdentityModel/PII.]'.
   at TicketsGateway.Application.Security.Jwt.SecurityMiddleware.AttachUserToContext(HttpContext context, String token) in C:\Users\AuxiliarN-PC\RiderProjects\TicketsAPI\TicketsGateway.Application\Security\Jwt\SecurityMiddleware.cs:line 60
   at TicketsGateway.Application.Security.Jwt.SecurityMiddleware.Invoke(HttpContext context) in C:\Users\AuxiliarN-PC\RiderProjects\TicketsAPI\TicketsGateway.Application\Security\Jwt\SecurityMiddleware.cs:line 32
   at Swashbuckle.AspNetCore.SwaggerUI.SwaggerUIMiddleware.Invoke(HttpContext httpContext)
   at Swashbuckle.AspNetCore.Swagger.SwaggerMiddleware.Invoke(HttpContext httpContext, ISwaggerProvider swaggerProvider)
   at Microsoft.AspNetCore.Diagnostics.DeveloperExceptionPageMiddleware.Invoke(HttpContext context)
2023-07-21 12:49:53.826 -05:00 [INF] Request finished HTTP/2 POST https://localhost:7053/api/v1/Auth/Authenticate application/json 48 - 500 - text/plain;+charset=utf-8 23522.0102ms
