2023-06-17 17:57:18.641 -05:00 [INF] User profile is available. Using 'C:\Users\kevin\AppData\Local\ASP.NET\DataProtection-Keys' as key repository and Windows DPAPI to encrypt keys at rest.
2023-06-17 17:57:19.314 -05:00 [INF] Now listening on: https://localhost:7053
2023-06-17 17:57:19.317 -05:00 [INF] Now listening on: http://localhost:5039
2023-06-17 17:57:19.344 -05:00 [INF] Application started. Press Ctrl+C to shut down.
2023-06-17 17:57:19.348 -05:00 [INF] Hosting environment: Development
2023-06-17 17:57:19.357 -05:00 [INF] Content root path: E:\Development\GitHub\TicketsAPI\TicketsGateway.Api\
2023-06-17 17:57:19.630 -05:00 [INF] Request starting HTTP/2 GET https://localhost:7053/swagger - -
2023-06-17 17:57:19.772 -05:00 [INF] Request finished HTTP/2 GET https://localhost:7053/swagger - - - 301 0 - 151.3592ms
2023-06-17 17:57:19.784 -05:00 [INF] Request starting HTTP/2 GET https://localhost:7053/swagger/index.html - -
2023-06-17 17:57:19.890 -05:00 [INF] Request finished HTTP/2 GET https://localhost:7053/swagger/index.html - - - 200 - text/html;charset=utf-8 106.1683ms
2023-06-17 17:57:19.962 -05:00 [INF] Request starting HTTP/2 GET https://localhost:7053/swagger/swagger-ui.css - -
2023-06-17 17:57:19.975 -05:00 [INF] Request starting HTTP/2 GET https://localhost:7053/swagger/swagger-ui-bundle.js - -
2023-06-17 17:57:19.976 -05:00 [INF] Request starting HTTP/2 GET https://localhost:7053/swagger/swagger-ui-standalone-preset.js - -
2023-06-17 17:57:20.162 -05:00 [INF] Sending file. Request path: '/swagger-ui.css'. Physical path: 'N/A'
2023-06-17 17:57:20.177 -05:00 [INF] Request finished HTTP/2 GET https://localhost:7053/swagger/swagger-ui.css - - - 200 143632 text/css 214.6594ms
2023-06-17 17:57:20.230 -05:00 [INF] Sending file. Request path: '/swagger-ui-standalone-preset.js'. Physical path: 'N/A'
2023-06-17 17:57:20.253 -05:00 [INF] Request finished HTTP/2 GET https://localhost:7053/swagger/swagger-ui-standalone-preset.js - - - 200 337162 application/javascript 276.9892ms
2023-06-17 17:57:20.276 -05:00 [INF] Sending file. Request path: '/swagger-ui-bundle.js'. Physical path: 'N/A'
2023-06-17 17:57:20.279 -05:00 [INF] Request finished HTTP/2 GET https://localhost:7053/swagger/swagger-ui-bundle.js - - - 200 1092889 application/javascript 303.3130ms
2023-06-17 17:57:20.672 -05:00 [INF] Request starting HTTP/2 GET https://localhost:7053/swagger/v1/swagger.json - -
2023-06-17 17:57:20.716 -05:00 [INF] Request starting HTTP/2 GET https://localhost:7053/swagger/favicon-32x32.png - -
2023-06-17 17:57:20.720 -05:00 [INF] Sending file. Request path: '/favicon-32x32.png'. Physical path: 'N/A'
2023-06-17 17:57:20.728 -05:00 [INF] Request finished HTTP/2 GET https://localhost:7053/swagger/favicon-32x32.png - - - 200 628 image/png 11.9718ms
2023-06-17 17:57:21.110 -05:00 [INF] Request finished HTTP/2 GET https://localhost:7053/swagger/v1/swagger.json - - - 200 - application/json;charset=utf-8 438.0462ms
2023-06-17 18:06:23.946 -05:00 [INF] Application is shutting down...
