2023-07-22 13:55:07.719 -05:00 [INF] User profile is available. Using 'C:\Users\AuxiliarN-PC\AppData\Local\ASP.NET\DataProtection-Keys' as key repository and Windows DPAPI to encrypt keys at rest.
2023-07-22 13:55:07.849 -05:00 [INF] Now listening on: https://localhost:7053
2023-07-22 13:55:07.849 -05:00 [INF] Now listening on: http://localhost:5039
2023-07-22 13:55:07.854 -05:00 [INF] Application started. Press Ctrl+C to shut down.
2023-07-22 13:55:07.854 -05:00 [INF] Hosting environment: Development
2023-07-22 13:55:07.855 -05:00 [INF] Content root path: C:\Users\AuxiliarN-PC\RiderProjects\TicketsAPI\TicketsGateway.Api\
2023-07-22 13:55:08.081 -05:00 [INF] Request starting HTTP/2 GET https://localhost:7053/swagger/index.html - -
2023-07-22 13:55:08.187 -05:00 [INF] Request finished HTTP/2 GET https://localhost:7053/swagger/index.html - - - 200 - text/html;charset=utf-8 108.2699ms
2023-07-22 13:55:08.377 -05:00 [INF] Request starting HTTP/2 GET https://localhost:7053/swagger/v1/swagger.json - -
2023-07-22 13:55:08.495 -05:00 [INF] Request finished HTTP/2 GET https://localhost:7053/swagger/v1/swagger.json - - - 200 - application/json;charset=utf-8 117.8823ms
2023-07-22 13:57:37.695 -05:00 [INF] Request starting HTTP/2 GET https://localhost:7053/api/v1/User/FindById/c82a18c6-e473-4976-5f2e-08da35e4eb6f - -
2023-07-22 13:57:38.203 -05:00 [INF] Request:
Protocol: HTTP/2
Method: GET
Scheme: https
PathBase: 
Path: /api/v1/User/FindById/c82a18c6-e473-4976-5f2e-08da35e4eb6f
Accept: text/plain
Host: localhost:7053
User-Agent: Mozilla/5.0 (Windows NT 10.0; Win64; x64) AppleWebKit/537.36 (KHTML, like Gecko) Chrome/114.0.0.0 Safari/537.36 Edg/114.0.1823.82
:method: [Redacted]
Accept-Encoding: gzip, deflate, br, zsdch
Accept-Language: es,es-ES;q=0.9,en;q=0.8,en-GB;q=0.7,en-US;q=0.6
Authorization: [Redacted]
Referer: [Redacted]
sec-ch-ua: [Redacted]
sec-ch-ua-mobile: [Redacted]
sec-ch-ua-platform: [Redacted]
sec-fetch-site: [Redacted]
sec-fetch-mode: [Redacted]
sec-fetch-dest: [Redacted]
2023-07-22 13:57:38.208 -05:00 [INF] Executing endpoint 'TicketsGateway.Api.Controllers.UserController.GetById (TicketsGateway.Api)'
2023-07-22 13:57:38.233 -05:00 [INF] Route matched with {action = "GetById", controller = "User"}. Executing controller action with signature System.Threading.Tasks.Task`1[TicketsGateway.Application.Base.Response`1[TicketsGateway.Application.Security.Http.Dto.UserDto]] GetById(System.Guid) on controller TicketsGateway.Api.Controllers.UserController (TicketsGateway.Api).
2023-07-22 13:57:38.302 -05:00 [INF] Executing ObjectResult, writing value of type 'TicketsGateway.Application.Base.Response`1[[TicketsGateway.Application.Security.Http.Dto.UserDto, TicketsGateway.Application, Version=1.0.0.0, Culture=neutral, PublicKeyToken=null]]'.
2023-07-22 13:57:38.325 -05:00 [INF] Executed action TicketsGateway.Api.Controllers.UserController.GetById (TicketsGateway.Api) in 84.2406ms
2023-07-22 13:57:38.330 -05:00 [INF] Executed endpoint 'TicketsGateway.Api.Controllers.UserController.GetById (TicketsGateway.Api)'
2023-07-22 13:57:38.331 -05:00 [INF] Response:
StatusCode: 200
Content-Type: application/json; charset=utf-8
Date: Sat, 22 Jul 2023 18:57:37 GMT
Server: Kestrel
2023-07-22 13:57:38.334 -05:00 [INF] Request finished HTTP/2 GET https://localhost:7053/api/v1/User/FindById/c82a18c6-e473-4976-5f2e-08da35e4eb6f - - - 200 - application/json;+charset=utf-8 639.2303ms
2023-07-22 15:58:59.844 -05:00 [INF] Request starting HTTP/2 GET https://localhost:7053/swagger/v1/swagger.json - -
2023-07-22 15:58:59.850 -05:00 [INF] Request finished HTTP/2 GET https://localhost:7053/swagger/v1/swagger.json - - - 200 - application/json;charset=utf-8 6.7868ms
2023-07-22 15:59:02.814 -05:00 [INF] Request starting HTTP/2 GET https://localhost:7053/swagger/v1/swagger.json - -
2023-07-22 15:59:02.818 -05:00 [INF] Request finished HTTP/2 GET https://localhost:7053/swagger/v1/swagger.json - - - 200 - application/json;charset=utf-8 4.3322ms
2023-07-22 15:59:02.830 -05:00 [INF] Request starting HTTP/2 GET https://localhost:7053/swagger/v1/swagger.json - -
2023-07-22 15:59:02.834 -05:00 [INF] Request finished HTTP/2 GET https://localhost:7053/swagger/v1/swagger.json - - - 200 - application/json;charset=utf-8 4.2575ms
2023-07-22 16:02:14.377 -05:00 [INF] Request starting HTTP/2 GET https://localhost:7053/swagger/v1/swagger.json - -
2023-07-22 16:02:14.382 -05:00 [INF] Request finished HTTP/2 GET https://localhost:7053/swagger/v1/swagger.json - - - 200 - application/json;charset=utf-8 5.3232ms
2023-07-22 16:02:17.294 -05:00 [INF] Request starting HTTP/2 GET https://localhost:7053/swagger/v1/swagger.json - -
2023-07-22 16:02:17.298 -05:00 [INF] Request finished HTTP/2 GET https://localhost:7053/swagger/v1/swagger.json - - - 200 - application/json;charset=utf-8 3.5911ms
2023-07-22 16:02:17.307 -05:00 [INF] Request starting HTTP/2 GET https://localhost:7053/swagger/v1/swagger.json - -
2023-07-22 16:02:17.310 -05:00 [INF] Request finished HTTP/2 GET https://localhost:7053/swagger/v1/swagger.json - - - 200 - application/json;charset=utf-8 3.8131ms
2023-07-22 16:13:47.459 -05:00 [INF] Request starting HTTP/2 GET https://localhost:7053/swagger/v1/swagger.json - -
2023-07-22 16:13:47.465 -05:00 [INF] Request finished HTTP/2 GET https://localhost:7053/swagger/v1/swagger.json - - - 200 - application/json;charset=utf-8 5.6470ms
2023-07-22 16:13:50.492 -05:00 [INF] Request starting HTTP/2 GET https://localhost:7053/swagger/v1/swagger.json - -
2023-07-22 16:13:50.500 -05:00 [INF] Request finished HTTP/2 GET https://localhost:7053/swagger/v1/swagger.json - - - 200 - application/json;charset=utf-8 7.4364ms
2023-07-22 16:13:50.522 -05:00 [INF] Request starting HTTP/2 GET https://localhost:7053/swagger/v1/swagger.json - -
2023-07-22 16:13:50.529 -05:00 [INF] Request finished HTTP/2 GET https://localhost:7053/swagger/v1/swagger.json - - - 200 - application/json;charset=utf-8 6.7523ms
2023-07-22 18:20:03.939 -05:00 [INF] Request starting HTTP/2 GET https://localhost:7053/swagger/v1/swagger.json - -
2023-07-22 18:20:03.950 -05:00 [INF] Request finished HTTP/2 GET https://localhost:7053/swagger/v1/swagger.json - - - 200 - application/json;charset=utf-8 11.6199ms
2023-07-22 18:20:06.919 -05:00 [INF] Request starting HTTP/2 GET https://localhost:7053/swagger/v1/swagger.json - -
2023-07-22 18:20:06.922 -05:00 [INF] Request finished HTTP/2 GET https://localhost:7053/swagger/v1/swagger.json - - - 200 - application/json;charset=utf-8 3.3648ms
2023-07-22 18:20:06.929 -05:00 [INF] Request starting HTTP/2 GET https://localhost:7053/swagger/v1/swagger.json - -
2023-07-22 18:20:06.932 -05:00 [INF] Request finished HTTP/2 GET https://localhost:7053/swagger/v1/swagger.json - - - 200 - application/json;charset=utf-8 3.4128ms
2023-07-22 19:48:43.612 -05:00 [INF] Request starting HTTP/2 GET https://localhost:7053/swagger/v1/swagger.json - -
2023-07-22 19:48:43.621 -05:00 [INF] Request finished HTTP/2 GET https://localhost:7053/swagger/v1/swagger.json - - - 200 - application/json;charset=utf-8 9.2833ms
2023-07-22 19:48:46.630 -05:00 [INF] Request starting HTTP/2 GET https://localhost:7053/swagger/v1/swagger.json - -
2023-07-22 19:48:46.634 -05:00 [INF] Request finished HTTP/2 GET https://localhost:7053/swagger/v1/swagger.json - - - 200 - application/json;charset=utf-8 4.1415ms
2023-07-22 19:48:46.636 -05:00 [INF] Request starting HTTP/2 GET https://localhost:7053/swagger/v1/swagger.json - -
2023-07-22 19:48:46.641 -05:00 [INF] Request finished HTTP/2 GET https://localhost:7053/swagger/v1/swagger.json - - - 200 - application/json;charset=utf-8 5.3298ms
