2022-10-22 00:28:38.057 -05:00 [INF] User profile is available. Using 'C:\Users\WINDOWS\AppData\Local\ASP.NET\DataProtection-Keys' as key repository and Windows DPAPI to encrypt keys at rest.
2022-10-22 00:28:38.369 -05:00 [INF] Now listening on: http://localhost:5000
2022-10-22 00:28:38.374 -05:00 [INF] Now listening on: https://localhost:5001
2022-10-22 00:28:38.385 -05:00 [INF] Application started. Press Ctrl+C to shut down.
2022-10-22 00:28:38.389 -05:00 [INF] Hosting environment: Production
2022-10-22 00:28:38.393 -05:00 [INF] Content root path: C:\Users\WINDOWS\RiderProjects\TicketsAPI\Api\
2022-10-22 00:31:08.526 -05:00 [INF] Request starting HTTP/1.1 POST https://localhost:5001/api/v1/User/Authenticate application/json 55
2022-10-22 00:31:09.669 -05:00 [INF] Entity Framework Core 6.0.10 initialized 'TicketsContext' using provider 'Oracle.EntityFrameworkCore:6.0.21.1-20220418' with options: MigrationsHistoryTable=_MigrationHistory 
2022-10-22 00:31:09.718 -05:00 [INF] Request:
Protocol: HTTP/1.1
Method: POST
Scheme: https
PathBase: 
Path: /api/v1/User/Authenticate
Accept: */*
Connection: keep-alive
Host: localhost:5001
User-Agent: PostmanRuntime/7.29.2
Accept-Encoding: gzip, deflate, br
Content-Type: application/json
Content-Length: 55
Postman-Token: [Redacted]
2022-10-22 00:31:09.824 -05:00 [INF] Executing endpoint 'TicketsWebServices.Controllers.Security.UserController.Authenticate (Api)'
2022-10-22 00:31:09.851 -05:00 [INF] Route matched with {action = "Authenticate", controller = "User"}. Executing controller action with signature System.Threading.Tasks.Task`1[Application.Base.Response`1[Application.Security.Http.Dto.AuthenticateDto]] Authenticate(Application.Security.Http.Request.AuthenticateRequest) on controller TicketsWebServices.Controllers.Security.UserController (Api).
2022-10-22 00:31:18.480 -05:00 [INF] Executed DbCommand (75ms) [Parameters=[], CommandType='"Text"', CommandTimeout='60']
SELECT "u"."Id", "u"."CreatedBy", "u"."CreatedOn", "u"."LastModifiedBy", "u"."LastModifiedOn", "u"."Name", "u"."Password", "u"."Username"
FROM "User" "u"
