2022-10-22 01:11:24.797 -05:00 [INF] User profile is available. Using 'C:\Users\WINDOWS\AppData\Local\ASP.NET\DataProtection-Keys' as key repository and Windows DPAPI to encrypt keys at rest.
2022-10-22 01:11:25.091 -05:00 [INF] Now listening on: http://localhost:5000
2022-10-22 01:11:25.095 -05:00 [INF] Now listening on: https://localhost:5001
2022-10-22 01:11:25.104 -05:00 [INF] Application started. Press Ctrl+C to shut down.
2022-10-22 01:11:25.108 -05:00 [INF] Hosting environment: Production
2022-10-22 01:11:25.111 -05:00 [INF] Content root path: C:\Users\WINDOWS\RiderProjects\TicketsAPI\Api\
2022-10-22 01:12:10.784 -05:00 [INF] Request starting HTTP/1.1 POST https://localhost:5001/api/v1/User/Authenticate application/json 55
2022-10-22 01:12:12.040 -05:00 [INF] Entity Framework Core 6.0.10 initialized 'TicketsContext' using provider 'Oracle.EntityFrameworkCore:6.0.21.1-20220418' with options: MigrationsHistoryTable=_MigrationHistory 
2022-10-22 01:12:12.091 -05:00 [INF] Request:
Protocol: HTTP/1.1
Method: POST
Scheme: https
PathBase: 
Path: /api/v1/User/Authenticate
Accept: */*
Connection: keep-alive
Host: localhost:5001
User-Agent: PostmanRuntime/7.29.2
Accept-Encoding: gzip, deflate, br
Content-Type: application/json
Content-Length: 55
Postman-Token: [Redacted]
2022-10-22 01:12:12.214 -05:00 [INF] Executing endpoint 'TicketsWebServices.Controllers.Security.UserController.Authenticate (Api)'
2022-10-22 01:12:12.241 -05:00 [INF] Route matched with {action = "Authenticate", controller = "User"}. Executing controller action with signature System.Threading.Tasks.Task`1[Application.Base.Response`1[Application.Security.Http.Dto.AuthenticateDto]] Authenticate(Application.Security.Http.Request.AuthenticateRequest) on controller TicketsWebServices.Controllers.Security.UserController (Api).
2022-10-22 01:12:13.622 -05:00 [INF] Executed DbCommand (102ms) [Parameters=[:ToLower_0='?' (Size = 15), :GetSha256_1='?' (Size = 2000)], CommandType='"Text"', CommandTimeout='60']
SELECT "u"."Id", "u"."CreatedBy", "u"."CreatedOn", "u"."LastModifiedBy", "u"."LastModifiedOn", "u"."Name", "u"."Password", "u"."Username"
FROM "User" "u"
WHERE ((LOWER("u"."Username") = :ToLower_0) AND ("u"."Password" = :GetSha256_1))
FETCH FIRST 2 ROWS ONLY
2022-10-22 01:13:04.505 -05:00 [ERR] Object reference not set to an instance of an object.
System.NullReferenceException: Object reference not set to an instance of an object.
   at Infrastructure.Security.Jwt.JwtUtils`1.GenerateJwtToken(T userDto) in C:\Users\WINDOWS\RiderProjects\TicketsAPI\Infrastructure\Security\Jwt\JwtUtils.cs:line 21
   at Application.Security.Service.Implementation.AuthService.Authenticate(AuthenticateRequest authenticateRequest)
   at TicketsWebServices.Controllers.Security.UserController.Authenticate(AuthenticateRequest authenticateRequest) in C:\Users\WINDOWS\RiderProjects\TicketsAPI\Api\Controllers\Security\UserController.cs:line 28
   at lambda_method54(Closure , Object )
   at Microsoft.AspNetCore.Mvc.Infrastructure.ActionMethodExecutor.AwaitableObjectResultExecutor.Execute(IActionResultTypeMapper mapper, ObjectMethodExecutor executor, Object controller, Object[] arguments)
   at Microsoft.AspNetCore.Mvc.Infrastructure.ControllerActionInvoker.<InvokeActionMethodAsync>g__Awaited|12_0(ControllerActionInvoker invoker, ValueTask`1 actionResultValueTask)
   at Microsoft.AspNetCore.Mvc.Infrastructure.ControllerActionInvoker.<InvokeNextActionFilterAsync>g__Awaited|10_0(ControllerActionInvoker invoker, Task lastTask, State next, Scope scope, Object state, Boolean isCompleted)
   at Microsoft.AspNetCore.Mvc.Infrastructure.ControllerActionInvoker.Rethrow(ActionExecutedContextSealed context)
   at Microsoft.AspNetCore.Mvc.Infrastructure.ControllerActionInvoker.Next(State& next, Scope& scope, Object& state, Boolean& isCompleted)
   at Microsoft.AspNetCore.Mvc.Infrastructure.ControllerActionInvoker.InvokeInnerFilterAsync()
--- End of stack trace from previous location ---
   at Microsoft.AspNetCore.Mvc.Infrastructure.ResourceInvoker.<InvokeNextExceptionFilterAsync>g__Awaited|26_0(ResourceInvoker invoker, Task lastTask, State next, Scope scope, Object state, Boolean isCompleted)
2022-10-22 01:13:04.545 -05:00 [INF] Executing ObjectResult, writing value of type '<>f__AnonymousType1`1[[System.String, System.Private.CoreLib, Version=6.0.0.0, Culture=neutral, PublicKeyToken=7cec85d7bea7798e]]'.
2022-10-22 01:13:04.568 -05:00 [INF] Executed action TicketsWebServices.Controllers.Security.UserController.Authenticate (Api) in 52309.7096ms
2022-10-22 01:13:04.572 -05:00 [INF] Executed endpoint 'TicketsWebServices.Controllers.Security.UserController.Authenticate (Api)'
2022-10-22 01:13:04.575 -05:00 [INF] Response:
StatusCode: 500
Content-Type: application/json; charset=utf-8
Date: Sat, 22 Oct 2022 06:13:04 GMT
Server: Kestrel
Transfer-Encoding: chunked
2022-10-22 01:13:04.598 -05:00 [INF] Request finished HTTP/1.1 POST https://localhost:5001/api/v1/User/Authenticate application/json 55 - 500 - application/json;+charset=utf-8 53817.7789ms
2022-10-22 01:13:06.490 -05:00 [INF] Request starting HTTP/1.1 POST https://localhost:5001/api/v1/User/Authenticate application/json 55
2022-10-22 01:13:06.525 -05:00 [INF] Entity Framework Core 6.0.10 initialized 'TicketsContext' using provider 'Oracle.EntityFrameworkCore:6.0.21.1-20220418' with options: MigrationsHistoryTable=_MigrationHistory 
2022-10-22 01:13:06.529 -05:00 [INF] Request:
Protocol: HTTP/1.1
Method: POST
Scheme: https
PathBase: 
Path: /api/v1/User/Authenticate
Accept: */*
Connection: keep-alive
Host: localhost:5001
User-Agent: PostmanRuntime/7.29.2
Accept-Encoding: gzip, deflate, br
Content-Type: application/json
Content-Length: 55
Postman-Token: [Redacted]
2022-10-22 01:13:06.533 -05:00 [INF] Executing endpoint 'TicketsWebServices.Controllers.Security.UserController.Authenticate (Api)'
2022-10-22 01:13:06.536 -05:00 [INF] Route matched with {action = "Authenticate", controller = "User"}. Executing controller action with signature System.Threading.Tasks.Task`1[Application.Base.Response`1[Application.Security.Http.Dto.AuthenticateDto]] Authenticate(Application.Security.Http.Request.AuthenticateRequest) on controller TicketsWebServices.Controllers.Security.UserController (Api).
2022-10-22 01:13:06.608 -05:00 [INF] Executed DbCommand (4ms) [Parameters=[:ToLower_0='?' (Size = 15), :GetSha256_1='?' (Size = 2000)], CommandType='"Text"', CommandTimeout='60']
SELECT "u"."Id", "u"."CreatedBy", "u"."CreatedOn", "u"."LastModifiedBy", "u"."LastModifiedOn", "u"."Name", "u"."Password", "u"."Username"
FROM "User" "u"
WHERE ((LOWER("u"."Username") = :ToLower_0) AND ("u"."Password" = :GetSha256_1))
FETCH FIRST 2 ROWS ONLY
2022-10-22 01:13:06.897 -05:00 [INF] Executed DbCommand (41ms) [Parameters=[:id_0='?' (Size = 16) (DbType = Binary)], CommandType='"Text"', CommandTimeout='60']
SELECT "t"."Id", "t"."CreatedBy", "t"."CreatedOn", "t"."LastModifiedBy", "t"."LastModifiedOn", "t"."Name", "t"."Password", "t"."Username", "t0"."RoleId", "t0"."UserId", "t0"."CreatedBy", "t0"."CreatedOn", "t0"."Id", "t0"."LastModifiedBy", "t0"."LastModifiedOn", "t0"."Id0", "t0"."CreatedBy0", "t0"."CreatedOn0", "t0"."LastModifiedBy0", "t0"."LastModifiedOn0", "t0"."RoleName"
FROM (
    SELECT "u"."Id", "u"."CreatedBy", "u"."CreatedOn", "u"."LastModifiedBy", "u"."LastModifiedOn", "u"."Name", "u"."Password", "u"."Username"
    FROM "User" "u"
    WHERE "u"."Id" = :id_0
    FETCH FIRST 1 ROWS ONLY
    ) "t"
    LEFT JOIN (
        SELECT "u0"."RoleId", "u0"."UserId", "u0"."CreatedBy", "u0"."CreatedOn", "u0"."Id", "u0"."LastModifiedBy", "u0"."LastModifiedOn", "r"."Id" "Id0", "r"."CreatedBy" "CreatedBy0", "r"."CreatedOn" "CreatedOn0", "r"."LastModifiedBy" "LastModifiedBy0", "r"."LastModifiedOn" "LastModifiedOn0", "r"."RoleName"
        FROM "UserRole" "u0"
        INNER JOIN "Role" "r" ON "u0"."RoleId" = "r"."Id"
        ) "t0" ON "t"."Id" = "t0"."UserId"
        ORDER BY "t"."Id", "t0"."RoleId", "t0"."UserId"
2022-10-22 01:13:07.103 -05:00 [INF] Executed DbCommand (5ms) [Parameters=[:user_Id_0='?' (Size = 16) (DbType = Binary)], CommandType='"Text"', CommandTimeout='60']
SELECT "u"."RoleId", "u"."UserId", "u"."CreatedBy", "u"."CreatedOn", "u"."Id", "u"."LastModifiedBy", "u"."LastModifiedOn", "r"."Id", "r"."CreatedBy", "r"."CreatedOn", "r"."LastModifiedBy", "r"."LastModifiedOn", "r"."RoleName"
FROM "UserRole" "u"
INNER JOIN "Role" "r" ON "u"."RoleId" = "r"."Id"
WHERE "u"."UserId" = :user_Id_0
2022-10-22 01:13:07.267 -05:00 [INF] Executed DbCommand (6ms) [Parameters=[:userDtoRole_Id_0='?' (Size = 16) (DbType = Binary)], CommandType='"Text"', CommandTimeout='60']
SELECT "m"."RoleId", "m"."MenuItemId", "m"."CreatedBy", "m"."CreatedOn", "m"."Id", "m"."LastModifiedBy", "m"."LastModifiedOn"
FROM "MenuItemRole" "m"
WHERE "m"."RoleId" = :userDtoRole_Id_0
2022-10-22 01:13:07.307 -05:00 [INF] Executed DbCommand (5ms) [Parameters=[:r_MenuItemId_0='?' (Size = 16) (DbType = Binary)], CommandType='"Text"', CommandTimeout='60']
SELECT "m"."Id", "m"."CreatedBy", "m"."CreatedOn", "m"."Icon", "m"."Label", "m"."LastModifiedBy", "m"."LastModifiedOn", "m"."Order", "m"."RouterLink"
FROM "MenuItem" "m"
WHERE "m"."Id" = :r_MenuItemId_0
ORDER BY "m"."Order"
2022-10-22 01:13:07.346 -05:00 [INF] Executed DbCommand (6ms) [Parameters=[:r_MenuItemId_0='?' (Size = 16) (DbType = Binary)], CommandType='"Text"', CommandTimeout='60']
SELECT "m"."Id", "m"."CreatedBy", "m"."CreatedOn", "m"."Icon", "m"."Label", "m"."LastModifiedBy", "m"."LastModifiedOn", "m"."Order", "m"."RouterLink"
FROM "MenuItem" "m"
WHERE "m"."Id" = :r_MenuItemId_0
ORDER BY "m"."Order"
2022-10-22 01:13:07.566 -05:00 [INF] Executing ObjectResult, writing value of type 'Application.Base.Response`1[[Application.Security.Http.Dto.AuthenticateDto, Application, Version=1.0.0.0, Culture=neutral, PublicKeyToken=null]]'.
2022-10-22 01:13:07.597 -05:00 [INF] Executed action TicketsWebServices.Controllers.Security.UserController.Authenticate (Api) in 1055.8844ms
2022-10-22 01:13:07.599 -05:00 [INF] Executed endpoint 'TicketsWebServices.Controllers.Security.UserController.Authenticate (Api)'
2022-10-22 01:13:07.600 -05:00 [INF] Response:
StatusCode: 200
Content-Type: application/json; charset=utf-8
Date: Sat, 22 Oct 2022 06:13:07 GMT
Server: Kestrel
Transfer-Encoding: chunked
2022-10-22 01:13:07.602 -05:00 [INF] Request finished HTTP/1.1 POST https://localhost:5001/api/v1/User/Authenticate application/json 55 - 200 - application/json;+charset=utf-8 1112.0383ms
