2022-10-22 22:54:33.381 -05:00 [INF] User profile is available. Using 'C:\Users\WINDOWS\AppData\Local\ASP.NET\DataProtection-Keys' as key repository and Windows DPAPI to encrypt keys at rest.
2022-10-22 22:54:33.550 -05:00 [INF] Now listening on: http://localhost:5000
2022-10-22 22:54:33.551 -05:00 [INF] Now listening on: https://localhost:5001
2022-10-22 22:54:33.559 -05:00 [INF] Application started. Press Ctrl+C to shut down.
2022-10-22 22:54:33.560 -05:00 [INF] Hosting environment: Production
2022-10-22 22:54:33.561 -05:00 [INF] Content root path: C:\Users\WINDOWS\RiderProjects\TicketsAPI\Api\
2022-10-22 22:54:35.117 -05:00 [INF] Request starting HTTP/1.1 GET https://localhost:5001/api/v1/Ticket/All - -
2022-10-22 22:54:36.255 -05:00 [INF] Entity Framework Core 6.0.10 initialized 'TicketsContext' using provider 'Oracle.EntityFrameworkCore:6.0.21.1-20220418' with options: MigrationsHistoryTable=_MigrationHistory 
2022-10-22 22:54:37.436 -05:00 [INF] Executed DbCommand (110ms) [Parameters=[:userId_0='?' (Size = 16) (DbType = Binary)], CommandType='"Text"', CommandTimeout='0']
SELECT "t"."Id", "t"."CreatedBy", "t"."CreatedOn", "t"."LastModifiedBy", "t"."LastModifiedOn", "t"."Name", "t"."Password", "t"."Username", "u0"."RoleId", "u0"."UserId", "u0"."CreatedBy", "u0"."CreatedOn", "u0"."Id", "u0"."LastModifiedBy", "u0"."LastModifiedOn"
FROM (
    SELECT "u"."Id", "u"."CreatedBy", "u"."CreatedOn", "u"."LastModifiedBy", "u"."LastModifiedOn", "u"."Name", "u"."Password", "u"."Username"
    FROM "User" "u"
    WHERE "u"."Id" = :userId_0
    FETCH FIRST 1 ROWS ONLY
    ) "t"
    LEFT JOIN "UserRole" "u0" ON "t"."Id" = "u0"."UserId"
    ORDER BY "t"."Id", "u0"."RoleId"
2022-10-22 22:54:37.660 -05:00 [INF] Executed DbCommand (1ms) [Parameters=[:user_Id_0='?' (Size = 16) (DbType = Binary)], CommandType='"Text"', CommandTimeout='0']
SELECT "r"."Id", "r"."CreatedBy", "r"."CreatedOn", "r"."LastModifiedBy", "r"."LastModifiedOn", "r"."RoleName"
FROM "UserRole" "u"
INNER JOIN "Role" "r" ON "u"."RoleId" = "r"."Id"
WHERE "u"."UserId" = :user_Id_0
2022-10-22 22:54:37.719 -05:00 [INF] Request:
Protocol: HTTP/1.1
Method: GET
Scheme: https
PathBase: 
Path: /api/v1/Ticket/All
Accept: */*
Connection: keep-alive
Host: localhost:5001
User-Agent: PostmanRuntime/7.29.2
Accept-Encoding: gzip, deflate, br
Authorization: [Redacted]
Postman-Token: [Redacted]
2022-10-22 22:54:37.750 -05:00 [INF] Executing endpoint 'TicketsWebServices.Controllers.Tickets.TicketController.GetAll (Api)'
2022-10-22 22:54:37.763 -05:00 [INF] Route matched with {action = "GetAll", controller = "Ticket"}. Executing controller action with signature System.Threading.Tasks.Task`1[Application.Base.Response`1[System.Collections.Generic.IEnumerable`1[Application.Tickets.Http.Dto.TicketDto]]] GetAll() on controller TicketsWebServices.Controllers.Tickets.TicketController (Api).
2022-10-22 22:54:40.094 -05:00 [ERR] ORA-12154: TNS:could not resolve the connect identifier specified
Oracle.ManagedDataAccess.Client.OracleException (0x80004005): ORA-12154: TNS:could not resolve the connect identifier specified
 ---> OracleInternal.Network.NetworkException (0x00002F7A): ORA-12154: TNS:could not resolve the connect identifier specified
   at OracleInternal.Network.AddressResolution..ctor(String TNSAlias, SqlNetOraConfig SNOConfig, Hashtable ObTnsHT, Hashtable ObLdpHT, String instanceName, ConnectionOption CO, String ShardingKeyB64, String SuperShardingKeyB64, String ServerIs)
   at OracleInternal.Network.OracleCommunication.Resolve(String tnsAlias, ConnectionOption& CO)
   at OracleInternal.ConnectionPool.PoolManager`3.ResolveTnsAlias(ConnectionString cs, Object OC)
   at OracleInternal.ServiceObjects.OracleConnectionImpl.Connect(ConnectionString cs, Boolean bOpenEndUserSession, OracleConnection connRefForCriteria, String instanceName)
   at OracleInternal.ConnectionPool.PoolManager`3.Get(ConnectionString csWithDiffOrNewPwd, Boolean bGetForApp, OracleConnection connRefForCriteria, String affinityInstanceName, Boolean bForceMatch)
   at OracleInternal.ConnectionPool.OraclePoolManager.Get(ConnectionString csWithNewPassword, Boolean bGetForApp, OracleConnection connRefForCriteria, String affinityInstanceName, Boolean bForceMatch)
   at OracleInternal.ConnectionPool.OracleConnectionDispenser`3.Get(ConnectionString cs, PM conPM, ConnectionString pmCS, SecureString securedPassword, SecureString securedProxyPassword, OracleConnection connRefForCriteria)
   at Oracle.ManagedDataAccess.Client.OracleConnection.Open()
   at Infrastructure.Persistence.Factory.ConnectionFactory.get_Connection() in C:\Users\WINDOWS\RiderProjects\TicketsAPI\Infrastructure\Persistence\Factory\ConnectionFactory.cs:line 21
   at Infrastructure.Persistence.UnitOfWork.UnitOfWork.get_TicketRepository() in C:\Users\WINDOWS\RiderProjects\TicketsAPI\Infrastructure\Persistence\UnitOfWork\UnitOfWork.cs:line 32
   at Application.Tickets.Service.Implementation.TicketService..ctor(IUnitOfWork unitOfWork, IMapper mapper, ILogger`1 logger) in C:\Users\WINDOWS\RiderProjects\TicketsAPI\Application\Tickets\Service\Implementation\TicketService.cs:line 21
   at System.RuntimeMethodHandle.InvokeMethod(Object target, Span`1& arguments, Signature sig, Boolean constructor, Boolean wrapExceptions)
   at System.Reflection.RuntimeConstructorInfo.Invoke(BindingFlags invokeAttr, Binder binder, Object[] parameters, CultureInfo culture)
   at Microsoft.Extensions.DependencyInjection.ServiceLookup.CallSiteRuntimeResolver.VisitConstructor(ConstructorCallSite constructorCallSite, RuntimeResolverContext context)
   at Microsoft.Extensions.DependencyInjection.ServiceLookup.CallSiteVisitor`2.VisitCallSiteMain(ServiceCallSite callSite, TArgument argument)
   at Microsoft.Extensions.DependencyInjection.ServiceLookup.CallSiteRuntimeResolver.VisitDisposeCache(ServiceCallSite transientCallSite, RuntimeResolverContext context)
   at Microsoft.Extensions.DependencyInjection.ServiceLookup.CallSiteVisitor`2.VisitCallSite(ServiceCallSite callSite, TArgument argument)
   at Microsoft.Extensions.DependencyInjection.ServiceLookup.CallSiteRuntimeResolver.Resolve(ServiceCallSite callSite, ServiceProviderEngineScope scope)
   at Microsoft.Extensions.DependencyInjection.ServiceLookup.DynamicServiceProviderEngine.<>c__DisplayClass2_0.<RealizeService>b__0(ServiceProviderEngineScope scope)
   at Microsoft.Extensions.DependencyInjection.ServiceProvider.GetService(Type serviceType, ServiceProviderEngineScope serviceProviderEngineScope)
   at Microsoft.Extensions.DependencyInjection.ServiceLookup.ServiceProviderEngineScope.GetService(Type serviceType)
   at Microsoft.Extensions.DependencyInjection.ActivatorUtilities.GetService(IServiceProvider sp, Type type, Type requiredBy, Boolean isDefaultParameterRequired)
   at lambda_method213(Closure , IServiceProvider , Object[] )
   at Microsoft.AspNetCore.Mvc.Controllers.ControllerActivatorProvider.<>c__DisplayClass7_0.<CreateActivator>b__0(ControllerContext controllerContext)
   at Microsoft.AspNetCore.Mvc.Controllers.ControllerFactoryProvider.<>c__DisplayClass6_0.<CreateControllerFactory>g__CreateController|0(ControllerContext controllerContext)
   at Microsoft.AspNetCore.Mvc.Infrastructure.ControllerActionInvoker.Next(State& next, Scope& scope, Object& state, Boolean& isCompleted)
   at Microsoft.AspNetCore.Mvc.Infrastructure.ControllerActionInvoker.InvokeInnerFilterAsync()
--- End of stack trace from previous location ---
   at Microsoft.AspNetCore.Mvc.Infrastructure.ResourceInvoker.<InvokeNextExceptionFilterAsync>g__Awaited|26_0(ResourceInvoker invoker, Task lastTask, State next, Scope scope, Object state, Boolean isCompleted)
2022-10-22 22:54:40.146 -05:00 [INF] Executing ObjectResult, writing value of type '<>f__AnonymousType1`1[[System.String, System.Private.CoreLib, Version=6.0.0.0, Culture=neutral, PublicKeyToken=7cec85d7bea7798e]]'.
2022-10-22 22:54:40.168 -05:00 [INF] Executed action TicketsWebServices.Controllers.Tickets.TicketController.GetAll (Api) in 2392.2126ms
2022-10-22 22:54:40.170 -05:00 [INF] Executed endpoint 'TicketsWebServices.Controllers.Tickets.TicketController.GetAll (Api)'
2022-10-22 22:54:40.172 -05:00 [INF] Response:
StatusCode: 500
Content-Type: application/json; charset=utf-8
Date: Sun, 23 Oct 2022 03:54:39 GMT
Server: Kestrel
Transfer-Encoding: chunked
2022-10-22 22:54:40.183 -05:00 [INF] Request finished HTTP/1.1 GET https://localhost:5001/api/v1/Ticket/All - - - 500 - application/json;+charset=utf-8 5070.6830ms
2022-10-22 22:55:13.571 -05:00 [INF] Application is shutting down...
