2022-10-23 21:26:53.316 -05:00 [INF] Entity Framework Core 6.0.10 initialized 'TicketsContext' using provider 'Oracle.EntityFrameworkCore:6.0.21.1-20220418' with options: MigrationsHistoryTable=_MigrationHistory OracleSQLCompatibility=11 
2022-10-23 21:26:53.917 -05:00 [INF] Executed DbCommand (74ms) [Parameters=[], CommandType='"Text"', CommandTimeout='0']
SELECT t.table_name FROM user_tables t WHERE t.table_name = N'_MigrationHistory'
2022-10-23 21:26:53.993 -05:00 [INF] Executed DbCommand (1ms) [Parameters=[], CommandType='"Text"', CommandTimeout='0']
SELECT t.table_name FROM user_tables t WHERE t.table_name = N'_MigrationHistory'
2022-10-23 21:26:54.051 -05:00 [INF] Executed DbCommand (9ms) [Parameters=[], CommandType='"Text"', CommandTimeout='0']
SELECT "MigrationId", "ProductVersion"
FROM "_MigrationHistory"
ORDER BY "MigrationId"
2022-10-23 21:26:54.076 -05:00 [INF] Applying migration '20221024022642_Ticket id column type fixed'.
2022-10-23 21:26:54.186 -05:00 [INF] Executed DbCommand (34ms) [Parameters=[], CommandType='"Text"', CommandTimeout='0']
declare
   l_nullable user_tab_columns.nullable % type;
begin 
   select nullable into l_nullable 
   from user_tab_columns 
  where table_name = 'Ticket' 
  and column_name = 'Id' 
;
   if l_nullable = 'N' then 
        EXECUTE IMMEDIATE 'ALTER TABLE "Ticket" MODIFY "Id" RAW(16) ';
 else 
        EXECUTE IMMEDIATE 'ALTER TABLE "Ticket" MODIFY "Id" RAW(16) NOT NULL';
 end if;
end;
2022-10-23 21:26:54.190 -05:00 [INF] Executed DbCommand (1ms) [Parameters=[], CommandType='"Text"', CommandTimeout='0']
INSERT INTO "_MigrationHistory" ("MigrationId", "ProductVersion")
VALUES (N'20221024022642_Ticket id column type fixed', N'6.0.10')
