2022-10-23 20:29:59.651 -05:00 [INF] User profile is available. Using 'C:\Users\WINDOWS\AppData\Local\ASP.NET\DataProtection-Keys' as key repository and Windows DPAPI to encrypt keys at rest.
2022-10-23 20:29:59.809 -05:00 [INF] Now listening on: https://localhost:7055
2022-10-23 20:29:59.810 -05:00 [INF] Now listening on: http://localhost:5286
2022-10-23 20:29:59.815 -05:00 [INF] Application started. Press Ctrl+C to shut down.
2022-10-23 20:29:59.820 -05:00 [INF] Hosting environment: Development
2022-10-23 20:29:59.821 -05:00 [INF] Content root path: C:\Users\WINDOWS\RiderProjects\TicketsAPI\APi\
2022-10-23 20:30:01.995 -05:00 [INF] Request starting HTTP/2 POST https://localhost:7055/api/v1/Ticket/Create application/json 156
2022-10-23 20:30:03.601 -05:00 [INF] Entity Framework Core 6.0.10 initialized 'TicketsContext' using provider 'Oracle.EntityFrameworkCore:6.0.21.1-20220418' with options: MigrationsHistoryTable=_MigrationHistory OracleSQLCompatibility=11 
2022-10-23 20:30:04.588 -05:00 [INF] Executed DbCommand (97ms) [Parameters=[:userId_0='?' (Size = 16) (DbType = Binary)], CommandType='"Text"', CommandTimeout='0']
SELECT "t"."Id", "t"."CreatedBy", "t"."CreatedOn", "t"."LastModifiedBy", "t"."LastModifiedOn", "t"."Name", "t"."Password", "t"."Username", "u0"."RoleId", "u0"."UserId", "u0"."CreatedBy", "u0"."CreatedOn", "u0"."Id", "u0"."LastModifiedBy", "u0"."LastModifiedOn"
FROM (
    SELECT "u"."Id", "u"."CreatedBy", "u"."CreatedOn", "u"."LastModifiedBy", "u"."LastModifiedOn", "u"."Name", "u"."Password", "u"."Username"
    FROM "User" "u"
    WHERE ("u"."Id" = :userId_0)
    and rownum <= 1
) "t"
LEFT JOIN "UserRole" "u0" ON ("t"."Id" = "u0"."UserId")

ORDER BY "t"."Id", "u0"."RoleId"
2022-10-23 20:30:04.784 -05:00 [INF] Executed DbCommand (1ms) [Parameters=[:user_Id_0='?' (Size = 16) (DbType = Binary)], CommandType='"Text"', CommandTimeout='0']
SELECT "r"."Id", "r"."CreatedBy", "r"."CreatedOn", "r"."LastModifiedBy", "r"."LastModifiedOn", "r"."RoleName"
FROM "UserRole" "u"
INNER JOIN "Role" "r" ON ("u"."RoleId" = "r"."Id")
WHERE ("u"."UserId" = :user_Id_0)
2022-10-23 20:30:04.810 -05:00 [INF] CORS policy execution successful.
2022-10-23 20:30:04.831 -05:00 [INF] Request:
Protocol: HTTP/2
Method: POST
Scheme: https
PathBase: 
Path: /api/v1/Ticket/Create
Accept: text/plain
Host: localhost:7055
User-Agent: Mozilla/5.0 (Windows NT 10.0; Win64; x64) AppleWebKit/537.36 (KHTML, like Gecko) Chrome/106.0.0.0 Safari/537.36 Edg/106.0.1370.52
:method: [Redacted]
Accept-Encoding: gzip, deflate, br
Accept-Language: es,es-ES;q=0.9,en;q=0.8,en-GB;q=0.7,en-US;q=0.6
Authorization: [Redacted]
Content-Type: application/json
Origin: [Redacted]
Referer: [Redacted]
Content-Length: 156
sec-ch-ua: [Redacted]
sec-ch-ua-mobile: [Redacted]
sec-ch-ua-platform: [Redacted]
sec-fetch-site: [Redacted]
sec-fetch-mode: [Redacted]
sec-fetch-dest: [Redacted]
2022-10-23 20:30:04.853 -05:00 [INF] Executing endpoint 'TicketsWebServices.Controllers.Tickets.TicketController.Create (Api)'
2022-10-23 20:30:04.875 -05:00 [INF] Route matched with {action = "Create", controller = "Ticket"}. Executing controller action with signature System.Threading.Tasks.Task`1[Application.Base.Response`1[Application.Tickets.Http.Dto.TicketDto]] Create(Application.Tickets.Http.Request.TicketRequest) on controller TicketsWebServices.Controllers.Tickets.TicketController (Api).
2022-10-23 20:30:05.079 -05:00 [INF] Executed DbCommand (4ms) [Parameters=[:request_GeneratedBy_0='?' (Size = 15)], CommandType='"Text"', CommandTimeout='0']
SELECT "u"."Id", "u"."CreatedBy", "u"."CreatedOn", "u"."LastModifiedBy", "u"."LastModifiedOn", "u"."Name", "u"."Password", "u"."Username"
FROM "User" "u"
WHERE ("u"."Username" = :request_GeneratedBy_0)
and rownum <= 1
2022-10-23 20:30:05.089 -05:00 [ERR] Ocurrió un error Object of type 'Application.Security.Http.Dto.UserDto' cannot be converted to type 'System.String'.
2022-10-23 20:30:05.096 -05:00 [INF] Executing ObjectResult, writing value of type 'Application.Base.Response`1[[Application.Tickets.Http.Dto.TicketDto, Application, Version=1.0.0.0, Culture=neutral, PublicKeyToken=null]]'.
2022-10-23 20:30:05.124 -05:00 [INF] Executed action TicketsWebServices.Controllers.Tickets.TicketController.Create (Api) in 235.6783ms
2022-10-23 20:30:05.125 -05:00 [INF] Executed endpoint 'TicketsWebServices.Controllers.Tickets.TicketController.Create (Api)'
2022-10-23 20:30:05.126 -05:00 [INF] Response:
StatusCode: 200
Content-Type: application/json; charset=utf-8
Date: Mon, 24 Oct 2022 01:30:04 GMT
Server: Kestrel
Access-Control-Allow-Origin: [Redacted]
2022-10-23 20:30:05.133 -05:00 [INF] Request finished HTTP/2 POST https://localhost:7055/api/v1/Ticket/Create application/json 156 - 200 - application/json;+charset=utf-8 3145.6205ms
2022-10-23 20:30:21.564 -05:00 [INF] Application is shutting down...
