2022-10-22 00:50:32.952 -05:00 [INF] User profile is available. Using 'C:\Users\WINDOWS\AppData\Local\ASP.NET\DataProtection-Keys' as key repository and Windows DPAPI to encrypt keys at rest.
2022-10-22 00:50:33.277 -05:00 [INF] Now listening on: http://localhost:5000
2022-10-22 00:50:33.281 -05:00 [INF] Now listening on: https://localhost:5001
2022-10-22 00:50:33.290 -05:00 [INF] Application started. Press Ctrl+C to shut down.
2022-10-22 00:50:33.294 -05:00 [INF] Hosting environment: Production
2022-10-22 00:50:33.298 -05:00 [INF] Content root path: C:\Users\WINDOWS\RiderProjects\TicketsAPI\Api\
2022-10-22 00:54:31.289 -05:00 [INF] Request starting HTTP/1.1 POST https://localhost:5001/api/v1/User/Authenticate application/json 55
2022-10-22 00:54:32.454 -05:00 [INF] Entity Framework Core 6.0.10 initialized 'TicketsContext' using provider 'Oracle.EntityFrameworkCore:6.0.21.1-20220418' with options: MigrationsHistoryTable=_MigrationHistory 
2022-10-22 00:54:32.506 -05:00 [INF] Request:
Protocol: HTTP/1.1
Method: POST
Scheme: https
PathBase: 
Path: /api/v1/User/Authenticate
Accept: */*
Connection: keep-alive
Host: localhost:5001
User-Agent: PostmanRuntime/7.29.2
Accept-Encoding: gzip, deflate, br
Content-Type: application/json
Content-Length: 55
Postman-Token: [Redacted]
2022-10-22 00:54:32.602 -05:00 [INF] Executing endpoint 'TicketsWebServices.Controllers.Security.UserController.Authenticate (Api)'
2022-10-22 00:54:32.629 -05:00 [INF] Route matched with {action = "Authenticate", controller = "User"}. Executing controller action with signature System.Threading.Tasks.Task`1[Application.Base.Response`1[Application.Security.Http.Dto.AuthenticateDto]] Authenticate(Application.Security.Http.Request.AuthenticateRequest) on controller TicketsWebServices.Controllers.Security.UserController (Api).
2022-10-22 00:58:02.575 -05:00 [INF] Executed DbCommand (95ms) [Parameters=[:ToLower_0='?' (Size = 15), :GetSha256_1='?' (Size = 2000)], CommandType='"Text"', CommandTimeout='60']
SELECT "u"."Id", "u"."CreatedBy", "u"."CreatedOn", "u"."LastModifiedBy", "u"."LastModifiedOn", "u"."Name", "u"."Password", "u"."Username"
FROM "User" "u"
WHERE ((LOWER("u"."Username") = :ToLower_0) AND ("u"."Password" = :GetSha256_1))
FETCH FIRST 2 ROWS ONLY
2022-10-22 00:58:12.269 -05:00 [ERR] Object reference not set to an instance of an object.
System.NullReferenceException: Object reference not set to an instance of an object.
   at Infrastructure.Security.Jwt.JwtUtils`1.GenerateJwtToken(T userDto) in C:\Users\WINDOWS\RiderProjects\TicketsAPI\Infrastructure\Security\Jwt\JwtUtils.cs:line 21
   at Application.Security.Service.Implementation.AuthService.Authenticate(AuthenticateRequest authenticateRequest) in C:\Users\WINDOWS\RiderProjects\TicketsAPI\Application\Security\Service\Implementation\AuthService.cs:line 44
   at TicketsWebServices.Controllers.Security.UserController.Authenticate(AuthenticateRequest authenticateRequest) in C:\Users\WINDOWS\RiderProjects\TicketsAPI\Api\Controllers\Security\UserController.cs:line 28
   at lambda_method54(Closure , Object )
   at Microsoft.AspNetCore.Mvc.Infrastructure.ActionMethodExecutor.AwaitableObjectResultExecutor.Execute(IActionResultTypeMapper mapper, ObjectMethodExecutor executor, Object controller, Object[] arguments)
   at Microsoft.AspNetCore.Mvc.Infrastructure.ControllerActionInvoker.<InvokeActionMethodAsync>g__Awaited|12_0(ControllerActionInvoker invoker, ValueTask`1 actionResultValueTask)
   at Microsoft.AspNetCore.Mvc.Infrastructure.ControllerActionInvoker.<InvokeNextActionFilterAsync>g__Awaited|10_0(ControllerActionInvoker invoker, Task lastTask, State next, Scope scope, Object state, Boolean isCompleted)
   at Microsoft.AspNetCore.Mvc.Infrastructure.ControllerActionInvoker.Rethrow(ActionExecutedContextSealed context)
   at Microsoft.AspNetCore.Mvc.Infrastructure.ControllerActionInvoker.Next(State& next, Scope& scope, Object& state, Boolean& isCompleted)
   at Microsoft.AspNetCore.Mvc.Infrastructure.ControllerActionInvoker.InvokeInnerFilterAsync()
--- End of stack trace from previous location ---
   at Microsoft.AspNetCore.Mvc.Infrastructure.ResourceInvoker.<InvokeNextExceptionFilterAsync>g__Awaited|26_0(ResourceInvoker invoker, Task lastTask, State next, Scope scope, Object state, Boolean isCompleted)
2022-10-22 00:58:12.308 -05:00 [INF] Executing ObjectResult, writing value of type '<>f__AnonymousType1`1[[System.String, System.Private.CoreLib, Version=6.0.0.0, Culture=neutral, PublicKeyToken=7cec85d7bea7798e]]'.
2022-10-22 00:58:12.333 -05:00 [INF] Executed action TicketsWebServices.Controllers.Security.UserController.Authenticate (Api) in 219690.7302ms
2022-10-22 00:58:12.337 -05:00 [INF] Executed endpoint 'TicketsWebServices.Controllers.Security.UserController.Authenticate (Api)'
2022-10-22 00:58:12.339 -05:00 [INF] Response:
StatusCode: 500
Content-Type: application/json; charset=utf-8
Date: Sat, 22 Oct 2022 05:58:12 GMT
Server: Kestrel
Transfer-Encoding: chunked
2022-10-22 00:58:12.351 -05:00 [INF] Request finished HTTP/1.1 POST https://localhost:5001/api/v1/User/Authenticate application/json 55 - 500 - application/json;+charset=utf-8 221065.6265ms
2022-10-22 00:58:41.661 -05:00 [INF] Request starting HTTP/1.1 POST https://localhost:5001/api/v1/User/Authenticate application/json 55
2022-10-22 00:58:41.697 -05:00 [INF] Entity Framework Core 6.0.10 initialized 'TicketsContext' using provider 'Oracle.EntityFrameworkCore:6.0.21.1-20220418' with options: MigrationsHistoryTable=_MigrationHistory 
2022-10-22 00:58:41.706 -05:00 [INF] Request:
Protocol: HTTP/1.1
Method: POST
Scheme: https
PathBase: 
Path: /api/v1/User/Authenticate
Accept: */*
Connection: keep-alive
Host: localhost:5001
User-Agent: PostmanRuntime/7.29.2
Accept-Encoding: gzip, deflate, br
Content-Type: application/json
Content-Length: 55
Postman-Token: [Redacted]
2022-10-22 00:58:41.709 -05:00 [INF] Executing endpoint 'TicketsWebServices.Controllers.Security.UserController.Authenticate (Api)'
2022-10-22 00:58:41.711 -05:00 [INF] Route matched with {action = "Authenticate", controller = "User"}. Executing controller action with signature System.Threading.Tasks.Task`1[Application.Base.Response`1[Application.Security.Http.Dto.AuthenticateDto]] Authenticate(Application.Security.Http.Request.AuthenticateRequest) on controller TicketsWebServices.Controllers.Security.UserController (Api).
2022-10-22 00:58:45.529 -05:00 [INF] Executed DbCommand (5ms) [Parameters=[:ToLower_0='?' (Size = 15), :GetSha256_1='?' (Size = 2000)], CommandType='"Text"', CommandTimeout='60']
SELECT "u"."Id", "u"."CreatedBy", "u"."CreatedOn", "u"."LastModifiedBy", "u"."LastModifiedOn", "u"."Name", "u"."Password", "u"."Username"
FROM "User" "u"
WHERE ((LOWER("u"."Username") = :ToLower_0) AND ("u"."Password" = :GetSha256_1))
FETCH FIRST 2 ROWS ONLY
2022-10-22 00:58:45.735 -05:00 [ERR] Object reference not set to an instance of an object.
System.NullReferenceException: Object reference not set to an instance of an object.
   at Infrastructure.Security.Jwt.JwtUtils`1.GenerateJwtToken(T userDto) in C:\Users\WINDOWS\RiderProjects\TicketsAPI\Infrastructure\Security\Jwt\JwtUtils.cs:line 21
   at Application.Security.Service.Implementation.AuthService.Authenticate(AuthenticateRequest authenticateRequest) in C:\Users\WINDOWS\RiderProjects\TicketsAPI\Application\Security\Service\Implementation\AuthService.cs:line 44
   at TicketsWebServices.Controllers.Security.UserController.Authenticate(AuthenticateRequest authenticateRequest) in C:\Users\WINDOWS\RiderProjects\TicketsAPI\Api\Controllers\Security\UserController.cs:line 28
   at lambda_method54(Closure , Object )
   at Microsoft.AspNetCore.Mvc.Infrastructure.ActionMethodExecutor.AwaitableObjectResultExecutor.Execute(IActionResultTypeMapper mapper, ObjectMethodExecutor executor, Object controller, Object[] arguments)
   at Microsoft.AspNetCore.Mvc.Infrastructure.ControllerActionInvoker.<InvokeActionMethodAsync>g__Awaited|12_0(ControllerActionInvoker invoker, ValueTask`1 actionResultValueTask)
   at Microsoft.AspNetCore.Mvc.Infrastructure.ControllerActionInvoker.<InvokeNextActionFilterAsync>g__Awaited|10_0(ControllerActionInvoker invoker, Task lastTask, State next, Scope scope, Object state, Boolean isCompleted)
   at Microsoft.AspNetCore.Mvc.Infrastructure.ControllerActionInvoker.Rethrow(ActionExecutedContextSealed context)
   at Microsoft.AspNetCore.Mvc.Infrastructure.ControllerActionInvoker.Next(State& next, Scope& scope, Object& state, Boolean& isCompleted)
   at Microsoft.AspNetCore.Mvc.Infrastructure.ControllerActionInvoker.InvokeInnerFilterAsync()
--- End of stack trace from previous location ---
   at Microsoft.AspNetCore.Mvc.Infrastructure.ResourceInvoker.<InvokeNextExceptionFilterAsync>g__Awaited|26_0(ResourceInvoker invoker, Task lastTask, State next, Scope scope, Object state, Boolean isCompleted)
2022-10-22 00:58:45.754 -05:00 [INF] Executing ObjectResult, writing value of type '<>f__AnonymousType1`1[[System.String, System.Private.CoreLib, Version=6.0.0.0, Culture=neutral, PublicKeyToken=7cec85d7bea7798e]]'.
2022-10-22 00:58:45.757 -05:00 [INF] Executed action TicketsWebServices.Controllers.Security.UserController.Authenticate (Api) in 4043.3263ms
2022-10-22 00:58:45.760 -05:00 [INF] Executed endpoint 'TicketsWebServices.Controllers.Security.UserController.Authenticate (Api)'
2022-10-22 00:58:45.761 -05:00 [INF] Response:
StatusCode: 500
Content-Type: application/json; charset=utf-8
Date: Sat, 22 Oct 2022 05:58:45 GMT
Server: Kestrel
Transfer-Encoding: chunked
2022-10-22 00:58:45.763 -05:00 [INF] Request finished HTTP/1.1 POST https://localhost:5001/api/v1/User/Authenticate application/json 55 - 500 - application/json;+charset=utf-8 4102.0214ms
2022-10-22 00:59:01.516 -05:00 [INF] Request starting HTTP/1.1 POST https://localhost:5001/api/v1/User/Authenticate application/json 55
2022-10-22 00:59:01.538 -05:00 [INF] Entity Framework Core 6.0.10 initialized 'TicketsContext' using provider 'Oracle.EntityFrameworkCore:6.0.21.1-20220418' with options: MigrationsHistoryTable=_MigrationHistory 
2022-10-22 00:59:01.543 -05:00 [INF] Request:
Protocol: HTTP/1.1
Method: POST
Scheme: https
PathBase: 
Path: /api/v1/User/Authenticate
Accept: */*
Connection: keep-alive
Host: localhost:5001
User-Agent: PostmanRuntime/7.29.2
Accept-Encoding: gzip, deflate, br
Content-Type: application/json
Content-Length: 55
Postman-Token: [Redacted]
2022-10-22 00:59:01.546 -05:00 [INF] Executing endpoint 'TicketsWebServices.Controllers.Security.UserController.Authenticate (Api)'
2022-10-22 00:59:01.547 -05:00 [INF] Route matched with {action = "Authenticate", controller = "User"}. Executing controller action with signature System.Threading.Tasks.Task`1[Application.Base.Response`1[Application.Security.Http.Dto.AuthenticateDto]] Authenticate(Application.Security.Http.Request.AuthenticateRequest) on controller TicketsWebServices.Controllers.Security.UserController (Api).
2022-10-22 00:59:01.614 -05:00 [INF] Executed DbCommand (3ms) [Parameters=[:ToLower_0='?' (Size = 15), :GetSha256_1='?' (Size = 2000)], CommandType='"Text"', CommandTimeout='60']
SELECT "u"."Id", "u"."CreatedBy", "u"."CreatedOn", "u"."LastModifiedBy", "u"."LastModifiedOn", "u"."Name", "u"."Password", "u"."Username"
FROM "User" "u"
WHERE ((LOWER("u"."Username") = :ToLower_0) AND ("u"."Password" = :GetSha256_1))
FETCH FIRST 2 ROWS ONLY
2022-10-22 00:59:42.630 -05:00 [ERR] Object reference not set to an instance of an object.
System.NullReferenceException: Object reference not set to an instance of an object.
   at Infrastructure.Security.Jwt.JwtUtils`1.GenerateJwtToken(T userDto) in C:\Users\WINDOWS\RiderProjects\TicketsAPI\Infrastructure\Security\Jwt\JwtUtils.cs:line 21
   at Application.Security.Service.Implementation.AuthService.Authenticate(AuthenticateRequest authenticateRequest) in C:\Users\WINDOWS\RiderProjects\TicketsAPI\Application\Security\Service\Implementation\AuthService.cs:line 44
   at TicketsWebServices.Controllers.Security.UserController.Authenticate(AuthenticateRequest authenticateRequest) in C:\Users\WINDOWS\RiderProjects\TicketsAPI\Api\Controllers\Security\UserController.cs:line 28
   at lambda_method54(Closure , Object )
   at Microsoft.AspNetCore.Mvc.Infrastructure.ActionMethodExecutor.AwaitableObjectResultExecutor.Execute(IActionResultTypeMapper mapper, ObjectMethodExecutor executor, Object controller, Object[] arguments)
   at Microsoft.AspNetCore.Mvc.Infrastructure.ControllerActionInvoker.<InvokeActionMethodAsync>g__Awaited|12_0(ControllerActionInvoker invoker, ValueTask`1 actionResultValueTask)
   at Microsoft.AspNetCore.Mvc.Infrastructure.ControllerActionInvoker.<InvokeNextActionFilterAsync>g__Awaited|10_0(ControllerActionInvoker invoker, Task lastTask, State next, Scope scope, Object state, Boolean isCompleted)
   at Microsoft.AspNetCore.Mvc.Infrastructure.ControllerActionInvoker.Rethrow(ActionExecutedContextSealed context)
   at Microsoft.AspNetCore.Mvc.Infrastructure.ControllerActionInvoker.Next(State& next, Scope& scope, Object& state, Boolean& isCompleted)
   at Microsoft.AspNetCore.Mvc.Infrastructure.ControllerActionInvoker.InvokeInnerFilterAsync()
--- End of stack trace from previous location ---
   at Microsoft.AspNetCore.Mvc.Infrastructure.ResourceInvoker.<InvokeNextExceptionFilterAsync>g__Awaited|26_0(ResourceInvoker invoker, Task lastTask, State next, Scope scope, Object state, Boolean isCompleted)
2022-10-22 00:59:42.643 -05:00 [INF] Executing ObjectResult, writing value of type '<>f__AnonymousType1`1[[System.String, System.Private.CoreLib, Version=6.0.0.0, Culture=neutral, PublicKeyToken=7cec85d7bea7798e]]'.
2022-10-22 00:59:42.645 -05:00 [INF] Executed action TicketsWebServices.Controllers.Security.UserController.Authenticate (Api) in 41095.7226ms
2022-10-22 00:59:42.646 -05:00 [INF] Executed endpoint 'TicketsWebServices.Controllers.Security.UserController.Authenticate (Api)'
2022-10-22 00:59:42.647 -05:00 [INF] Response:
StatusCode: 500
Content-Type: application/json; charset=utf-8
Date: Sat, 22 Oct 2022 05:59:42 GMT
Server: Kestrel
Transfer-Encoding: chunked
2022-10-22 00:59:42.648 -05:00 [INF] Request finished HTTP/1.1 POST https://localhost:5001/api/v1/User/Authenticate application/json 55 - 500 - application/json;+charset=utf-8 41132.6168ms
2022-10-22 00:59:59.546 -05:00 [INF] Request starting HTTP/1.1 POST https://localhost:5001/api/v1/User/Authenticate application/json 55
2022-10-22 00:59:59.552 -05:00 [INF] Entity Framework Core 6.0.10 initialized 'TicketsContext' using provider 'Oracle.EntityFrameworkCore:6.0.21.1-20220418' with options: MigrationsHistoryTable=_MigrationHistory 
2022-10-22 00:59:59.554 -05:00 [INF] Request:
Protocol: HTTP/1.1
Method: POST
Scheme: https
PathBase: 
Path: /api/v1/User/Authenticate
Accept: */*
Connection: keep-alive
Host: localhost:5001
User-Agent: PostmanRuntime/7.29.2
Accept-Encoding: gzip, deflate, br
Content-Type: application/json
Content-Length: 55
Postman-Token: [Redacted]
2022-10-22 00:59:59.555 -05:00 [INF] Executing endpoint 'TicketsWebServices.Controllers.Security.UserController.Authenticate (Api)'
2022-10-22 00:59:59.556 -05:00 [INF] Route matched with {action = "Authenticate", controller = "User"}. Executing controller action with signature System.Threading.Tasks.Task`1[Application.Base.Response`1[Application.Security.Http.Dto.AuthenticateDto]] Authenticate(Application.Security.Http.Request.AuthenticateRequest) on controller TicketsWebServices.Controllers.Security.UserController (Api).
2022-10-22 00:59:59.618 -05:00 [INF] Executed DbCommand (5ms) [Parameters=[:ToLower_0='?' (Size = 15), :GetSha256_1='?' (Size = 2000)], CommandType='"Text"', CommandTimeout='60']
SELECT "u"."Id", "u"."CreatedBy", "u"."CreatedOn", "u"."LastModifiedBy", "u"."LastModifiedOn", "u"."Name", "u"."Password", "u"."Username"
FROM "User" "u"
WHERE ((LOWER("u"."Username") = :ToLower_0) AND ("u"."Password" = :GetSha256_1))
FETCH FIRST 2 ROWS ONLY
2022-10-22 01:01:52.542 -05:00 [ERR] An error occurred using the connection to database '' on server 'localhost:1521/orcl'.
2022-10-22 01:02:42.514 -05:00 [ERR] Object reference not set to an instance of an object.
System.NullReferenceException: Object reference not set to an instance of an object.
   at Infrastructure.Security.Jwt.JwtUtils`1.GenerateJwtToken(T userDto) in C:\Users\WINDOWS\RiderProjects\TicketsAPI\Infrastructure\Security\Jwt\JwtUtils.cs:line 21
   at Application.Security.Service.Implementation.AuthService.Authenticate(AuthenticateRequest authenticateRequest)
   at TicketsWebServices.Controllers.Security.UserController.Authenticate(AuthenticateRequest authenticateRequest) in C:\Users\WINDOWS\RiderProjects\TicketsAPI\Api\Controllers\Security\UserController.cs:line 28
   at lambda_method54(Closure , Object )
   at Microsoft.AspNetCore.Mvc.Infrastructure.ActionMethodExecutor.AwaitableObjectResultExecutor.Execute(IActionResultTypeMapper mapper, ObjectMethodExecutor executor, Object controller, Object[] arguments)
   at Microsoft.AspNetCore.Mvc.Infrastructure.ControllerActionInvoker.<InvokeActionMethodAsync>g__Awaited|12_0(ControllerActionInvoker invoker, ValueTask`1 actionResultValueTask)
   at Microsoft.AspNetCore.Mvc.Infrastructure.ControllerActionInvoker.<InvokeNextActionFilterAsync>g__Awaited|10_0(ControllerActionInvoker invoker, Task lastTask, State next, Scope scope, Object state, Boolean isCompleted)
   at Microsoft.AspNetCore.Mvc.Infrastructure.ControllerActionInvoker.Rethrow(ActionExecutedContextSealed context)
   at Microsoft.AspNetCore.Mvc.Infrastructure.ControllerActionInvoker.Next(State& next, Scope& scope, Object& state, Boolean& isCompleted)
   at Microsoft.AspNetCore.Mvc.Infrastructure.ControllerActionInvoker.InvokeInnerFilterAsync()
--- End of stack trace from previous location ---
   at Microsoft.AspNetCore.Mvc.Infrastructure.ResourceInvoker.<InvokeNextExceptionFilterAsync>g__Awaited|26_0(ResourceInvoker invoker, Task lastTask, State next, Scope scope, Object state, Boolean isCompleted)
2022-10-22 01:02:42.531 -05:00 [INF] Executing ObjectResult, writing value of type '<>f__AnonymousType1`1[[System.String, System.Private.CoreLib, Version=6.0.0.0, Culture=neutral, PublicKeyToken=7cec85d7bea7798e]]'.
2022-10-22 01:02:42.533 -05:00 [INF] Executed action TicketsWebServices.Controllers.Security.UserController.Authenticate (Api) in 162973.7807ms
2022-10-22 01:02:42.535 -05:00 [INF] Executed endpoint 'TicketsWebServices.Controllers.Security.UserController.Authenticate (Api)'
2022-10-22 01:02:42.536 -05:00 [INF] Response:
StatusCode: 500
Content-Type: application/json; charset=utf-8
Date: Sat, 22 Oct 2022 06:02:42 GMT
Server: Kestrel
Transfer-Encoding: chunked
2022-10-22 01:02:42.537 -05:00 [INF] Request finished HTTP/1.1 POST https://localhost:5001/api/v1/User/Authenticate application/json 55 - 500 - application/json;+charset=utf-8 162990.7713ms
2022-10-22 01:02:46.120 -05:00 [INF] Request starting HTTP/1.1 POST https://localhost:5001/api/v1/User/Authenticate application/json 55
2022-10-22 01:02:46.127 -05:00 [INF] Entity Framework Core 6.0.10 initialized 'TicketsContext' using provider 'Oracle.EntityFrameworkCore:6.0.21.1-20220418' with options: MigrationsHistoryTable=_MigrationHistory 
2022-10-22 01:02:46.130 -05:00 [INF] Request:
Protocol: HTTP/1.1
Method: POST
Scheme: https
PathBase: 
Path: /api/v1/User/Authenticate
Accept: */*
Connection: keep-alive
Host: localhost:5001
User-Agent: PostmanRuntime/7.29.2
Accept-Encoding: gzip, deflate, br
Content-Type: application/json
Content-Length: 55
Postman-Token: [Redacted]
2022-10-22 01:02:46.132 -05:00 [INF] Executing endpoint 'TicketsWebServices.Controllers.Security.UserController.Authenticate (Api)'
2022-10-22 01:02:46.133 -05:00 [INF] Route matched with {action = "Authenticate", controller = "User"}. Executing controller action with signature System.Threading.Tasks.Task`1[Application.Base.Response`1[Application.Security.Http.Dto.AuthenticateDto]] Authenticate(Application.Security.Http.Request.AuthenticateRequest) on controller TicketsWebServices.Controllers.Security.UserController (Api).
2022-10-22 01:02:46.203 -05:00 [INF] Executed DbCommand (3ms) [Parameters=[:ToLower_0='?' (Size = 15), :GetSha256_1='?' (Size = 2000)], CommandType='"Text"', CommandTimeout='60']
SELECT "u"."Id", "u"."CreatedBy", "u"."CreatedOn", "u"."LastModifiedBy", "u"."LastModifiedOn", "u"."Name", "u"."Password", "u"."Username"
FROM "User" "u"
WHERE ((LOWER("u"."Username") = :ToLower_0) AND ("u"."Password" = :GetSha256_1))
FETCH FIRST 2 ROWS ONLY
2022-10-22 01:09:41.581 -05:00 [ERR] Object reference not set to an instance of an object.
System.NullReferenceException: Object reference not set to an instance of an object.
   at Infrastructure.Security.Jwt.JwtUtils`1.GenerateJwtToken(T userDto) in C:\Users\WINDOWS\RiderProjects\TicketsAPI\Infrastructure\Security\Jwt\JwtUtils.cs:line 21
   at Application.Security.Service.Implementation.AuthService.Authenticate(AuthenticateRequest authenticateRequest)
   at TicketsWebServices.Controllers.Security.UserController.Authenticate(AuthenticateRequest authenticateRequest) in C:\Users\WINDOWS\RiderProjects\TicketsAPI\Api\Controllers\Security\UserController.cs:line 28
   at lambda_method54(Closure , Object )
   at Microsoft.AspNetCore.Mvc.Infrastructure.ActionMethodExecutor.AwaitableObjectResultExecutor.Execute(IActionResultTypeMapper mapper, ObjectMethodExecutor executor, Object controller, Object[] arguments)
   at Microsoft.AspNetCore.Mvc.Infrastructure.ControllerActionInvoker.<InvokeActionMethodAsync>g__Awaited|12_0(ControllerActionInvoker invoker, ValueTask`1 actionResultValueTask)
   at Microsoft.AspNetCore.Mvc.Infrastructure.ControllerActionInvoker.<InvokeNextActionFilterAsync>g__Awaited|10_0(ControllerActionInvoker invoker, Task lastTask, State next, Scope scope, Object state, Boolean isCompleted)
   at Microsoft.AspNetCore.Mvc.Infrastructure.ControllerActionInvoker.Rethrow(ActionExecutedContextSealed context)
   at Microsoft.AspNetCore.Mvc.Infrastructure.ControllerActionInvoker.Next(State& next, Scope& scope, Object& state, Boolean& isCompleted)
   at Microsoft.AspNetCore.Mvc.Infrastructure.ControllerActionInvoker.InvokeInnerFilterAsync()
--- End of stack trace from previous location ---
   at Microsoft.AspNetCore.Mvc.Infrastructure.ResourceInvoker.<InvokeNextExceptionFilterAsync>g__Awaited|26_0(ResourceInvoker invoker, Task lastTask, State next, Scope scope, Object state, Boolean isCompleted)
2022-10-22 01:09:41.599 -05:00 [INF] Executing ObjectResult, writing value of type '<>f__AnonymousType1`1[[System.String, System.Private.CoreLib, Version=6.0.0.0, Culture=neutral, PublicKeyToken=7cec85d7bea7798e]]'.
2022-10-22 01:09:41.601 -05:00 [INF] Executed action TicketsWebServices.Controllers.Security.UserController.Authenticate (Api) in 415465.084ms
2022-10-22 01:09:41.603 -05:00 [INF] Executed endpoint 'TicketsWebServices.Controllers.Security.UserController.Authenticate (Api)'
2022-10-22 01:09:41.604 -05:00 [INF] Response:
StatusCode: 500
Content-Type: application/json; charset=utf-8
Date: Sat, 22 Oct 2022 06:09:41 GMT
Server: Kestrel
Transfer-Encoding: chunked
2022-10-22 01:09:41.606 -05:00 [INF] Request finished HTTP/1.1 POST https://localhost:5001/api/v1/User/Authenticate application/json 55 - 500 - application/json;+charset=utf-8 415486.3848ms
