2022-10-23 20:51:33.730 -05:00 [INF] User profile is available. Using 'C:\Users\WINDOWS\AppData\Local\ASP.NET\DataProtection-Keys' as key repository and Windows DPAPI to encrypt keys at rest.
2022-10-23 20:51:34.001 -05:00 [INF] Now listening on: http://localhost:5000
2022-10-23 20:51:34.004 -05:00 [INF] Now listening on: https://localhost:5001
2022-10-23 20:51:34.011 -05:00 [INF] Application started. Press Ctrl+C to shut down.
2022-10-23 20:51:34.015 -05:00 [INF] Hosting environment: Production
2022-10-23 20:51:34.021 -05:00 [INF] Content root path: C:\Users\WINDOWS\RiderProjects\TicketsAPI\Api\
2022-10-23 20:52:16.572 -05:00 [INF] Request starting HTTP/1.1 POST https://localhost:5001/api/v1/Ticket/Create application/json 161
2022-10-23 20:52:17.504 -05:00 [INF] Entity Framework Core 6.0.10 initialized 'TicketsContext' using provider 'Oracle.EntityFrameworkCore:6.0.21.1-20220418' with options: MigrationsHistoryTable=_MigrationHistory OracleSQLCompatibility=11 
2022-10-23 20:52:18.527 -05:00 [INF] Executed DbCommand (109ms) [Parameters=[:userId_0='?' (Size = 16) (DbType = Binary)], CommandType='"Text"', CommandTimeout='0']
SELECT "t"."Id", "t"."CreatedBy", "t"."CreatedOn", "t"."LastModifiedBy", "t"."LastModifiedOn", "t"."Name", "t"."Password", "t"."Username", "u0"."RoleId", "u0"."UserId", "u0"."CreatedBy", "u0"."CreatedOn", "u0"."Id", "u0"."LastModifiedBy", "u0"."LastModifiedOn"
FROM (
    SELECT "u"."Id", "u"."CreatedBy", "u"."CreatedOn", "u"."LastModifiedBy", "u"."LastModifiedOn", "u"."Name", "u"."Password", "u"."Username"
    FROM "User" "u"
    WHERE ("u"."Id" = :userId_0)
    and rownum <= 1
) "t"
LEFT JOIN "UserRole" "u0" ON ("t"."Id" = "u0"."UserId")

ORDER BY "t"."Id", "u0"."RoleId"
2022-10-23 20:52:18.828 -05:00 [INF] Executed DbCommand (2ms) [Parameters=[:user_Id_0='?' (Size = 16) (DbType = Binary)], CommandType='"Text"', CommandTimeout='0']
SELECT "r"."Id", "r"."CreatedBy", "r"."CreatedOn", "r"."LastModifiedBy", "r"."LastModifiedOn", "r"."RoleName"
FROM "UserRole" "u"
INNER JOIN "Role" "r" ON ("u"."RoleId" = "r"."Id")
WHERE ("u"."UserId" = :user_Id_0)
2022-10-23 20:52:18.905 -05:00 [INF] Request:
Protocol: HTTP/1.1
Method: POST
Scheme: https
PathBase: 
Path: /api/v1/Ticket/Create
Accept: */*
Connection: keep-alive
Host: localhost:5001
User-Agent: PostmanRuntime/7.29.2
Accept-Encoding: gzip, deflate, br
Authorization: [Redacted]
Content-Type: application/json
Content-Length: 161
Postman-Token: [Redacted]
2022-10-23 20:52:18.952 -05:00 [INF] Executing endpoint 'TicketsWebServices.Controllers.Tickets.TicketController.Create (Api)'
2022-10-23 20:52:18.975 -05:00 [INF] Route matched with {action = "Create", controller = "Ticket"}. Executing controller action with signature System.Threading.Tasks.Task`1[Application.Base.Response`1[Application.Tickets.Http.Dto.TicketDto]] Create(Application.Tickets.Http.Request.TicketRequest) on controller TicketsWebServices.Controllers.Tickets.TicketController (Api).
2022-10-23 20:52:19.209 -05:00 [INF] Executed DbCommand (4ms) [Parameters=[:request_GeneratedBy_0='?' (Size = 15)], CommandType='"Text"', CommandTimeout='0']
SELECT "u"."Id", "u"."CreatedBy", "u"."CreatedOn", "u"."LastModifiedBy", "u"."LastModifiedOn", "u"."Name", "u"."Password", "u"."Username"
FROM "User" "u"
WHERE ("u"."Username" = :request_GeneratedBy_0)
and rownum <= 1
2022-10-23 20:52:23.774 -05:00 [INF] Executed DbCommand (32ms) [Parameters=[:p0='?' (Size = 16) (DbType = Binary), :p1='?' (DbType = DateTime), :p2='?' (DbType = Int32), :p3='?' (Size = 2000), :p4='?' (DbType = DateTime), :p5='?' (Size = 2000), :p6='?' (Size = 2000), :p7='?' (DbType = DateTime), :p8='?' (Size = 2000), :p9='?' (DbType = DateTime), :p10='?' (DbType = DateTime), :p11='?' (Size = 2000), :p12='?' (Size = 255)], CommandType='"Text"', CommandTimeout='0']
BEGIN

INSERT INTO "Ticket" ("Id", "AllegedSolveDate", "Code", "CreatedBy", "CreatedOn", "Description", "GeneratedBy", "GeneratedOn", "LastModifiedBy", "LastModifiedOn", "SolvedOn", "Status", "Title")
VALUES (:p0, :p1, :p2, :p3, :p4, :p5, :p6, :p7, :p8, :p9, :p10, :p11, :p12);
END;
2022-10-23 20:52:23.810 -05:00 [INF] Executing ObjectResult, writing value of type 'Application.Base.Response`1[[Application.Tickets.Http.Dto.TicketDto, Application, Version=1.0.0.0, Culture=neutral, PublicKeyToken=null]]'.
2022-10-23 20:52:23.837 -05:00 [INF] Executed action TicketsWebServices.Controllers.Tickets.TicketController.Create (Api) in 4853.5305ms
2022-10-23 20:52:23.839 -05:00 [INF] Executed endpoint 'TicketsWebServices.Controllers.Tickets.TicketController.Create (Api)'
2022-10-23 20:52:23.841 -05:00 [INF] Response:
StatusCode: 200
Content-Type: application/json; charset=utf-8
Date: Mon, 24 Oct 2022 01:52:23 GMT
Server: Kestrel
Transfer-Encoding: chunked
2022-10-23 20:52:23.851 -05:00 [INF] Request finished HTTP/1.1 POST https://localhost:5001/api/v1/Ticket/Create application/json 161 - 200 - application/json;+charset=utf-8 7282.1912ms
2022-10-23 20:53:12.524 -05:00 [INF] Request starting HTTP/1.1 GET https://localhost:5001/api/v1/Ticket/GetByCode/12 - -
2022-10-23 20:53:12.549 -05:00 [INF] Entity Framework Core 6.0.10 initialized 'TicketsContext' using provider 'Oracle.EntityFrameworkCore:6.0.21.1-20220418' with options: MigrationsHistoryTable=_MigrationHistory OracleSQLCompatibility=11 
2022-10-23 20:53:12.646 -05:00 [INF] Executed DbCommand (1ms) [Parameters=[:userId_0='?' (Size = 16) (DbType = Binary)], CommandType='"Text"', CommandTimeout='0']
SELECT "t"."Id", "t"."CreatedBy", "t"."CreatedOn", "t"."LastModifiedBy", "t"."LastModifiedOn", "t"."Name", "t"."Password", "t"."Username", "u0"."RoleId", "u0"."UserId", "u0"."CreatedBy", "u0"."CreatedOn", "u0"."Id", "u0"."LastModifiedBy", "u0"."LastModifiedOn"
FROM (
    SELECT "u"."Id", "u"."CreatedBy", "u"."CreatedOn", "u"."LastModifiedBy", "u"."LastModifiedOn", "u"."Name", "u"."Password", "u"."Username"
    FROM "User" "u"
    WHERE ("u"."Id" = :userId_0)
    and rownum <= 1
) "t"
LEFT JOIN "UserRole" "u0" ON ("t"."Id" = "u0"."UserId")

ORDER BY "t"."Id", "u0"."RoleId"
2022-10-23 20:53:12.698 -05:00 [INF] Executed DbCommand (1ms) [Parameters=[:user_Id_0='?' (Size = 16) (DbType = Binary)], CommandType='"Text"', CommandTimeout='0']
SELECT "r"."Id", "r"."CreatedBy", "r"."CreatedOn", "r"."LastModifiedBy", "r"."LastModifiedOn", "r"."RoleName"
FROM "UserRole" "u"
INNER JOIN "Role" "r" ON ("u"."RoleId" = "r"."Id")
WHERE ("u"."UserId" = :user_Id_0)
2022-10-23 20:53:12.704 -05:00 [INF] Request:
Protocol: HTTP/1.1
Method: GET
Scheme: https
PathBase: 
Path: /api/v1/Ticket/GetByCode/12
Accept: */*
Connection: keep-alive
Host: localhost:5001
User-Agent: PostmanRuntime/7.29.2
Accept-Encoding: gzip, deflate, br
Authorization: [Redacted]
Postman-Token: [Redacted]
2022-10-23 20:53:12.710 -05:00 [INF] Executing endpoint '405 HTTP Method Not Supported'
2022-10-23 20:53:12.712 -05:00 [INF] Executed endpoint '405 HTTP Method Not Supported'
2022-10-23 20:53:12.713 -05:00 [INF] Response:
StatusCode: 405
Allow: POST
2022-10-23 20:53:12.715 -05:00 [INF] Request finished HTTP/1.1 GET https://localhost:5001/api/v1/Ticket/GetByCode/12 - - - 405 0 - 190.8253ms
2022-10-23 20:53:31.151 -05:00 [INF] Request starting HTTP/1.1 GET https://localhost:5001/api/v1/Ticket/GetByCode/12 - -
2022-10-23 20:53:31.165 -05:00 [INF] Entity Framework Core 6.0.10 initialized 'TicketsContext' using provider 'Oracle.EntityFrameworkCore:6.0.21.1-20220418' with options: MigrationsHistoryTable=_MigrationHistory OracleSQLCompatibility=11 
2022-10-23 20:53:31.212 -05:00 [INF] Executed DbCommand (1ms) [Parameters=[:userId_0='?' (Size = 16) (DbType = Binary)], CommandType='"Text"', CommandTimeout='0']
SELECT "t"."Id", "t"."CreatedBy", "t"."CreatedOn", "t"."LastModifiedBy", "t"."LastModifiedOn", "t"."Name", "t"."Password", "t"."Username", "u0"."RoleId", "u0"."UserId", "u0"."CreatedBy", "u0"."CreatedOn", "u0"."Id", "u0"."LastModifiedBy", "u0"."LastModifiedOn"
FROM (
    SELECT "u"."Id", "u"."CreatedBy", "u"."CreatedOn", "u"."LastModifiedBy", "u"."LastModifiedOn", "u"."Name", "u"."Password", "u"."Username"
    FROM "User" "u"
    WHERE ("u"."Id" = :userId_0)
    and rownum <= 1
) "t"
LEFT JOIN "UserRole" "u0" ON ("t"."Id" = "u0"."UserId")

ORDER BY "t"."Id", "u0"."RoleId"
2022-10-23 20:53:31.292 -05:00 [INF] Executed DbCommand (1ms) [Parameters=[:user_Id_0='?' (Size = 16) (DbType = Binary)], CommandType='"Text"', CommandTimeout='0']
SELECT "r"."Id", "r"."CreatedBy", "r"."CreatedOn", "r"."LastModifiedBy", "r"."LastModifiedOn", "r"."RoleName"
FROM "UserRole" "u"
INNER JOIN "Role" "r" ON ("u"."RoleId" = "r"."Id")
WHERE ("u"."UserId" = :user_Id_0)
2022-10-23 20:53:31.296 -05:00 [INF] Request:
Protocol: HTTP/1.1
Method: GET
Scheme: https
PathBase: 
Path: /api/v1/Ticket/GetByCode/12
Accept: */*
Connection: keep-alive
Host: localhost:5001
User-Agent: PostmanRuntime/7.29.2
Accept-Encoding: gzip, deflate, br
Authorization: [Redacted]
Postman-Token: [Redacted]
2022-10-23 20:53:31.299 -05:00 [INF] Executing endpoint '405 HTTP Method Not Supported'
2022-10-23 20:53:31.300 -05:00 [INF] Executed endpoint '405 HTTP Method Not Supported'
2022-10-23 20:53:31.301 -05:00 [INF] Response:
StatusCode: 405
Allow: POST
2022-10-23 20:53:31.303 -05:00 [INF] Request finished HTTP/1.1 GET https://localhost:5001/api/v1/Ticket/GetByCode/12 - - - 405 0 - 151.7769ms
2022-10-23 20:53:37.755 -05:00 [INF] Request starting HTTP/1.1 GET https://localhost:5001/api/v1/Ticket/GetByCode/12 - -
2022-10-23 20:53:37.761 -05:00 [INF] Entity Framework Core 6.0.10 initialized 'TicketsContext' using provider 'Oracle.EntityFrameworkCore:6.0.21.1-20220418' with options: MigrationsHistoryTable=_MigrationHistory OracleSQLCompatibility=11 
2022-10-23 20:53:37.803 -05:00 [INF] Executed DbCommand (1ms) [Parameters=[:userId_0='?' (Size = 16) (DbType = Binary)], CommandType='"Text"', CommandTimeout='0']
SELECT "t"."Id", "t"."CreatedBy", "t"."CreatedOn", "t"."LastModifiedBy", "t"."LastModifiedOn", "t"."Name", "t"."Password", "t"."Username", "u0"."RoleId", "u0"."UserId", "u0"."CreatedBy", "u0"."CreatedOn", "u0"."Id", "u0"."LastModifiedBy", "u0"."LastModifiedOn"
FROM (
    SELECT "u"."Id", "u"."CreatedBy", "u"."CreatedOn", "u"."LastModifiedBy", "u"."LastModifiedOn", "u"."Name", "u"."Password", "u"."Username"
    FROM "User" "u"
    WHERE ("u"."Id" = :userId_0)
    and rownum <= 1
) "t"
LEFT JOIN "UserRole" "u0" ON ("t"."Id" = "u0"."UserId")

ORDER BY "t"."Id", "u0"."RoleId"
2022-10-23 20:53:37.849 -05:00 [INF] Executed DbCommand (1ms) [Parameters=[:user_Id_0='?' (Size = 16) (DbType = Binary)], CommandType='"Text"', CommandTimeout='0']
SELECT "r"."Id", "r"."CreatedBy", "r"."CreatedOn", "r"."LastModifiedBy", "r"."LastModifiedOn", "r"."RoleName"
FROM "UserRole" "u"
INNER JOIN "Role" "r" ON ("u"."RoleId" = "r"."Id")
WHERE ("u"."UserId" = :user_Id_0)
2022-10-23 20:53:37.853 -05:00 [INF] Request:
Protocol: HTTP/1.1
Method: GET
Scheme: https
PathBase: 
Path: /api/v1/Ticket/GetByCode/12
Accept: */*
Connection: keep-alive
Host: localhost:5001
User-Agent: PostmanRuntime/7.29.2
Accept-Encoding: gzip, deflate, br
Authorization: [Redacted]
Postman-Token: [Redacted]
2022-10-23 20:53:37.856 -05:00 [INF] Executing endpoint '405 HTTP Method Not Supported'
2022-10-23 20:53:37.857 -05:00 [INF] Executed endpoint '405 HTTP Method Not Supported'
2022-10-23 20:53:37.858 -05:00 [INF] Response:
StatusCode: 405
Allow: POST
2022-10-23 20:53:37.863 -05:00 [INF] Request finished HTTP/1.1 GET https://localhost:5001/api/v1/Ticket/GetByCode/12 - - - 405 0 - 108.2006ms
2022-10-23 20:53:46.553 -05:00 [INF] Request starting HTTP/1.1 GET https://localhost:5001/api/v1/Ticket/GetByCode/12 - -
2022-10-23 20:53:46.562 -05:00 [INF] Entity Framework Core 6.0.10 initialized 'TicketsContext' using provider 'Oracle.EntityFrameworkCore:6.0.21.1-20220418' with options: MigrationsHistoryTable=_MigrationHistory OracleSQLCompatibility=11 
2022-10-23 20:53:46.602 -05:00 [INF] Executed DbCommand (1ms) [Parameters=[:userId_0='?' (Size = 16) (DbType = Binary)], CommandType='"Text"', CommandTimeout='0']
SELECT "t"."Id", "t"."CreatedBy", "t"."CreatedOn", "t"."LastModifiedBy", "t"."LastModifiedOn", "t"."Name", "t"."Password", "t"."Username", "u0"."RoleId", "u0"."UserId", "u0"."CreatedBy", "u0"."CreatedOn", "u0"."Id", "u0"."LastModifiedBy", "u0"."LastModifiedOn"
FROM (
    SELECT "u"."Id", "u"."CreatedBy", "u"."CreatedOn", "u"."LastModifiedBy", "u"."LastModifiedOn", "u"."Name", "u"."Password", "u"."Username"
    FROM "User" "u"
    WHERE ("u"."Id" = :userId_0)
    and rownum <= 1
) "t"
LEFT JOIN "UserRole" "u0" ON ("t"."Id" = "u0"."UserId")

ORDER BY "t"."Id", "u0"."RoleId"
2022-10-23 20:53:46.643 -05:00 [INF] Executed DbCommand (1ms) [Parameters=[:user_Id_0='?' (Size = 16) (DbType = Binary)], CommandType='"Text"', CommandTimeout='0']
SELECT "r"."Id", "r"."CreatedBy", "r"."CreatedOn", "r"."LastModifiedBy", "r"."LastModifiedOn", "r"."RoleName"
FROM "UserRole" "u"
INNER JOIN "Role" "r" ON ("u"."RoleId" = "r"."Id")
WHERE ("u"."UserId" = :user_Id_0)
2022-10-23 20:53:46.647 -05:00 [INF] Request:
Protocol: HTTP/1.1
Method: GET
Scheme: https
PathBase: 
Path: /api/v1/Ticket/GetByCode/12
Accept: */*
Connection: keep-alive
Host: localhost:5001
User-Agent: PostmanRuntime/7.29.2
Accept-Encoding: gzip, deflate, br
Authorization: [Redacted]
Postman-Token: [Redacted]
2022-10-23 20:53:46.650 -05:00 [INF] Executing endpoint '405 HTTP Method Not Supported'
2022-10-23 20:53:46.651 -05:00 [INF] Executed endpoint '405 HTTP Method Not Supported'
2022-10-23 20:53:46.652 -05:00 [INF] Response:
StatusCode: 405
Allow: POST
2022-10-23 20:53:46.653 -05:00 [INF] Request finished HTTP/1.1 GET https://localhost:5001/api/v1/Ticket/GetByCode/12 - - - 405 0 - 99.9373ms
