2022-10-23 20:53:58.630 -05:00 [INF] User profile is available. Using 'C:\Users\WINDOWS\AppData\Local\ASP.NET\DataProtection-Keys' as key repository and Windows DPAPI to encrypt keys at rest.
2022-10-23 20:53:58.864 -05:00 [INF] Now listening on: http://localhost:5000
2022-10-23 20:53:58.867 -05:00 [INF] Now listening on: https://localhost:5001
2022-10-23 20:53:58.875 -05:00 [INF] Application started. Press Ctrl+C to shut down.
2022-10-23 20:53:58.878 -05:00 [INF] Hosting environment: Production
2022-10-23 20:53:58.882 -05:00 [INF] Content root path: C:\Users\WINDOWS\RiderProjects\TicketsAPI\Api\
2022-10-23 20:54:32.550 -05:00 [INF] Request starting HTTP/1.1 GET https://localhost:5001/api/v1/Ticket/GetByCode/12 - -
2022-10-23 20:54:33.406 -05:00 [INF] Entity Framework Core 6.0.10 initialized 'TicketsContext' using provider 'Oracle.EntityFrameworkCore:6.0.21.1-20220418' with options: MigrationsHistoryTable=_MigrationHistory OracleSQLCompatibility=11 
2022-10-23 20:54:34.256 -05:00 [INF] Executed DbCommand (61ms) [Parameters=[:userId_0='?' (Size = 16) (DbType = Binary)], CommandType='"Text"', CommandTimeout='0']
SELECT "t"."Id", "t"."CreatedBy", "t"."CreatedOn", "t"."LastModifiedBy", "t"."LastModifiedOn", "t"."Name", "t"."Password", "t"."Username", "u0"."RoleId", "u0"."UserId", "u0"."CreatedBy", "u0"."CreatedOn", "u0"."Id", "u0"."LastModifiedBy", "u0"."LastModifiedOn"
FROM (
    SELECT "u"."Id", "u"."CreatedBy", "u"."CreatedOn", "u"."LastModifiedBy", "u"."LastModifiedOn", "u"."Name", "u"."Password", "u"."Username"
    FROM "User" "u"
    WHERE ("u"."Id" = :userId_0)
    and rownum <= 1
) "t"
LEFT JOIN "UserRole" "u0" ON ("t"."Id" = "u0"."UserId")

ORDER BY "t"."Id", "u0"."RoleId"
2022-10-23 20:54:34.429 -05:00 [INF] Executed DbCommand (1ms) [Parameters=[:user_Id_0='?' (Size = 16) (DbType = Binary)], CommandType='"Text"', CommandTimeout='0']
SELECT "r"."Id", "r"."CreatedBy", "r"."CreatedOn", "r"."LastModifiedBy", "r"."LastModifiedOn", "r"."RoleName"
FROM "UserRole" "u"
INNER JOIN "Role" "r" ON ("u"."RoleId" = "r"."Id")
WHERE ("u"."UserId" = :user_Id_0)
2022-10-23 20:54:34.477 -05:00 [INF] Request:
Protocol: HTTP/1.1
Method: GET
Scheme: https
PathBase: 
Path: /api/v1/Ticket/GetByCode/12
Accept: */*
Connection: keep-alive
Host: localhost:5001
User-Agent: PostmanRuntime/7.29.2
Accept-Encoding: gzip, deflate, br
Authorization: [Redacted]
Postman-Token: [Redacted]
2022-10-23 20:54:34.514 -05:00 [INF] Executing endpoint 'TicketsWebServices.Controllers.Tickets.TicketController.GetById (Api)'
2022-10-23 20:54:34.531 -05:00 [INF] Route matched with {action = "GetById", controller = "Ticket"}. Executing controller action with signature System.Threading.Tasks.Task`1[Application.Base.Response`1[Application.Tickets.Http.Dto.TicketDto]] GetById(Int32) on controller TicketsWebServices.Controllers.Tickets.TicketController (Api).
2022-10-23 20:54:59.761 -05:00 [ERR] Ocurrió un error Error parsing column 0 (Id=System.Byte[] - Object)
2022-10-23 20:54:59.769 -05:00 [INF] Executing ObjectResult, writing value of type 'Application.Base.Response`1[[Application.Tickets.Http.Dto.TicketDto, Application, Version=1.0.0.0, Culture=neutral, PublicKeyToken=null]]'.
2022-10-23 20:54:59.806 -05:00 [INF] Executed action TicketsWebServices.Controllers.Tickets.TicketController.GetById (Api) in 25267.5217ms
2022-10-23 20:54:59.808 -05:00 [INF] Executed endpoint 'TicketsWebServices.Controllers.Tickets.TicketController.GetById (Api)'
2022-10-23 20:54:59.810 -05:00 [INF] Response:
StatusCode: 200
Content-Type: application/json; charset=utf-8
Date: Mon, 24 Oct 2022 01:54:59 GMT
Server: Kestrel
Transfer-Encoding: chunked
2022-10-23 20:54:59.819 -05:00 [INF] Request finished HTTP/1.1 GET https://localhost:5001/api/v1/Ticket/GetByCode/12 - - - 200 - application/json;+charset=utf-8 27270.9616ms
2022-10-23 20:56:49.001 -05:00 [INF] Request starting HTTP/1.1 GET https://localhost:5001/api/v1/Ticket/GetByCode/12 - -
2022-10-23 20:56:49.026 -05:00 [INF] Entity Framework Core 6.0.10 initialized 'TicketsContext' using provider 'Oracle.EntityFrameworkCore:6.0.21.1-20220418' with options: MigrationsHistoryTable=_MigrationHistory OracleSQLCompatibility=11 
2022-10-23 20:56:49.070 -05:00 [INF] Executed DbCommand (1ms) [Parameters=[:userId_0='?' (Size = 16) (DbType = Binary)], CommandType='"Text"', CommandTimeout='0']
SELECT "t"."Id", "t"."CreatedBy", "t"."CreatedOn", "t"."LastModifiedBy", "t"."LastModifiedOn", "t"."Name", "t"."Password", "t"."Username", "u0"."RoleId", "u0"."UserId", "u0"."CreatedBy", "u0"."CreatedOn", "u0"."Id", "u0"."LastModifiedBy", "u0"."LastModifiedOn"
FROM (
    SELECT "u"."Id", "u"."CreatedBy", "u"."CreatedOn", "u"."LastModifiedBy", "u"."LastModifiedOn", "u"."Name", "u"."Password", "u"."Username"
    FROM "User" "u"
    WHERE ("u"."Id" = :userId_0)
    and rownum <= 1
) "t"
LEFT JOIN "UserRole" "u0" ON ("t"."Id" = "u0"."UserId")

ORDER BY "t"."Id", "u0"."RoleId"
2022-10-23 20:56:49.115 -05:00 [INF] Executed DbCommand (1ms) [Parameters=[:user_Id_0='?' (Size = 16) (DbType = Binary)], CommandType='"Text"', CommandTimeout='0']
SELECT "r"."Id", "r"."CreatedBy", "r"."CreatedOn", "r"."LastModifiedBy", "r"."LastModifiedOn", "r"."RoleName"
FROM "UserRole" "u"
INNER JOIN "Role" "r" ON ("u"."RoleId" = "r"."Id")
WHERE ("u"."UserId" = :user_Id_0)
2022-10-23 20:56:49.121 -05:00 [INF] Request:
Protocol: HTTP/1.1
Method: GET
Scheme: https
PathBase: 
Path: /api/v1/Ticket/GetByCode/12
Accept: */*
Connection: keep-alive
Host: localhost:5001
User-Agent: PostmanRuntime/7.29.2
Accept-Encoding: gzip, deflate, br
Authorization: [Redacted]
Postman-Token: [Redacted]
2022-10-23 20:56:49.123 -05:00 [INF] Executing endpoint 'TicketsWebServices.Controllers.Tickets.TicketController.GetById (Api)'
2022-10-23 20:56:49.124 -05:00 [INF] Route matched with {action = "GetById", controller = "Ticket"}. Executing controller action with signature System.Threading.Tasks.Task`1[Application.Base.Response`1[Application.Tickets.Http.Dto.TicketDto]] GetById(Int32) on controller TicketsWebServices.Controllers.Tickets.TicketController (Api).
2022-10-23 20:57:01.692 -05:00 [ERR] Ocurrió un error Error parsing column 0 (Id=System.Byte[] - Object)
2022-10-23 20:57:01.694 -05:00 [INF] Executing ObjectResult, writing value of type 'Application.Base.Response`1[[Application.Tickets.Http.Dto.TicketDto, Application, Version=1.0.0.0, Culture=neutral, PublicKeyToken=null]]'.
2022-10-23 20:57:01.697 -05:00 [INF] Executed action TicketsWebServices.Controllers.Tickets.TicketController.GetById (Api) in 12570.6882ms
2022-10-23 20:57:01.699 -05:00 [INF] Executed endpoint 'TicketsWebServices.Controllers.Tickets.TicketController.GetById (Api)'
2022-10-23 20:57:01.700 -05:00 [INF] Response:
StatusCode: 200
Content-Type: application/json; charset=utf-8
Date: Mon, 24 Oct 2022 01:57:01 GMT
Server: Kestrel
Transfer-Encoding: chunked
2022-10-23 20:57:01.702 -05:00 [INF] Request finished HTTP/1.1 GET https://localhost:5001/api/v1/Ticket/GetByCode/12 - - - 200 - application/json;+charset=utf-8 12701.0294ms
