2022-10-21 22:22:22.576 -05:00 [INF] User profile is available. Using 'C:\Users\WINDOWS\AppData\Local\ASP.NET\DataProtection-Keys' as key repository and Windows DPAPI to encrypt keys at rest.
2022-10-21 22:22:22.733 -05:00 [INF] Now listening on: https://localhost:7055
2022-10-21 22:22:22.735 -05:00 [INF] Now listening on: http://localhost:5286
2022-10-21 22:22:22.740 -05:00 [INF] Application started. Press Ctrl+C to shut down.
2022-10-21 22:22:22.740 -05:00 [INF] Hosting environment: Development
2022-10-21 22:22:22.742 -05:00 [INF] Content root path: C:\Users\WINDOWS\RiderProjects\TicketsAPI\Api\
2022-10-21 22:23:35.610 -05:00 [INF] Request starting HTTP/2 GET https://localhost:7055/swagger/index.html - -
2022-10-21 22:23:35.700 -05:00 [INF] Request finished HTTP/2 GET https://localhost:7055/swagger/index.html - - - 200 - text/html;charset=utf-8 94.9690ms
2022-10-21 22:23:35.832 -05:00 [INF] Request starting HTTP/2 GET https://localhost:7055/swagger/v1/swagger.json - -
2022-10-21 22:23:36.052 -05:00 [INF] Request finished HTTP/2 GET https://localhost:7055/swagger/v1/swagger.json - - - 200 - application/json;charset=utf-8 220.9576ms
2022-10-21 22:23:58.737 -05:00 [INF] Request starting HTTP/2 GET https://localhost:7055/api/v1/Ticket/All - -
2022-10-21 22:23:59.676 -05:00 [INF] Entity Framework Core 6.0.10 initialized 'TicketsContext' using provider 'Oracle.EntityFrameworkCore:6.0.21.1-20220418' with options: MigrationsHistoryTable=_MigrationHistory 
2022-10-21 22:23:59.714 -05:00 [INF] Request:
Protocol: HTTP/2
Method: GET
Scheme: https
PathBase: 
Path: /api/v1/Ticket/All
Accept: text/plain
Host: localhost:7055
User-Agent: Mozilla/5.0 (Windows NT 10.0; Win64; x64) AppleWebKit/537.36 (KHTML, like Gecko) Chrome/106.0.0.0 Safari/537.36 Edg/106.0.1370.47
:method: [Redacted]
Accept-Encoding: gzip, deflate, br
Accept-Language: es,es-ES;q=0.9,en;q=0.8,en-GB;q=0.7,en-US;q=0.6
Cookie: [Redacted]
Referer: [Redacted]
sec-ch-ua: [Redacted]
sec-ch-ua-mobile: [Redacted]
sec-ch-ua-platform: [Redacted]
sec-fetch-site: [Redacted]
sec-fetch-mode: [Redacted]
sec-fetch-dest: [Redacted]
2022-10-21 22:23:59.745 -05:00 [INF] Executing endpoint 'TicketsWebServices.Controllers.Tickets.TicketController.GetAll (Api)'
2022-10-21 22:23:59.768 -05:00 [INF] Route matched with {action = "GetAll", controller = "Ticket"}. Executing controller action with signature System.Threading.Tasks.Task`1[Application.Base.Response`1[System.Collections.Generic.IEnumerable`1[Application.Tickets.Http.Dto.TicketDto]]] GetAll() on controller TicketsWebServices.Controllers.Tickets.TicketController (Api).
2022-10-21 22:23:59.772 -05:00 [INF] Authorization failed for the request at filter 'Application.Security.AuthorizeAttribute'.
2022-10-21 22:23:59.779 -05:00 [INF] Executing ObjectResult, writing value of type 'Microsoft.AspNetCore.Mvc.ProblemDetails'.
2022-10-21 22:23:59.791 -05:00 [INF] Executed action TicketsWebServices.Controllers.Tickets.TicketController.GetAll (Api) in 12.3611ms
2022-10-21 22:23:59.794 -05:00 [INF] Executed endpoint 'TicketsWebServices.Controllers.Tickets.TicketController.GetAll (Api)'
2022-10-21 22:23:59.796 -05:00 [INF] Response:
StatusCode: 401
Content-Type: application/problem+json; charset=utf-8
Date: Sat, 22 Oct 2022 03:23:59 GMT
Server: Kestrel
2022-10-21 22:23:59.805 -05:00 [INF] Request finished HTTP/2 GET https://localhost:7055/api/v1/Ticket/All - - - 401 - application/problem+json;+charset=utf-8 1068.1726ms
2022-10-21 22:26:15.634 -05:00 [INF] Request starting HTTP/2 POST https://localhost:7055/api/User/Authenticate application/json 47
2022-10-21 22:26:15.683 -05:00 [INF] Entity Framework Core 6.0.10 initialized 'TicketsContext' using provider 'Oracle.EntityFrameworkCore:6.0.21.1-20220418' with options: MigrationsHistoryTable=_MigrationHistory 
2022-10-21 22:26:15.693 -05:00 [INF] CORS policy execution successful.
2022-10-21 22:26:15.696 -05:00 [INF] Request:
Protocol: HTTP/2
Method: POST
Scheme: https
PathBase: 
Path: /api/User/Authenticate
Accept: text/plain
Host: localhost:7055
User-Agent: Mozilla/5.0 (Windows NT 10.0; Win64; x64) AppleWebKit/537.36 (KHTML, like Gecko) Chrome/106.0.0.0 Safari/537.36 Edg/106.0.1370.47
:method: [Redacted]
Accept-Encoding: gzip, deflate, br
Accept-Language: es,es-ES;q=0.9,en;q=0.8,en-GB;q=0.7,en-US;q=0.6
Content-Type: application/json
Cookie: [Redacted]
Origin: [Redacted]
Referer: [Redacted]
Content-Length: 47
sec-ch-ua: [Redacted]
sec-ch-ua-mobile: [Redacted]
sec-ch-ua-platform: [Redacted]
sec-fetch-site: [Redacted]
sec-fetch-mode: [Redacted]
sec-fetch-dest: [Redacted]
2022-10-21 22:26:15.699 -05:00 [INF] Executing endpoint 'TicketsWebServices.Controllers.Security.UserController.Authenticate (Api)'
2022-10-21 22:26:15.721 -05:00 [INF] Route matched with {action = "Authenticate", controller = "User"}. Executing controller action with signature System.Threading.Tasks.Task`1[Application.Base.Response`1[Application.Security.Http.Dto.AuthenticateDto]] Authenticate(Application.Security.Http.Request.AuthenticateRequest) on controller TicketsWebServices.Controllers.Security.UserController (Api).
2022-10-21 22:26:16.566 -05:00 [ERR] The LINQ expression 'DbSet<User>()
    .Where(u => string.Equals(
        a: u.Username, 
        b: __authenticateRequest_Username_0, 
        comparisonType: CurrentCultureIgnoreCase) && u.Password == __GetSha256_1)' could not be translated. Additional information: Translation of the 'string.Equals' overload with a 'StringComparison' parameter is not supported. See https://go.microsoft.com/fwlink/?linkid=2129535 for more information. Either rewrite the query in a form that can be translated, or switch to client evaluation explicitly by inserting a call to 'AsEnumerable', 'AsAsyncEnumerable', 'ToList', or 'ToListAsync'. See https://go.microsoft.com/fwlink/?linkid=2101038 for more information.
System.InvalidOperationException: The LINQ expression 'DbSet<User>()
    .Where(u => string.Equals(
        a: u.Username, 
        b: __authenticateRequest_Username_0, 
        comparisonType: CurrentCultureIgnoreCase) && u.Password == __GetSha256_1)' could not be translated. Additional information: Translation of the 'string.Equals' overload with a 'StringComparison' parameter is not supported. See https://go.microsoft.com/fwlink/?linkid=2129535 for more information. Either rewrite the query in a form that can be translated, or switch to client evaluation explicitly by inserting a call to 'AsEnumerable', 'AsAsyncEnumerable', 'ToList', or 'ToListAsync'. See https://go.microsoft.com/fwlink/?linkid=2101038 for more information.
   at Microsoft.EntityFrameworkCore.Query.QueryableMethodTranslatingExpressionVisitor.<VisitMethodCall>g__CheckTranslated|15_0(ShapedQueryExpression translated, <>c__DisplayClass15_0& )
   at Microsoft.EntityFrameworkCore.Query.QueryableMethodTranslatingExpressionVisitor.VisitMethodCall(MethodCallExpression methodCallExpression)
   at System.Linq.Expressions.ExpressionVisitor.Visit(Expression node)
   at Microsoft.EntityFrameworkCore.Query.QueryableMethodTranslatingExpressionVisitor.VisitMethodCall(MethodCallExpression methodCallExpression)
   at System.Linq.Expressions.ExpressionVisitor.Visit(Expression node)
   at Microsoft.EntityFrameworkCore.Query.QueryCompilationContext.CreateQueryExecutor[TResult](Expression query)
   at Microsoft.EntityFrameworkCore.Storage.Database.CompileQuery[TResult](Expression query, Boolean async)
   at Microsoft.EntityFrameworkCore.Query.Internal.QueryCompiler.CompileQueryCore[TResult](IDatabase database, Expression query, IModel model, Boolean async)
   at Microsoft.EntityFrameworkCore.Query.Internal.QueryCompiler.<>c__DisplayClass9_0`1.<Execute>b__0()
   at Microsoft.EntityFrameworkCore.Query.Internal.CompiledQueryCache.GetOrAddQuery[TResult](Object cacheKey, Func`1 compiler)
   at Microsoft.EntityFrameworkCore.Query.Internal.QueryCompiler.Execute[TResult](Expression query)
   at Microsoft.EntityFrameworkCore.Query.Internal.EntityQueryProvider.Execute[TResult](Expression expression)
   at System.Linq.Queryable.SingleOrDefault[TSource](IQueryable`1 source, Expression`1 predicate)
   at Application.Security.Service.Implementation.AuthService.Authenticate(AuthenticateRequest authenticateRequest) in C:\Users\WINDOWS\RiderProjects\TicketsAPI\Application\Security\Service\Implementation\AuthService.cs:line 37
   at TicketsWebServices.Controllers.Security.UserController.Authenticate(AuthenticateRequest authenticateRequest) in C:\Users\WINDOWS\RiderProjects\TicketsAPI\Api\Controllers\Security\UserController.cs:line 27
   at lambda_method63(Closure , Object )
   at Microsoft.AspNetCore.Mvc.Infrastructure.ActionMethodExecutor.AwaitableObjectResultExecutor.Execute(IActionResultTypeMapper mapper, ObjectMethodExecutor executor, Object controller, Object[] arguments)
   at Microsoft.AspNetCore.Mvc.Infrastructure.ControllerActionInvoker.<InvokeActionMethodAsync>g__Awaited|12_0(ControllerActionInvoker invoker, ValueTask`1 actionResultValueTask)
   at Microsoft.AspNetCore.Mvc.Infrastructure.ControllerActionInvoker.<InvokeNextActionFilterAsync>g__Awaited|10_0(ControllerActionInvoker invoker, Task lastTask, State next, Scope scope, Object state, Boolean isCompleted)
   at Microsoft.AspNetCore.Mvc.Infrastructure.ControllerActionInvoker.Rethrow(ActionExecutedContextSealed context)
   at Microsoft.AspNetCore.Mvc.Infrastructure.ControllerActionInvoker.Next(State& next, Scope& scope, Object& state, Boolean& isCompleted)
   at Microsoft.AspNetCore.Mvc.Infrastructure.ControllerActionInvoker.InvokeInnerFilterAsync()
--- End of stack trace from previous location ---
   at Microsoft.AspNetCore.Mvc.Infrastructure.ResourceInvoker.<InvokeNextExceptionFilterAsync>g__Awaited|26_0(ResourceInvoker invoker, Task lastTask, State next, Scope scope, Object state, Boolean isCompleted)
2022-10-21 22:26:16.595 -05:00 [INF] Executing ObjectResult, writing value of type '<>f__AnonymousType1`1[[System.String, System.Private.CoreLib, Version=6.0.0.0, Culture=neutral, PublicKeyToken=7cec85d7bea7798e]]'.
2022-10-21 22:26:16.600 -05:00 [INF] Executed action TicketsWebServices.Controllers.Security.UserController.Authenticate (Api) in 876.8203ms
2022-10-21 22:26:16.601 -05:00 [INF] Executed endpoint 'TicketsWebServices.Controllers.Security.UserController.Authenticate (Api)'
2022-10-21 22:26:16.602 -05:00 [INF] Response:
StatusCode: 500
Content-Type: application/json; charset=utf-8
Date: Sat, 22 Oct 2022 03:26:15 GMT
Server: Kestrel
Access-Control-Allow-Origin: [Redacted]
2022-10-21 22:26:16.604 -05:00 [INF] Request finished HTTP/2 POST https://localhost:7055/api/User/Authenticate application/json 47 - 500 - application/json;+charset=utf-8 969.8623ms
2022-10-21 22:30:16.681 -05:00 [INF] Application is shutting down...
