2022-10-21 23:37:31.508 -05:00 [INF] User profile is available. Using 'C:\Users\WINDOWS\AppData\Local\ASP.NET\DataProtection-Keys' as key repository and Windows DPAPI to encrypt keys at rest.
2022-10-21 23:37:31.760 -05:00 [INF] Now listening on: https://localhost:7055
2022-10-21 23:37:31.761 -05:00 [INF] Now listening on: http://localhost:5286
2022-10-21 23:37:31.769 -05:00 [INF] Application started. Press Ctrl+C to shut down.
2022-10-21 23:37:31.770 -05:00 [INF] Hosting environment: Development
2022-10-21 23:37:31.774 -05:00 [INF] Content root path: C:\Users\WINDOWS\RiderProjects\TicketsAPI\Api\
2022-10-21 23:40:19.335 -05:00 [INF] Request starting HTTP/2 GET https://localhost:7055/ - -
2022-10-21 23:40:21.086 -05:00 [INF] Entity Framework Core 6.0.10 initialized 'TicketsContext' using provider 'Oracle.EntityFrameworkCore:6.0.21.1-20220418' with options: MigrationsHistoryTable=_MigrationHistory 
2022-10-21 23:40:21.139 -05:00 [INF] Request:
Protocol: HTTP/2
Method: GET
Scheme: https
PathBase: 
Path: /
Accept: text/html,application/xhtml+xml,application/xml;q=0.9,image/webp,image/apng,*/*;q=0.8,application/signed-exchange;v=b3;q=0.9
Host: localhost:7055
User-Agent: Mozilla/5.0 (Windows NT 10.0; Win64; x64) AppleWebKit/537.36 (KHTML, like Gecko) Chrome/106.0.0.0 Safari/537.36 Edg/106.0.1370.47
:method: [Redacted]
Accept-Encoding: gzip, deflate, br
Accept-Language: es,es-ES;q=0.9,en;q=0.8,en-GB;q=0.7,en-US;q=0.6
Cookie: [Redacted]
Upgrade-Insecure-Requests: [Redacted]
sec-ch-ua: [Redacted]
sec-ch-ua-mobile: [Redacted]
sec-ch-ua-platform: [Redacted]
sec-fetch-site: [Redacted]
sec-fetch-mode: [Redacted]
sec-fetch-user: [Redacted]
sec-fetch-dest: [Redacted]
2022-10-21 23:40:21.191 -05:00 [INF] Response:
StatusCode: 404
2022-10-21 23:40:21.210 -05:00 [INF] Request finished HTTP/2 GET https://localhost:7055/ - - - 404 0 - 1879.1733ms
2022-10-21 23:40:28.342 -05:00 [INF] Request starting HTTP/2 GET https://localhost:7055/api/v1/Ticket/All - -
2022-10-21 23:40:28.424 -05:00 [INF] Entity Framework Core 6.0.10 initialized 'TicketsContext' using provider 'Oracle.EntityFrameworkCore:6.0.21.1-20220418' with options: MigrationsHistoryTable=_MigrationHistory 
2022-10-21 23:40:28.429 -05:00 [INF] Request:
Protocol: HTTP/2
Method: GET
Scheme: https
PathBase: 
Path: /api/v1/Ticket/All
Accept: text/html,application/xhtml+xml,application/xml;q=0.9,image/webp,image/apng,*/*;q=0.8,application/signed-exchange;v=b3;q=0.9
Host: localhost:7055
User-Agent: Mozilla/5.0 (Windows NT 10.0; Win64; x64) AppleWebKit/537.36 (KHTML, like Gecko) Chrome/106.0.0.0 Safari/537.36 Edg/106.0.1370.47
:method: [Redacted]
Accept-Encoding: gzip, deflate, br
Accept-Language: es,es-ES;q=0.9,en;q=0.8,en-GB;q=0.7,en-US;q=0.6
Cookie: [Redacted]
Upgrade-Insecure-Requests: [Redacted]
sec-ch-ua: [Redacted]
sec-ch-ua-mobile: [Redacted]
sec-ch-ua-platform: [Redacted]
sec-fetch-site: [Redacted]
sec-fetch-mode: [Redacted]
sec-fetch-user: [Redacted]
sec-fetch-dest: [Redacted]
2022-10-21 23:40:28.439 -05:00 [INF] Executing endpoint 'TicketsWebServices.Controllers.Tickets.TicketController.GetAll (Api)'
2022-10-21 23:40:28.466 -05:00 [INF] Route matched with {action = "GetAll", controller = "Ticket"}. Executing controller action with signature System.Threading.Tasks.Task`1[Application.Base.Response`1[System.Collections.Generic.IEnumerable`1[Application.Tickets.Http.Dto.TicketDto]]] GetAll() on controller TicketsWebServices.Controllers.Tickets.TicketController (Api).
2022-10-21 23:40:28.471 -05:00 [INF] Authorization failed for the request at filter 'Application.Security.AuthorizeAttribute'.
2022-10-21 23:40:28.484 -05:00 [INF] Executing ObjectResult, writing value of type 'Microsoft.AspNetCore.Mvc.ProblemDetails'.
2022-10-21 23:40:28.509 -05:00 [INF] Executed action TicketsWebServices.Controllers.Tickets.TicketController.GetAll (Api) in 29.1404ms
2022-10-21 23:40:28.516 -05:00 [INF] Executed endpoint 'TicketsWebServices.Controllers.Tickets.TicketController.GetAll (Api)'
2022-10-21 23:40:28.518 -05:00 [INF] Response:
StatusCode: 401
Content-Type: application/problem+json; charset=utf-8
Date: Sat, 22 Oct 2022 04:40:28 GMT
Server: Kestrel
2022-10-21 23:40:28.520 -05:00 [INF] Request finished HTTP/2 GET https://localhost:7055/api/v1/Ticket/All - - - 401 - application/problem+json;+charset=utf-8 178.7201ms
2022-10-21 23:40:28.579 -05:00 [INF] Request starting HTTP/2 GET https://localhost:7055/favicon.ico - -
2022-10-21 23:40:28.600 -05:00 [INF] Entity Framework Core 6.0.10 initialized 'TicketsContext' using provider 'Oracle.EntityFrameworkCore:6.0.21.1-20220418' with options: MigrationsHistoryTable=_MigrationHistory 
2022-10-21 23:40:28.604 -05:00 [INF] Request:
Protocol: HTTP/2
Method: GET
Scheme: https
PathBase: 
Path: /favicon.ico
Accept: image/webp,image/apng,image/svg+xml,image/*,*/*;q=0.8
Host: localhost:7055
User-Agent: Mozilla/5.0 (Windows NT 10.0; Win64; x64) AppleWebKit/537.36 (KHTML, like Gecko) Chrome/106.0.0.0 Safari/537.36 Edg/106.0.1370.47
:method: [Redacted]
Accept-Encoding: gzip, deflate, br
Accept-Language: es,es-ES;q=0.9,en;q=0.8,en-GB;q=0.7,en-US;q=0.6
Cookie: [Redacted]
Referer: [Redacted]
sec-ch-ua: [Redacted]
sec-ch-ua-mobile: [Redacted]
sec-ch-ua-platform: [Redacted]
sec-fetch-site: [Redacted]
sec-fetch-mode: [Redacted]
sec-fetch-dest: [Redacted]
2022-10-21 23:40:28.609 -05:00 [INF] Response:
StatusCode: 404
2022-10-21 23:40:28.611 -05:00 [INF] Request finished HTTP/2 GET https://localhost:7055/favicon.ico - - - 404 0 - 32.2590ms
2022-10-21 23:40:42.529 -05:00 [INF] Request starting HTTP/2 GET https://localhost:7055/swagger/index.html - -
2022-10-21 23:40:42.597 -05:00 [INF] Request finished HTTP/2 GET https://localhost:7055/swagger/index.html - - - 200 - text/html;charset=utf-8 68.0333ms
2022-10-21 23:40:42.973 -05:00 [INF] Request starting HTTP/2 GET https://localhost:7055/swagger/v1/swagger.json - -
2022-10-21 23:40:43.131 -05:00 [INF] Request finished HTTP/2 GET https://localhost:7055/swagger/v1/swagger.json - - - 200 - application/json;charset=utf-8 157.7223ms
2022-10-21 23:44:09.104 -05:00 [INF] Application is shutting down...
