2022-10-23 20:11:18.783 -05:00 [INF] Entity Framework Core 6.0.10 initialized 'TicketsContext' using provider 'Oracle.EntityFrameworkCore:6.0.21.1-20220418' with options: MigrationsHistoryTable=_MigrationHistory OracleSQLCompatibility=11 
2022-10-23 20:11:19.375 -05:00 [INF] Executed DbCommand (66ms) [Parameters=[], CommandType='"Text"', CommandTimeout='0']
SELECT t.table_name FROM user_tables t WHERE t.table_name = N'_MigrationHistory'
2022-10-23 20:11:19.654 -05:00 [INF] Executed DbCommand (24ms) [Parameters=[], CommandType='"Text"', CommandTimeout='0']
Begin
BEGIN 

execute immediate 'CREATE TABLE "_MigrationHistory" (
    "MigrationId" NVARCHAR2(150) NOT NULL,
    "ProductVersion" NVARCHAR2(32) NOT NULL,
    CONSTRAINT "PK__MigrationHistory" PRIMARY KEY ("MigrationId")
)';
END;

End;
2022-10-23 20:11:19.736 -05:00 [INF] Executed DbCommand (11ms) [Parameters=[], CommandType='"Text"', CommandTimeout='0']
SELECT t.table_name FROM user_tables t WHERE t.table_name = N'_MigrationHistory'
2022-10-23 20:11:19.787 -05:00 [INF] Executed DbCommand (12ms) [Parameters=[], CommandType='"Text"', CommandTimeout='0']
SELECT "MigrationId", "ProductVersion"
FROM "_MigrationHistory"
ORDER BY "MigrationId"
2022-10-23 20:11:19.814 -05:00 [INF] Applying migration '20221021182633_InitialCreate'.
2022-10-23 20:11:19.947 -05:00 [ERR] 2022-10-23 20:11:19.937312 ThreadID:1   (ERROR)   OracleRelationalCommand.ExecuteNonQuery() :  Oracle.ManagedDataAccess.Client.OracleException (0x80004005): ORA-00955: name is already used by an existing object
ORA-06512: at line 3
   at OracleInternal.ServiceObjects.OracleConnectionImpl.VerifyExecution(Int32& cursorId, Boolean bThrowArrayBindRelatedErrors, SqlStatementType sqlStatementType, Int32 arrayBindCount, OracleException& exceptionForArrayBindDML, Boolean& hasMoreRowsInDB, Boolean bFirstIterationDone)
   at OracleInternal.ServiceObjects.OracleCommandImpl.ExecuteNonQuery(String commandText, OracleParameterCollection paramColl, CommandType commandType, OracleConnectionImpl connectionImpl, Int32 longFetchSize, Int64 clientInitialLOBFS, OracleDependencyImpl orclDependencyImpl, Int64[]& scnFromExecution, OracleParameterCollection& bindByPositionParamColl, Boolean& bBindParamPresent, OracleException& exceptionForArrayBindDML, OracleConnection connection, Boolean isFromEF)
   at Oracle.ManagedDataAccess.Client.OracleCommand.ExecuteNonQuery()
   at Oracle.EntityFrameworkCore.Storage.Internal.OracleRelationalCommandBuilderFactory.OracleRelationalCommandBuilder.OracleRelationalCommand.ExecuteNonQuery(RelationalCommandParameterObject parameterObject)
2022-10-23 20:11:19.951 -05:00 [ERR] Failed executing DbCommand (51ms) [Parameters=[], CommandType='"Text"', CommandTimeout='0']
BEGIN 

execute immediate 'CREATE TABLE "MenuItem" (
    "Id" RAW(16) NOT NULL,
    "Icon" NVARCHAR2(30) NOT NULL,
    "RouterLink" NVARCHAR2(255) NOT NULL,
    "Label" NVARCHAR2(30) NOT NULL,
    "Order" NUMBER(10) NOT NULL,
    "CreatedBy" NVARCHAR2(2000) NOT NULL,
    "CreatedOn" TIMESTAMP(7) NOT NULL,
    "LastModifiedBy" NVARCHAR2(2000) NOT NULL,
    "LastModifiedOn" TIMESTAMP(7) NOT NULL,
    CONSTRAINT "PK_MenuItem" PRIMARY KEY ("Id")
)';
END;
