2022-10-23 20:39:02.501 -05:00 [INF] User profile is available. Using 'C:\Users\WINDOWS\AppData\Local\ASP.NET\DataProtection-Keys' as key repository and Windows DPAPI to encrypt keys at rest.
2022-10-23 20:39:02.671 -05:00 [INF] Now listening on: https://localhost:7055
2022-10-23 20:39:02.673 -05:00 [INF] Now listening on: http://localhost:5286
2022-10-23 20:39:02.679 -05:00 [INF] Application started. Press Ctrl+C to shut down.
2022-10-23 20:39:02.680 -05:00 [INF] Hosting environment: Development
2022-10-23 20:39:02.681 -05:00 [INF] Content root path: C:\Users\WINDOWS\RiderProjects\TicketsAPI\Api\
2022-10-23 20:40:44.556 -05:00 [INF] Request starting HTTP/2 POST https://localhost:7055/api/v1/Ticket/Create application/json 156
2022-10-23 20:40:45.598 -05:00 [INF] Entity Framework Core 6.0.10 initialized 'TicketsContext' using provider 'Oracle.EntityFrameworkCore:6.0.21.1-20220418' with options: MigrationsHistoryTable=_MigrationHistory OracleSQLCompatibility=11 
2022-10-23 20:40:46.495 -05:00 [INF] Executed DbCommand (100ms) [Parameters=[:userId_0='?' (Size = 16) (DbType = Binary)], CommandType='"Text"', CommandTimeout='0']
SELECT "t"."Id", "t"."CreatedBy", "t"."CreatedOn", "t"."LastModifiedBy", "t"."LastModifiedOn", "t"."Name", "t"."Password", "t"."Username", "u0"."RoleId", "u0"."UserId", "u0"."CreatedBy", "u0"."CreatedOn", "u0"."Id", "u0"."LastModifiedBy", "u0"."LastModifiedOn"
FROM (
    SELECT "u"."Id", "u"."CreatedBy", "u"."CreatedOn", "u"."LastModifiedBy", "u"."LastModifiedOn", "u"."Name", "u"."Password", "u"."Username"
    FROM "User" "u"
    WHERE ("u"."Id" = :userId_0)
    and rownum <= 1
) "t"
LEFT JOIN "UserRole" "u0" ON ("t"."Id" = "u0"."UserId")

ORDER BY "t"."Id", "u0"."RoleId"
2022-10-23 20:40:46.743 -05:00 [INF] Executed DbCommand (1ms) [Parameters=[:user_Id_0='?' (Size = 16) (DbType = Binary)], CommandType='"Text"', CommandTimeout='0']
SELECT "r"."Id", "r"."CreatedBy", "r"."CreatedOn", "r"."LastModifiedBy", "r"."LastModifiedOn", "r"."RoleName"
FROM "UserRole" "u"
INNER JOIN "Role" "r" ON ("u"."RoleId" = "r"."Id")
WHERE ("u"."UserId" = :user_Id_0)
2022-10-23 20:40:46.774 -05:00 [INF] CORS policy execution successful.
2022-10-23 20:40:46.800 -05:00 [INF] Request:
Protocol: HTTP/2
Method: POST
Scheme: https
PathBase: 
Path: /api/v1/Ticket/Create
Accept: text/plain
Host: localhost:7055
User-Agent: Mozilla/5.0 (Windows NT 10.0; Win64; x64) AppleWebKit/537.36 (KHTML, like Gecko) Chrome/106.0.0.0 Safari/537.36 Edg/106.0.1370.52
:method: [Redacted]
Accept-Encoding: gzip, deflate, br
Accept-Language: es,es-ES;q=0.9,en;q=0.8,en-GB;q=0.7,en-US;q=0.6
Authorization: [Redacted]
Content-Type: application/json
Origin: [Redacted]
Referer: [Redacted]
Content-Length: 156
sec-ch-ua: [Redacted]
sec-ch-ua-mobile: [Redacted]
sec-ch-ua-platform: [Redacted]
sec-fetch-site: [Redacted]
sec-fetch-mode: [Redacted]
sec-fetch-dest: [Redacted]
2022-10-23 20:40:46.828 -05:00 [INF] Executing endpoint 'TicketsWebServices.Controllers.Tickets.TicketController.Create (Api)'
2022-10-23 20:40:46.847 -05:00 [INF] Route matched with {action = "Create", controller = "Ticket"}. Executing controller action with signature System.Threading.Tasks.Task`1[Application.Base.Response`1[Application.Tickets.Http.Dto.TicketDto]] Create(Application.Tickets.Http.Request.TicketRequest) on controller TicketsWebServices.Controllers.Tickets.TicketController (Api).
2022-10-23 20:40:46.996 -05:00 [INF] Executed DbCommand (5ms) [Parameters=[:request_GeneratedBy_0='?' (Size = 15)], CommandType='"Text"', CommandTimeout='0']
SELECT "u"."Id", "u"."CreatedBy", "u"."CreatedOn", "u"."LastModifiedBy", "u"."LastModifiedOn", "u"."Name", "u"."Password", "u"."Username"
FROM "User" "u"
WHERE ("u"."Username" = :request_GeneratedBy_0)
and rownum <= 1
2022-10-23 20:40:47.199 -05:00 [INF] Executed DbCommand (23ms) [Parameters=[:p0='?' (Size = 16) (DbType = Binary), :p1='?' (DbType = DateTime), :p2='?' (DbType = Int32), :p3='?' (Size = 2000), :p4='?' (DbType = DateTime), :p5='?' (Size = 2000), :p6='?' (Size = 2000), :p7='?' (DbType = DateTime), :p8='?' (Size = 2000), :p9='?' (DbType = DateTime), :p10='?' (DbType = DateTime), :p11='?' (Size = 2000), :p12='?' (Size = 255)], CommandType='"Text"', CommandTimeout='0']
BEGIN

INSERT INTO "Ticket" ("Id", "AllegedSolveDate", "Code", "CreatedBy", "CreatedOn", "Description", "GeneratedBy", "GeneratedOn", "LastModifiedBy", "LastModifiedOn", "SolvedOn", "Status", "Title")
VALUES (:p0, :p1, :p2, :p3, :p4, :p5, :p6, :p7, :p8, :p9, :p10, :p11, :p12);
END;
2022-10-23 20:40:47.227 -05:00 [ERR] Ocurrió un error Error mapping types.

Mapping types:
Ticket -> TicketDto
Domain.Entity.Ticket -> Application.Tickets.Http.Dto.TicketDto

Type Map configuration:
Ticket -> TicketDto
Domain.Entity.Ticket -> Application.Tickets.Http.Dto.TicketDto

Destination Member:
GeneratedBy

2022-10-23 20:40:47.235 -05:00 [INF] Executing ObjectResult, writing value of type 'Application.Base.Response`1[[Application.Tickets.Http.Dto.TicketDto, Application, Version=1.0.0.0, Culture=neutral, PublicKeyToken=null]]'.
2022-10-23 20:40:47.263 -05:00 [INF] Executed action TicketsWebServices.Controllers.Tickets.TicketController.Create (Api) in 409.5013ms
2022-10-23 20:40:47.265 -05:00 [INF] Executed endpoint 'TicketsWebServices.Controllers.Tickets.TicketController.Create (Api)'
2022-10-23 20:40:47.266 -05:00 [INF] Response:
StatusCode: 200
Content-Type: application/json; charset=utf-8
Date: Mon, 24 Oct 2022 01:40:46 GMT
Server: Kestrel
Access-Control-Allow-Origin: [Redacted]
2022-10-23 20:40:47.275 -05:00 [INF] Request finished HTTP/2 POST https://localhost:7055/api/v1/Ticket/Create application/json 156 - 200 - application/json;+charset=utf-8 2723.2703ms
2022-10-23 20:42:48.729 -05:00 [INF] Request starting HTTP/2 POST https://localhost:7055/api/v1/Ticket/Create application/json 97
2022-10-23 20:42:48.775 -05:00 [INF] Entity Framework Core 6.0.10 initialized 'TicketsContext' using provider 'Oracle.EntityFrameworkCore:6.0.21.1-20220418' with options: MigrationsHistoryTable=_MigrationHistory OracleSQLCompatibility=11 
2022-10-23 20:42:48.886 -05:00 [INF] Executed DbCommand (1ms) [Parameters=[:userId_0='?' (Size = 16) (DbType = Binary)], CommandType='"Text"', CommandTimeout='0']
SELECT "t"."Id", "t"."CreatedBy", "t"."CreatedOn", "t"."LastModifiedBy", "t"."LastModifiedOn", "t"."Name", "t"."Password", "t"."Username", "u0"."RoleId", "u0"."UserId", "u0"."CreatedBy", "u0"."CreatedOn", "u0"."Id", "u0"."LastModifiedBy", "u0"."LastModifiedOn"
FROM (
    SELECT "u"."Id", "u"."CreatedBy", "u"."CreatedOn", "u"."LastModifiedBy", "u"."LastModifiedOn", "u"."Name", "u"."Password", "u"."Username"
    FROM "User" "u"
    WHERE ("u"."Id" = :userId_0)
    and rownum <= 1
) "t"
LEFT JOIN "UserRole" "u0" ON ("t"."Id" = "u0"."UserId")

ORDER BY "t"."Id", "u0"."RoleId"
2022-10-23 20:42:48.924 -05:00 [INF] Executed DbCommand (1ms) [Parameters=[:user_Id_0='?' (Size = 16) (DbType = Binary)], CommandType='"Text"', CommandTimeout='0']
SELECT "r"."Id", "r"."CreatedBy", "r"."CreatedOn", "r"."LastModifiedBy", "r"."LastModifiedOn", "r"."RoleName"
FROM "UserRole" "u"
INNER JOIN "Role" "r" ON ("u"."RoleId" = "r"."Id")
WHERE ("u"."UserId" = :user_Id_0)
2022-10-23 20:42:48.931 -05:00 [INF] CORS policy execution successful.
2022-10-23 20:42:48.935 -05:00 [INF] Request:
Protocol: HTTP/2
Method: POST
Scheme: https
PathBase: 
Path: /api/v1/Ticket/Create
Accept: text/plain
Host: localhost:7055
User-Agent: Mozilla/5.0 (Windows NT 10.0; Win64; x64) AppleWebKit/537.36 (KHTML, like Gecko) Chrome/106.0.0.0 Safari/537.36 Edg/106.0.1370.52
:method: [Redacted]
Accept-Encoding: gzip, deflate, br
Accept-Language: es,es-ES;q=0.9,en;q=0.8,en-GB;q=0.7,en-US;q=0.6
Authorization: [Redacted]
Content-Type: application/json
Origin: [Redacted]
Referer: [Redacted]
Content-Length: 97
sec-ch-ua: [Redacted]
sec-ch-ua-mobile: [Redacted]
sec-ch-ua-platform: [Redacted]
sec-fetch-site: [Redacted]
sec-fetch-mode: [Redacted]
sec-fetch-dest: [Redacted]
2022-10-23 20:42:48.937 -05:00 [INF] Executing endpoint 'TicketsWebServices.Controllers.Tickets.TicketController.Create (Api)'
2022-10-23 20:42:48.938 -05:00 [INF] Route matched with {action = "Create", controller = "Ticket"}. Executing controller action with signature System.Threading.Tasks.Task`1[Application.Base.Response`1[Application.Tickets.Http.Dto.TicketDto]] Create(Application.Tickets.Http.Request.TicketRequest) on controller TicketsWebServices.Controllers.Tickets.TicketController (Api).
2022-10-23 20:42:48.942 -05:00 [INF] Executing BadRequestObjectResult, writing value of type 'Microsoft.AspNetCore.Mvc.ValidationProblemDetails'.
2022-10-23 20:42:48.944 -05:00 [INF] Executed action TicketsWebServices.Controllers.Tickets.TicketController.Create (Api) in 4.3706ms
2022-10-23 20:42:48.945 -05:00 [INF] Executed endpoint 'TicketsWebServices.Controllers.Tickets.TicketController.Create (Api)'
2022-10-23 20:42:48.946 -05:00 [INF] Response:
StatusCode: 400
Content-Type: application/problem+json; charset=utf-8
Date: Mon, 24 Oct 2022 01:42:48 GMT
Server: Kestrel
Access-Control-Allow-Origin: [Redacted]
2022-10-23 20:42:48.947 -05:00 [INF] Request finished HTTP/2 POST https://localhost:7055/api/v1/Ticket/Create application/json 97 - 400 - application/problem+json;+charset=utf-8 218.6620ms
2022-10-23 20:43:23.587 -05:00 [INF] Application is shutting down...
