2022-10-21 22:03:13.274 -05:00 [INF] User profile is available. Using 'C:\Users\WINDOWS\AppData\Local\ASP.NET\DataProtection-Keys' as key repository and Windows DPAPI to encrypt keys at rest.
2022-10-21 22:03:13.483 -05:00 [INF] Now listening on: http://localhost:5000
2022-10-21 22:03:13.485 -05:00 [INF] Now listening on: https://localhost:5001
2022-10-21 22:03:13.492 -05:00 [INF] Application started. Press Ctrl+C to shut down.
2022-10-21 22:03:13.493 -05:00 [INF] Hosting environment: Production
2022-10-21 22:03:13.494 -05:00 [INF] Content root path: C:\Users\WINDOWS\RiderProjects\TicketsAPI\Api\
2022-10-21 22:03:31.984 -05:00 [INF] Request starting HTTP/2 GET https://localhost:5001/ - -
2022-10-21 22:03:33.337 -05:00 [INF] Entity Framework Core 6.0.10 initialized 'TicketsContext' using provider 'Oracle.EntityFrameworkCore:6.0.21.1-20220418' with options: MigrationsHistoryTable=_MigrationHistory 
2022-10-21 22:03:33.385 -05:00 [INF] Request:
Protocol: HTTP/2
Method: GET
Scheme: https
PathBase: 
Path: /
Accept: text/html,application/xhtml+xml,application/xml;q=0.9,image/webp,image/apng,*/*;q=0.8,application/signed-exchange;v=b3;q=0.9
Host: localhost:5001
User-Agent: Mozilla/5.0 (Windows NT 10.0; Win64; x64) AppleWebKit/537.36 (KHTML, like Gecko) Chrome/106.0.0.0 Safari/537.36 Edg/106.0.1370.47
:method: [Redacted]
Accept-Encoding: gzip, deflate, br
Accept-Language: es,es-ES;q=0.9,en;q=0.8,en-GB;q=0.7,en-US;q=0.6
Cache-Control: max-age=0
Cookie: [Redacted]
Upgrade-Insecure-Requests: [Redacted]
sec-ch-ua: [Redacted]
sec-ch-ua-mobile: [Redacted]
sec-ch-ua-platform: [Redacted]
sec-fetch-site: [Redacted]
sec-fetch-mode: [Redacted]
sec-fetch-user: [Redacted]
sec-fetch-dest: [Redacted]
2022-10-21 22:03:33.435 -05:00 [INF] Response:
StatusCode: 404
2022-10-21 22:03:33.455 -05:00 [INF] Request finished HTTP/2 GET https://localhost:5001/ - - - 404 0 - 1477.5170ms
2022-10-21 22:03:38.640 -05:00 [INF] Request starting HTTP/2 GET https://localhost:5001/api/v1/Ticket/All - -
2022-10-21 22:03:38.724 -05:00 [INF] Entity Framework Core 6.0.10 initialized 'TicketsContext' using provider 'Oracle.EntityFrameworkCore:6.0.21.1-20220418' with options: MigrationsHistoryTable=_MigrationHistory 
2022-10-21 22:03:38.732 -05:00 [INF] Request:
Protocol: HTTP/2
Method: GET
Scheme: https
PathBase: 
Path: /api/v1/Ticket/All
Accept: text/html,application/xhtml+xml,application/xml;q=0.9,image/webp,image/apng,*/*;q=0.8,application/signed-exchange;v=b3;q=0.9
Host: localhost:5001
User-Agent: Mozilla/5.0 (Windows NT 10.0; Win64; x64) AppleWebKit/537.36 (KHTML, like Gecko) Chrome/106.0.0.0 Safari/537.36 Edg/106.0.1370.47
:method: [Redacted]
Accept-Encoding: gzip, deflate, br
Accept-Language: es,es-ES;q=0.9,en;q=0.8,en-GB;q=0.7,en-US;q=0.6
Cookie: [Redacted]
Upgrade-Insecure-Requests: [Redacted]
sec-ch-ua: [Redacted]
sec-ch-ua-mobile: [Redacted]
sec-ch-ua-platform: [Redacted]
sec-fetch-site: [Redacted]
sec-fetch-mode: [Redacted]
sec-fetch-user: [Redacted]
sec-fetch-dest: [Redacted]
2022-10-21 22:03:38.742 -05:00 [INF] Executing endpoint 'TicketsWebServices.Controllers.Tickets.TicketController.GetAll (Api)'
2022-10-21 22:03:38.764 -05:00 [INF] Route matched with {action = "GetAll", controller = "Ticket"}. Executing controller action with signature System.Threading.Tasks.Task`1[Application.Base.Response`1[System.Collections.Generic.IEnumerable`1[Application.Tickets.Http.Dto.TicketDto]]] GetAll() on controller TicketsWebServices.Controllers.Tickets.TicketController (Api).
2022-10-21 22:03:38.782 -05:00 [INF] Executed action TicketsWebServices.Controllers.Tickets.TicketController.GetAll (Api) in 4.0492ms
2022-10-21 22:03:38.787 -05:00 [INF] Executed endpoint 'TicketsWebServices.Controllers.Tickets.TicketController.GetAll (Api)'
2022-10-21 22:03:38.844 -05:00 [ERR] Connection id "0HMLJR807H2IH", Request id "0HMLJR807H2IH:00000003": An unhandled exception was thrown by the application.
System.NullReferenceException: Object reference not set to an instance of an object.
   at Application.Security.AuthorizeAttribute.OnAuthorization(AuthorizationFilterContext context) in C:\Users\WINDOWS\RiderProjects\TicketsAPI\Application\Security\AuthorizeAttribute.cs:line 27
   at Microsoft.AspNetCore.Mvc.Infrastructure.ResourceInvoker.Next(State& next, Scope& scope, Object& state, Boolean& isCompleted)
   at Microsoft.AspNetCore.Mvc.Infrastructure.ResourceInvoker.InvokeFilterPipelineAsync()
--- End of stack trace from previous location ---
   at Microsoft.AspNetCore.Mvc.Infrastructure.ResourceInvoker.<InvokeAsync>g__Logged|17_1(ResourceInvoker invoker)
   at Microsoft.AspNetCore.Mvc.Infrastructure.ResourceInvoker.<InvokeAsync>g__Logged|17_1(ResourceInvoker invoker)
   at Microsoft.AspNetCore.Routing.EndpointMiddleware.<Invoke>g__AwaitRequestTask|6_0(Endpoint endpoint, Task requestTask, ILogger logger)
   at Microsoft.AspNetCore.Authentication.AuthenticationMiddleware.Invoke(HttpContext context)
   at Microsoft.AspNetCore.Authorization.AuthorizationMiddleware.Invoke(HttpContext context)
   at Microsoft.AspNetCore.HttpLogging.HttpLoggingMiddleware.InvokeInternal(HttpContext context)
   at Infrastructure.Security.Jwt.JwtMiddleware`1.Invoke(HttpContext context, IGenericRepository`1 userRepository, IGenericRepository`1 userRoleRepository) in C:\Users\WINDOWS\RiderProjects\TicketsAPI\Infrastructure\Security\Jwt\JwtMiddleware.cs:line 39
   at Microsoft.AspNetCore.Server.Kestrel.Core.Internal.Http.HttpProtocol.ProcessRequests[TContext](IHttpApplication`1 application)
2022-10-21 22:03:38.864 -05:00 [INF] Request finished HTTP/2 GET https://localhost:5001/api/v1/Ticket/All - - - 500 0 - 223.3589ms
2022-10-21 22:04:13.167 -05:00 [INF] Request starting HTTP/2 GET https://localhost:5001/api/v1/Ticket/All - -
2022-10-21 22:04:13.186 -05:00 [INF] Entity Framework Core 6.0.10 initialized 'TicketsContext' using provider 'Oracle.EntityFrameworkCore:6.0.21.1-20220418' with options: MigrationsHistoryTable=_MigrationHistory 
2022-10-21 22:04:13.193 -05:00 [INF] Request:
Protocol: HTTP/2
Method: GET
Scheme: https
PathBase: 
Path: /api/v1/Ticket/All
Accept: text/html,application/xhtml+xml,application/xml;q=0.9,image/webp,image/apng,*/*;q=0.8,application/signed-exchange;v=b3;q=0.9
Host: localhost:5001
User-Agent: Mozilla/5.0 (Windows NT 10.0; Win64; x64) AppleWebKit/537.36 (KHTML, like Gecko) Chrome/106.0.0.0 Safari/537.36 Edg/106.0.1370.47
:method: [Redacted]
Accept-Encoding: gzip, deflate, br
Accept-Language: es,es-ES;q=0.9,en;q=0.8,en-GB;q=0.7,en-US;q=0.6
Cache-Control: max-age=0
Cookie: [Redacted]
Upgrade-Insecure-Requests: [Redacted]
sec-ch-ua: [Redacted]
sec-ch-ua-mobile: [Redacted]
sec-ch-ua-platform: [Redacted]
sec-fetch-site: [Redacted]
sec-fetch-mode: [Redacted]
sec-fetch-user: [Redacted]
sec-fetch-dest: [Redacted]
2022-10-21 22:04:13.199 -05:00 [INF] Executing endpoint 'TicketsWebServices.Controllers.Tickets.TicketController.GetAll (Api)'
2022-10-21 22:04:13.200 -05:00 [INF] Route matched with {action = "GetAll", controller = "Ticket"}. Executing controller action with signature System.Threading.Tasks.Task`1[Application.Base.Response`1[System.Collections.Generic.IEnumerable`1[Application.Tickets.Http.Dto.TicketDto]]] GetAll() on controller TicketsWebServices.Controllers.Tickets.TicketController (Api).
2022-10-21 22:04:13.204 -05:00 [INF] Executed action TicketsWebServices.Controllers.Tickets.TicketController.GetAll (Api) in 0.2999ms
2022-10-21 22:04:13.205 -05:00 [INF] Executed endpoint 'TicketsWebServices.Controllers.Tickets.TicketController.GetAll (Api)'
2022-10-21 22:04:13.210 -05:00 [ERR] Connection id "0HMLJR807H2IH", Request id "0HMLJR807H2IH:00000005": An unhandled exception was thrown by the application.
System.NullReferenceException: Object reference not set to an instance of an object.
   at Application.Security.AuthorizeAttribute.OnAuthorization(AuthorizationFilterContext context) in C:\Users\WINDOWS\RiderProjects\TicketsAPI\Application\Security\AuthorizeAttribute.cs:line 27
   at Microsoft.AspNetCore.Mvc.Infrastructure.ResourceInvoker.Next(State& next, Scope& scope, Object& state, Boolean& isCompleted)
   at Microsoft.AspNetCore.Mvc.Infrastructure.ResourceInvoker.InvokeFilterPipelineAsync()
--- End of stack trace from previous location ---
   at Microsoft.AspNetCore.Mvc.Infrastructure.ResourceInvoker.<InvokeAsync>g__Logged|17_1(ResourceInvoker invoker)
   at Microsoft.AspNetCore.Mvc.Infrastructure.ResourceInvoker.<InvokeAsync>g__Logged|17_1(ResourceInvoker invoker)
   at Microsoft.AspNetCore.Routing.EndpointMiddleware.<Invoke>g__AwaitRequestTask|6_0(Endpoint endpoint, Task requestTask, ILogger logger)
   at Microsoft.AspNetCore.Authentication.AuthenticationMiddleware.Invoke(HttpContext context)
   at Microsoft.AspNetCore.Authorization.AuthorizationMiddleware.Invoke(HttpContext context)
   at Microsoft.AspNetCore.HttpLogging.HttpLoggingMiddleware.InvokeInternal(HttpContext context)
   at Infrastructure.Security.Jwt.JwtMiddleware`1.Invoke(HttpContext context, IGenericRepository`1 userRepository, IGenericRepository`1 userRoleRepository) in C:\Users\WINDOWS\RiderProjects\TicketsAPI\Infrastructure\Security\Jwt\JwtMiddleware.cs:line 39
   at Microsoft.AspNetCore.Server.Kestrel.Core.Internal.Http.HttpProtocol.ProcessRequests[TContext](IHttpApplication`1 application)
2022-10-21 22:04:13.231 -05:00 [INF] Request finished HTTP/2 GET https://localhost:5001/api/v1/Ticket/All - - - 500 0 - 64.5250ms
2022-10-21 22:04:14.730 -05:00 [INF] Request starting HTTP/2 GET https://localhost:5001/api/v1/Ticket/All - -
2022-10-21 22:04:14.733 -05:00 [INF] Entity Framework Core 6.0.10 initialized 'TicketsContext' using provider 'Oracle.EntityFrameworkCore:6.0.21.1-20220418' with options: MigrationsHistoryTable=_MigrationHistory 
2022-10-21 22:04:14.738 -05:00 [INF] Request:
Protocol: HTTP/2
Method: GET
Scheme: https
PathBase: 
Path: /api/v1/Ticket/All
Accept: text/html,application/xhtml+xml,application/xml;q=0.9,image/webp,image/apng,*/*;q=0.8,application/signed-exchange;v=b3;q=0.9
Host: localhost:5001
User-Agent: Mozilla/5.0 (Windows NT 10.0; Win64; x64) AppleWebKit/537.36 (KHTML, like Gecko) Chrome/106.0.0.0 Safari/537.36 Edg/106.0.1370.47
:method: [Redacted]
Accept-Encoding: gzip, deflate, br
Accept-Language: es,es-ES;q=0.9,en;q=0.8,en-GB;q=0.7,en-US;q=0.6
Cache-Control: max-age=0
Cookie: [Redacted]
Upgrade-Insecure-Requests: [Redacted]
sec-ch-ua: [Redacted]
sec-ch-ua-mobile: [Redacted]
sec-ch-ua-platform: [Redacted]
sec-fetch-site: [Redacted]
sec-fetch-mode: [Redacted]
sec-fetch-user: [Redacted]
sec-fetch-dest: [Redacted]
2022-10-21 22:04:14.742 -05:00 [INF] Executing endpoint 'TicketsWebServices.Controllers.Tickets.TicketController.GetAll (Api)'
2022-10-21 22:04:14.743 -05:00 [INF] Route matched with {action = "GetAll", controller = "Ticket"}. Executing controller action with signature System.Threading.Tasks.Task`1[Application.Base.Response`1[System.Collections.Generic.IEnumerable`1[Application.Tickets.Http.Dto.TicketDto]]] GetAll() on controller TicketsWebServices.Controllers.Tickets.TicketController (Api).
2022-10-21 22:04:14.750 -05:00 [INF] Executed action TicketsWebServices.Controllers.Tickets.TicketController.GetAll (Api) in 0.4745ms
2022-10-21 22:04:14.753 -05:00 [INF] Executed endpoint 'TicketsWebServices.Controllers.Tickets.TicketController.GetAll (Api)'
2022-10-21 22:04:14.756 -05:00 [ERR] Connection id "0HMLJR807H2IH", Request id "0HMLJR807H2IH:00000007": An unhandled exception was thrown by the application.
System.NullReferenceException: Object reference not set to an instance of an object.
   at Application.Security.AuthorizeAttribute.OnAuthorization(AuthorizationFilterContext context) in C:\Users\WINDOWS\RiderProjects\TicketsAPI\Application\Security\AuthorizeAttribute.cs:line 27
   at Microsoft.AspNetCore.Mvc.Infrastructure.ResourceInvoker.Next(State& next, Scope& scope, Object& state, Boolean& isCompleted)
   at Microsoft.AspNetCore.Mvc.Infrastructure.ResourceInvoker.InvokeFilterPipelineAsync()
--- End of stack trace from previous location ---
   at Microsoft.AspNetCore.Mvc.Infrastructure.ResourceInvoker.<InvokeAsync>g__Logged|17_1(ResourceInvoker invoker)
   at Microsoft.AspNetCore.Mvc.Infrastructure.ResourceInvoker.<InvokeAsync>g__Logged|17_1(ResourceInvoker invoker)
   at Microsoft.AspNetCore.Routing.EndpointMiddleware.<Invoke>g__AwaitRequestTask|6_0(Endpoint endpoint, Task requestTask, ILogger logger)
   at Microsoft.AspNetCore.Authentication.AuthenticationMiddleware.Invoke(HttpContext context)
   at Microsoft.AspNetCore.Authorization.AuthorizationMiddleware.Invoke(HttpContext context)
   at Microsoft.AspNetCore.HttpLogging.HttpLoggingMiddleware.InvokeInternal(HttpContext context)
   at Infrastructure.Security.Jwt.JwtMiddleware`1.Invoke(HttpContext context, IGenericRepository`1 userRepository, IGenericRepository`1 userRoleRepository) in C:\Users\WINDOWS\RiderProjects\TicketsAPI\Infrastructure\Security\Jwt\JwtMiddleware.cs:line 39
   at Microsoft.AspNetCore.Server.Kestrel.Core.Internal.Http.HttpProtocol.ProcessRequests[TContext](IHttpApplication`1 application)
2022-10-21 22:04:14.777 -05:00 [INF] Request finished HTTP/2 GET https://localhost:5001/api/v1/Ticket/All - - - 500 0 - 46.0454ms
2022-10-21 22:04:24.035 -05:00 [INF] Request starting HTTP/2 GET https://localhost:5001/api/v1/Ticket/All - -
2022-10-21 22:04:24.045 -05:00 [INF] Entity Framework Core 6.0.10 initialized 'TicketsContext' using provider 'Oracle.EntityFrameworkCore:6.0.21.1-20220418' with options: MigrationsHistoryTable=_MigrationHistory 
2022-10-21 22:04:24.051 -05:00 [INF] Request:
Protocol: HTTP/2
Method: GET
Scheme: https
PathBase: 
Path: /api/v1/Ticket/All
Accept: text/html,application/xhtml+xml,application/xml;q=0.9,image/webp,image/apng,*/*;q=0.8,application/signed-exchange;v=b3;q=0.9
Host: localhost:5001
User-Agent: Mozilla/5.0 (Windows NT 10.0; Win64; x64) AppleWebKit/537.36 (KHTML, like Gecko) Chrome/106.0.0.0 Safari/537.36 Edg/106.0.1370.47
:method: [Redacted]
Accept-Encoding: gzip, deflate, br
Accept-Language: es,es-ES;q=0.9,en;q=0.8,en-GB;q=0.7,en-US;q=0.6
Cache-Control: max-age=0
Cookie: [Redacted]
Upgrade-Insecure-Requests: [Redacted]
sec-ch-ua: [Redacted]
sec-ch-ua-mobile: [Redacted]
sec-ch-ua-platform: [Redacted]
sec-fetch-site: [Redacted]
sec-fetch-mode: [Redacted]
sec-fetch-user: [Redacted]
sec-fetch-dest: [Redacted]
2022-10-21 22:04:24.056 -05:00 [INF] Executing endpoint 'TicketsWebServices.Controllers.Tickets.TicketController.GetAll (Api)'
2022-10-21 22:04:24.058 -05:00 [INF] Route matched with {action = "GetAll", controller = "Ticket"}. Executing controller action with signature System.Threading.Tasks.Task`1[Application.Base.Response`1[System.Collections.Generic.IEnumerable`1[Application.Tickets.Http.Dto.TicketDto]]] GetAll() on controller TicketsWebServices.Controllers.Tickets.TicketController (Api).
2022-10-21 22:04:24.062 -05:00 [INF] Executed action TicketsWebServices.Controllers.Tickets.TicketController.GetAll (Api) in 0.258ms
2022-10-21 22:04:24.068 -05:00 [INF] Executed endpoint 'TicketsWebServices.Controllers.Tickets.TicketController.GetAll (Api)'
2022-10-21 22:04:24.071 -05:00 [ERR] Connection id "0HMLJR807H2IH", Request id "0HMLJR807H2IH:00000009": An unhandled exception was thrown by the application.
System.NullReferenceException: Object reference not set to an instance of an object.
   at Application.Security.AuthorizeAttribute.OnAuthorization(AuthorizationFilterContext context) in C:\Users\WINDOWS\RiderProjects\TicketsAPI\Application\Security\AuthorizeAttribute.cs:line 27
   at Microsoft.AspNetCore.Mvc.Infrastructure.ResourceInvoker.Next(State& next, Scope& scope, Object& state, Boolean& isCompleted)
   at Microsoft.AspNetCore.Mvc.Infrastructure.ResourceInvoker.InvokeFilterPipelineAsync()
--- End of stack trace from previous location ---
   at Microsoft.AspNetCore.Mvc.Infrastructure.ResourceInvoker.<InvokeAsync>g__Logged|17_1(ResourceInvoker invoker)
   at Microsoft.AspNetCore.Mvc.Infrastructure.ResourceInvoker.<InvokeAsync>g__Logged|17_1(ResourceInvoker invoker)
   at Microsoft.AspNetCore.Routing.EndpointMiddleware.<Invoke>g__AwaitRequestTask|6_0(Endpoint endpoint, Task requestTask, ILogger logger)
   at Microsoft.AspNetCore.Authentication.AuthenticationMiddleware.Invoke(HttpContext context)
   at Microsoft.AspNetCore.Authorization.AuthorizationMiddleware.Invoke(HttpContext context)
   at Microsoft.AspNetCore.HttpLogging.HttpLoggingMiddleware.InvokeInternal(HttpContext context)
   at Infrastructure.Security.Jwt.JwtMiddleware`1.Invoke(HttpContext context, IGenericRepository`1 userRepository, IGenericRepository`1 userRoleRepository) in C:\Users\WINDOWS\RiderProjects\TicketsAPI\Infrastructure\Security\Jwt\JwtMiddleware.cs:line 39
   at Microsoft.AspNetCore.Server.Kestrel.Core.Internal.Http.HttpProtocol.ProcessRequests[TContext](IHttpApplication`1 application)
2022-10-21 22:04:24.093 -05:00 [INF] Request finished HTTP/2 GET https://localhost:5001/api/v1/Ticket/All - - - 500 0 - 58.2372ms
2022-10-21 22:04:49.518 -05:00 [INF] Application is shutting down...
