2022-10-23 20:57:42.897 -05:00 [INF] User profile is available. Using 'C:\Users\WINDOWS\AppData\Local\ASP.NET\DataProtection-Keys' as key repository and Windows DPAPI to encrypt keys at rest.
2022-10-23 20:57:43.242 -05:00 [INF] Now listening on: http://localhost:5000
2022-10-23 20:57:43.247 -05:00 [INF] Now listening on: https://localhost:5001
2022-10-23 20:57:43.256 -05:00 [INF] Application started. Press Ctrl+C to shut down.
2022-10-23 20:57:43.260 -05:00 [INF] Hosting environment: Production
2022-10-23 20:57:43.264 -05:00 [INF] Content root path: C:\Users\WINDOWS\RiderProjects\TicketsAPI\Api\
2022-10-23 20:58:02.765 -05:00 [INF] Request starting HTTP/1.1 GET https://localhost:5001/api/v1/Ticket/GetByCode/12 - -
2022-10-23 20:58:03.657 -05:00 [INF] Entity Framework Core 6.0.10 initialized 'TicketsContext' using provider 'Oracle.EntityFrameworkCore:6.0.21.1-20220418' with options: MigrationsHistoryTable=_MigrationHistory OracleSQLCompatibility=11 
2022-10-23 20:58:04.590 -05:00 [INF] Executed DbCommand (58ms) [Parameters=[:userId_0='?' (Size = 16) (DbType = Binary)], CommandType='"Text"', CommandTimeout='0']
SELECT "t"."Id", "t"."CreatedBy", "t"."CreatedOn", "t"."LastModifiedBy", "t"."LastModifiedOn", "t"."Name", "t"."Password", "t"."Username", "u0"."RoleId", "u0"."UserId", "u0"."CreatedBy", "u0"."CreatedOn", "u0"."Id", "u0"."LastModifiedBy", "u0"."LastModifiedOn"
FROM (
    SELECT "u"."Id", "u"."CreatedBy", "u"."CreatedOn", "u"."LastModifiedBy", "u"."LastModifiedOn", "u"."Name", "u"."Password", "u"."Username"
    FROM "User" "u"
    WHERE ("u"."Id" = :userId_0)
    and rownum <= 1
) "t"
LEFT JOIN "UserRole" "u0" ON ("t"."Id" = "u0"."UserId")

ORDER BY "t"."Id", "u0"."RoleId"
2022-10-23 20:58:04.788 -05:00 [INF] Executed DbCommand (2ms) [Parameters=[:user_Id_0='?' (Size = 16) (DbType = Binary)], CommandType='"Text"', CommandTimeout='0']
SELECT "r"."Id", "r"."CreatedBy", "r"."CreatedOn", "r"."LastModifiedBy", "r"."LastModifiedOn", "r"."RoleName"
FROM "UserRole" "u"
INNER JOIN "Role" "r" ON ("u"."RoleId" = "r"."Id")
WHERE ("u"."UserId" = :user_Id_0)
2022-10-23 20:58:04.834 -05:00 [INF] Request:
Protocol: HTTP/1.1
Method: GET
Scheme: https
PathBase: 
Path: /api/v1/Ticket/GetByCode/12
Accept: */*
Connection: keep-alive
Host: localhost:5001
User-Agent: PostmanRuntime/7.29.2
Accept-Encoding: gzip, deflate, br
Authorization: [Redacted]
Postman-Token: [Redacted]
2022-10-23 20:58:04.870 -05:00 [INF] Executing endpoint 'TicketsWebServices.Controllers.Tickets.TicketController.GetById (Api)'
2022-10-23 20:58:04.886 -05:00 [INF] Route matched with {action = "GetById", controller = "Ticket"}. Executing controller action with signature System.Threading.Tasks.Task`1[Application.Base.Response`1[Application.Tickets.Http.Dto.TicketDto]] GetById(Int32) on controller TicketsWebServices.Controllers.Tickets.TicketController (Api).
2022-10-23 20:58:05.276 -05:00 [ERR] Ocurri贸 un error Error parsing column 0 (Id=System.Byte[] - Object)
2022-10-23 20:58:05.283 -05:00 [INF] Executing ObjectResult, writing value of type 'Application.Base.Response`1[[Application.Tickets.Http.Dto.TicketDto, Application, Version=1.0.0.0, Culture=neutral, PublicKeyToken=null]]'.
2022-10-23 20:58:05.323 -05:00 [INF] Executed action TicketsWebServices.Controllers.Tickets.TicketController.GetById (Api) in 430.429ms
2022-10-23 20:58:05.325 -05:00 [INF] Executed endpoint 'TicketsWebServices.Controllers.Tickets.TicketController.GetById (Api)'
2022-10-23 20:58:05.327 -05:00 [INF] Response:
StatusCode: 200
Content-Type: application/json; charset=utf-8
Date: Mon, 24 Oct 2022 01:58:05 GMT
Server: Kestrel
Transfer-Encoding: chunked
2022-10-23 20:58:05.337 -05:00 [INF] Request finished HTTP/1.1 GET https://localhost:5001/api/v1/Ticket/GetByCode/12 - - - 200 - application/json;+charset=utf-8 2573.2598ms
2022-10-23 20:58:19.274 -05:00 [INF] Request starting HTTP/1.1 GET https://localhost:5001/api/v1/Ticket/GetByCode/12 - -
2022-10-23 20:58:19.300 -05:00 [INF] Entity Framework Core 6.0.10 initialized 'TicketsContext' using provider 'Oracle.EntityFrameworkCore:6.0.21.1-20220418' with options: MigrationsHistoryTable=_MigrationHistory OracleSQLCompatibility=11 
2022-10-23 20:58:19.343 -05:00 [INF] Executed DbCommand (1ms) [Parameters=[:userId_0='?' (Size = 16) (DbType = Binary)], CommandType='"Text"', CommandTimeout='0']
SELECT "t"."Id", "t"."CreatedBy", "t"."CreatedOn", "t"."LastModifiedBy", "t"."LastModifiedOn", "t"."Name", "t"."Password", "t"."Username", "u0"."RoleId", "u0"."UserId", "u0"."CreatedBy", "u0"."CreatedOn", "u0"."Id", "u0"."LastModifiedBy", "u0"."LastModifiedOn"
FROM (
    SELECT "u"."Id", "u"."CreatedBy", "u"."CreatedOn", "u"."LastModifiedBy", "u"."LastModifiedOn", "u"."Name", "u"."Password", "u"."Username"
    FROM "User" "u"
    WHERE ("u"."Id" = :userId_0)
    and rownum <= 1
) "t"
LEFT JOIN "UserRole" "u0" ON ("t"."Id" = "u0"."UserId")

ORDER BY "t"."Id", "u0"."RoleId"
2022-10-23 20:58:19.399 -05:00 [INF] Executed DbCommand (1ms) [Parameters=[:user_Id_0='?' (Size = 16) (DbType = Binary)], CommandType='"Text"', CommandTimeout='0']
SELECT "r"."Id", "r"."CreatedBy", "r"."CreatedOn", "r"."LastModifiedBy", "r"."LastModifiedOn", "r"."RoleName"
FROM "UserRole" "u"
INNER JOIN "Role" "r" ON ("u"."RoleId" = "r"."Id")
WHERE ("u"."UserId" = :user_Id_0)
2022-10-23 20:58:19.405 -05:00 [INF] Request:
Protocol: HTTP/1.1
Method: GET
Scheme: https
PathBase: 
Path: /api/v1/Ticket/GetByCode/12
Accept: */*
Connection: keep-alive
Host: localhost:5001
User-Agent: PostmanRuntime/7.29.2
Accept-Encoding: gzip, deflate, br
Authorization: [Redacted]
Postman-Token: [Redacted]
2022-10-23 20:58:19.408 -05:00 [INF] Executing endpoint 'TicketsWebServices.Controllers.Tickets.TicketController.GetById (Api)'
2022-10-23 20:58:19.409 -05:00 [INF] Route matched with {action = "GetById", controller = "Ticket"}. Executing controller action with signature System.Threading.Tasks.Task`1[Application.Base.Response`1[Application.Tickets.Http.Dto.TicketDto]] GetById(Int32) on controller TicketsWebServices.Controllers.Tickets.TicketController (Api).
2022-10-23 20:58:19.491 -05:00 [ERR] Ocurri贸 un error Error parsing column 0 (Id=System.Byte[] - Object)
2022-10-23 20:58:19.493 -05:00 [INF] Executing ObjectResult, writing value of type 'Application.Base.Response`1[[Application.Tickets.Http.Dto.TicketDto, Application, Version=1.0.0.0, Culture=neutral, PublicKeyToken=null]]'.
2022-10-23 20:58:19.495 -05:00 [INF] Executed action TicketsWebServices.Controllers.Tickets.TicketController.GetById (Api) in 83.2019ms
2022-10-23 20:58:19.496 -05:00 [INF] Executed endpoint 'TicketsWebServices.Controllers.Tickets.TicketController.GetById (Api)'
2022-10-23 20:58:19.497 -05:00 [INF] Response:
StatusCode: 200
Content-Type: application/json; charset=utf-8
Date: Mon, 24 Oct 2022 01:58:19 GMT
Server: Kestrel
Transfer-Encoding: chunked
2022-10-23 20:58:19.502 -05:00 [INF] Request finished HTTP/1.1 GET https://localhost:5001/api/v1/Ticket/GetByCode/12 - - - 200 - application/json;+charset=utf-8 227.7639ms
2022-10-23 20:58:20.906 -05:00 [INF] Request starting HTTP/1.1 GET https://localhost:5001/api/v1/Ticket/GetByCode/12 - -
2022-10-23 20:58:20.915 -05:00 [INF] Entity Framework Core 6.0.10 initialized 'TicketsContext' using provider 'Oracle.EntityFrameworkCore:6.0.21.1-20220418' with options: MigrationsHistoryTable=_MigrationHistory OracleSQLCompatibility=11 
2022-10-23 20:58:20.964 -05:00 [INF] Executed DbCommand (1ms) [Parameters=[:userId_0='?' (Size = 16) (DbType = Binary)], CommandType='"Text"', CommandTimeout='0']
SELECT "t"."Id", "t"."CreatedBy", "t"."CreatedOn", "t"."LastModifiedBy", "t"."LastModifiedOn", "t"."Name", "t"."Password", "t"."Username", "u0"."RoleId", "u0"."UserId", "u0"."CreatedBy", "u0"."CreatedOn", "u0"."Id", "u0"."LastModifiedBy", "u0"."LastModifiedOn"
FROM (
    SELECT "u"."Id", "u"."CreatedBy", "u"."CreatedOn", "u"."LastModifiedBy", "u"."LastModifiedOn", "u"."Name", "u"."Password", "u"."Username"
    FROM "User" "u"
    WHERE ("u"."Id" = :userId_0)
    and rownum <= 1
) "t"
LEFT JOIN "UserRole" "u0" ON ("t"."Id" = "u0"."UserId")

ORDER BY "t"."Id", "u0"."RoleId"
2022-10-23 20:58:21.008 -05:00 [INF] Executed DbCommand (1ms) [Parameters=[:user_Id_0='?' (Size = 16) (DbType = Binary)], CommandType='"Text"', CommandTimeout='0']
SELECT "r"."Id", "r"."CreatedBy", "r"."CreatedOn", "r"."LastModifiedBy", "r"."LastModifiedOn", "r"."RoleName"
FROM "UserRole" "u"
INNER JOIN "Role" "r" ON ("u"."RoleId" = "r"."Id")
WHERE ("u"."UserId" = :user_Id_0)
2022-10-23 20:58:21.012 -05:00 [INF] Request:
Protocol: HTTP/1.1
Method: GET
Scheme: https
PathBase: 
Path: /api/v1/Ticket/GetByCode/12
Accept: */*
Connection: keep-alive
Host: localhost:5001
User-Agent: PostmanRuntime/7.29.2
Accept-Encoding: gzip, deflate, br
Authorization: [Redacted]
Postman-Token: [Redacted]
2022-10-23 20:58:21.016 -05:00 [INF] Executing endpoint 'TicketsWebServices.Controllers.Tickets.TicketController.GetById (Api)'
2022-10-23 20:58:21.017 -05:00 [INF] Route matched with {action = "GetById", controller = "Ticket"}. Executing controller action with signature System.Threading.Tasks.Task`1[Application.Base.Response`1[Application.Tickets.Http.Dto.TicketDto]] GetById(Int32) on controller TicketsWebServices.Controllers.Tickets.TicketController (Api).
2022-10-23 20:58:21.097 -05:00 [ERR] Ocurri贸 un error Error parsing column 0 (Id=System.Byte[] - Object)
2022-10-23 20:58:21.098 -05:00 [INF] Executing ObjectResult, writing value of type 'Application.Base.Response`1[[Application.Tickets.Http.Dto.TicketDto, Application, Version=1.0.0.0, Culture=neutral, PublicKeyToken=null]]'.
2022-10-23 20:58:21.101 -05:00 [INF] Executed action TicketsWebServices.Controllers.Tickets.TicketController.GetById (Api) in 81.5379ms
2022-10-23 20:58:21.103 -05:00 [INF] Executed endpoint 'TicketsWebServices.Controllers.Tickets.TicketController.GetById (Api)'
2022-10-23 20:58:21.104 -05:00 [INF] Response:
StatusCode: 200
Content-Type: application/json; charset=utf-8
Date: Mon, 24 Oct 2022 01:58:20 GMT
Server: Kestrel
Transfer-Encoding: chunked
2022-10-23 20:58:21.108 -05:00 [INF] Request finished HTTP/1.1 GET https://localhost:5001/api/v1/Ticket/GetByCode/12 - - - 200 - application/json;+charset=utf-8 201.5633ms
2022-10-23 20:58:31.768 -05:00 [INF] Request starting HTTP/1.1 GET https://localhost:5001/api/v1/Ticket/GetByCode/12 - -
2022-10-23 20:58:31.771 -05:00 [INF] Entity Framework Core 6.0.10 initialized 'TicketsContext' using provider 'Oracle.EntityFrameworkCore:6.0.21.1-20220418' with options: MigrationsHistoryTable=_MigrationHistory OracleSQLCompatibility=11 
2022-10-23 20:58:31.815 -05:00 [INF] Executed DbCommand (1ms) [Parameters=[:userId_0='?' (Size = 16) (DbType = Binary)], CommandType='"Text"', CommandTimeout='0']
SELECT "t"."Id", "t"."CreatedBy", "t"."CreatedOn", "t"."LastModifiedBy", "t"."LastModifiedOn", "t"."Name", "t"."Password", "t"."Username", "u0"."RoleId", "u0"."UserId", "u0"."CreatedBy", "u0"."CreatedOn", "u0"."Id", "u0"."LastModifiedBy", "u0"."LastModifiedOn"
FROM (
    SELECT "u"."Id", "u"."CreatedBy", "u"."CreatedOn", "u"."LastModifiedBy", "u"."LastModifiedOn", "u"."Name", "u"."Password", "u"."Username"
    FROM "User" "u"
    WHERE ("u"."Id" = :userId_0)
    and rownum <= 1
) "t"
LEFT JOIN "UserRole" "u0" ON ("t"."Id" = "u0"."UserId")

ORDER BY "t"."Id", "u0"."RoleId"
2022-10-23 20:58:31.859 -05:00 [INF] Executed DbCommand (1ms) [Parameters=[:user_Id_0='?' (Size = 16) (DbType = Binary)], CommandType='"Text"', CommandTimeout='0']
SELECT "r"."Id", "r"."CreatedBy", "r"."CreatedOn", "r"."LastModifiedBy", "r"."LastModifiedOn", "r"."RoleName"
FROM "UserRole" "u"
INNER JOIN "Role" "r" ON ("u"."RoleId" = "r"."Id")
WHERE ("u"."UserId" = :user_Id_0)
2022-10-23 20:58:31.863 -05:00 [INF] Request:
Protocol: HTTP/1.1
Method: GET
Scheme: https
PathBase: 
Path: /api/v1/Ticket/GetByCode/12
Accept: */*
Connection: keep-alive
Host: localhost:5001
User-Agent: PostmanRuntime/7.29.2
Accept-Encoding: gzip, deflate, br
Authorization: [Redacted]
Postman-Token: [Redacted]
2022-10-23 20:58:31.866 -05:00 [INF] Executing endpoint 'TicketsWebServices.Controllers.Tickets.TicketController.GetById (Api)'
2022-10-23 20:58:31.867 -05:00 [INF] Route matched with {action = "GetById", controller = "Ticket"}. Executing controller action with signature System.Threading.Tasks.Task`1[Application.Base.Response`1[Application.Tickets.Http.Dto.TicketDto]] GetById(Int32) on controller TicketsWebServices.Controllers.Tickets.TicketController (Api).
2022-10-23 20:58:31.946 -05:00 [ERR] Ocurri贸 un error Error parsing column 0 (Id=System.Byte[] - Object)
2022-10-23 20:58:31.947 -05:00 [INF] Executing ObjectResult, writing value of type 'Application.Base.Response`1[[Application.Tickets.Http.Dto.TicketDto, Application, Version=1.0.0.0, Culture=neutral, PublicKeyToken=null]]'.
2022-10-23 20:58:31.950 -05:00 [INF] Executed action TicketsWebServices.Controllers.Tickets.TicketController.GetById (Api) in 80.8927ms
2022-10-23 20:58:31.951 -05:00 [INF] Executed endpoint 'TicketsWebServices.Controllers.Tickets.TicketController.GetById (Api)'
2022-10-23 20:58:31.953 -05:00 [INF] Response:
StatusCode: 200
Content-Type: application/json; charset=utf-8
Date: Mon, 24 Oct 2022 01:58:31 GMT
Server: Kestrel
Transfer-Encoding: chunked
2022-10-23 20:58:31.955 -05:00 [INF] Request finished HTTP/1.1 GET https://localhost:5001/api/v1/Ticket/GetByCode/12 - - - 200 - application/json;+charset=utf-8 187.0434ms
