2022-10-23 15:20:07.345 -05:00 [INF] User profile is available. Using 'C:\Users\WINDOWS\AppData\Local\ASP.NET\DataProtection-Keys' as key repository and Windows DPAPI to encrypt keys at rest.
2022-10-23 15:20:07.524 -05:00 [INF] Now listening on: https://localhost:7055
2022-10-23 15:20:07.529 -05:00 [INF] Now listening on: http://localhost:5286
2022-10-23 15:20:07.535 -05:00 [INF] Application started. Press Ctrl+C to shut down.
2022-10-23 15:20:07.536 -05:00 [INF] Hosting environment: Development
2022-10-23 15:20:07.537 -05:00 [INF] Content root path: C:\Users\WINDOWS\RiderProjects\TicketsAPI\Api\
2022-10-23 15:20:23.378 -05:00 [INF] Request starting HTTP/2 POST https://localhost:7055/api/v1/User/Authenticate application/json 48
2022-10-23 15:20:24.344 -05:00 [INF] Entity Framework Core 6.0.10 initialized 'TicketsContext' using provider 'Oracle.EntityFrameworkCore:6.0.21.1-20220418' with options: MigrationsHistoryTable=_MigrationHistory OracleSQLCompatibility=11 
2022-10-23 15:20:25.428 -05:00 [INF] Executed DbCommand (137ms) [Parameters=[:userId_0='?' (Size = 16) (DbType = Binary)], CommandType='"Text"', CommandTimeout='0']
SELECT "t"."Id", "t"."CreatedBy", "t"."CreatedOn", "t"."LastModifiedBy", "t"."LastModifiedOn", "t"."Name", "t"."Password", "t"."Username", "u0"."RoleId", "u0"."UserId", "u0"."CreatedBy", "u0"."CreatedOn", "u0"."Id", "u0"."LastModifiedBy", "u0"."LastModifiedOn"
FROM (
    SELECT "u"."Id", "u"."CreatedBy", "u"."CreatedOn", "u"."LastModifiedBy", "u"."LastModifiedOn", "u"."Name", "u"."Password", "u"."Username"
    FROM "User" "u"
    WHERE ("u"."Id" = :userId_0)
    and rownum <= 1
) "t"
LEFT JOIN "UserRole" "u0" ON ("t"."Id" = "u0"."UserId")

ORDER BY "t"."Id", "u0"."RoleId"
2022-10-23 15:20:25.642 -05:00 [INF] Executed DbCommand (17ms) [Parameters=[:user_Id_0='?' (Size = 16) (DbType = Binary)], CommandType='"Text"', CommandTimeout='0']
SELECT "r"."Id", "r"."CreatedBy", "r"."CreatedOn", "r"."LastModifiedBy", "r"."LastModifiedOn", "r"."RoleName"
FROM "UserRole" "u"
INNER JOIN "Role" "r" ON ("u"."RoleId" = "r"."Id")
WHERE ("u"."UserId" = :user_Id_0)
2022-10-23 15:20:25.673 -05:00 [INF] CORS policy execution successful.
2022-10-23 15:20:25.700 -05:00 [INF] Request:
Protocol: HTTP/2
Method: POST
Scheme: https
PathBase: 
Path: /api/v1/User/Authenticate
Accept: text/plain
Host: localhost:7055
User-Agent: Mozilla/5.0 (Windows NT 10.0; Win64; x64) AppleWebKit/537.36 (KHTML, like Gecko) Chrome/106.0.0.0 Safari/537.36 Edg/106.0.1370.52
:method: [Redacted]
Accept-Encoding: gzip, deflate, br
Accept-Language: es,es-ES;q=0.9,en;q=0.8,en-GB;q=0.7,en-US;q=0.6
Authorization: [Redacted]
Content-Type: application/json
Origin: [Redacted]
Referer: [Redacted]
Content-Length: 48
sec-ch-ua: [Redacted]
sec-ch-ua-mobile: [Redacted]
sec-ch-ua-platform: [Redacted]
sec-fetch-site: [Redacted]
sec-fetch-mode: [Redacted]
sec-fetch-dest: [Redacted]
2022-10-23 15:20:25.726 -05:00 [INF] Executing endpoint 'TicketsWebServices.Controllers.Security.UserController.Authenticate (Api)'
2022-10-23 15:20:25.750 -05:00 [INF] Route matched with {action = "Authenticate", controller = "User"}. Executing controller action with signature System.Threading.Tasks.Task`1[Application.Base.Response`1[Application.Security.Http.Dto.AuthenticateDto]] Authenticate(Application.Security.Http.Request.AuthenticateRequest) on controller TicketsWebServices.Controllers.Security.UserController (Api).
2022-10-23 15:20:25.899 -05:00 [INF] Executed DbCommand (11ms) [Parameters=[:ToLower_0='?' (Size = 15), :GetSha256_1='?' (Size = 2000)], CommandType='"Text"', CommandTimeout='0']
SELECT "u"."Id", "u"."CreatedBy", "u"."CreatedOn", "u"."LastModifiedBy", "u"."LastModifiedOn", "u"."Name", "u"."Password", "u"."Username"
FROM "User" "u"
WHERE ((((LOWER("u"."Username") = :ToLower_0)) AND (("u"."Password" = :GetSha256_1))))
and rownum <= 2
2022-10-23 15:20:25.965 -05:00 [INF] Executed DbCommand (14ms) [Parameters=[:id_0='?' (Size = 16) (DbType = Binary)], CommandType='"Text"', CommandTimeout='0']
SELECT "t"."Id", "t"."CreatedBy", "t"."CreatedOn", "t"."LastModifiedBy", "t"."LastModifiedOn", "t"."Name", "t"."Password", "t"."Username", "t0"."RoleId", "t0"."UserId", "t0"."CreatedBy", "t0"."CreatedOn", "t0"."Id", "t0"."LastModifiedBy", "t0"."LastModifiedOn", "t0"."Id0", "t0"."CreatedBy0", "t0"."CreatedOn0", "t0"."LastModifiedBy0", "t0"."LastModifiedOn0", "t0"."RoleName"
FROM (
    SELECT "u"."Id", "u"."CreatedBy", "u"."CreatedOn", "u"."LastModifiedBy", "u"."LastModifiedOn", "u"."Name", "u"."Password", "u"."Username"
    FROM "User" "u"
    WHERE ("u"."Id" = :id_0)
    and rownum <= 1
) "t"
LEFT JOIN (
    SELECT "u0"."RoleId", "u0"."UserId", "u0"."CreatedBy", "u0"."CreatedOn", "u0"."Id", "u0"."LastModifiedBy", "u0"."LastModifiedOn", "r"."Id" "Id0", "r"."CreatedBy" "CreatedBy0", "r"."CreatedOn" "CreatedOn0", "r"."LastModifiedBy" "LastModifiedBy0", "r"."LastModifiedOn" "LastModifiedOn0", "r"."RoleName"
    FROM "UserRole" "u0"
    INNER JOIN "Role" "r" ON ("u0"."RoleId" = "r"."Id")
) "t0" ON ("t"."Id" = "t0"."UserId")

ORDER BY "t"."Id", "t0"."RoleId", "t0"."UserId"
2022-10-23 15:20:26.022 -05:00 [INF] Executed DbCommand (5ms) [Parameters=[:user_Id_0='?' (Size = 16) (DbType = Binary)], CommandType='"Text"', CommandTimeout='0']
SELECT "u"."RoleId", "u"."UserId", "u"."CreatedBy", "u"."CreatedOn", "u"."Id", "u"."LastModifiedBy", "u"."LastModifiedOn", "r"."Id", "r"."CreatedBy", "r"."CreatedOn", "r"."LastModifiedBy", "r"."LastModifiedOn", "r"."RoleName"
FROM "UserRole" "u"
INNER JOIN "Role" "r" ON ("u"."RoleId" = "r"."Id")
WHERE ("u"."UserId" = :user_Id_0)
2022-10-23 15:20:26.102 -05:00 [INF] Executed DbCommand (14ms) [Parameters=[:userDtoRole_Id_0='?' (Size = 16) (DbType = Binary)], CommandType='"Text"', CommandTimeout='0']
SELECT "m"."RoleId", "m"."MenuItemId", "m"."CreatedBy", "m"."CreatedOn", "m"."Id", "m"."LastModifiedBy", "m"."LastModifiedOn"
FROM "MenuItemRole" "m"
WHERE ("m"."RoleId" = :userDtoRole_Id_0)
2022-10-23 15:20:26.132 -05:00 [INF] Executed DbCommand (6ms) [Parameters=[:r_MenuItemId_0='?' (Size = 16) (DbType = Binary)], CommandType='"Text"', CommandTimeout='0']
SELECT "m"."Id", "m"."CreatedBy", "m"."CreatedOn", "m"."Icon", "m"."Label", "m"."LastModifiedBy", "m"."LastModifiedOn", "m"."Order", "m"."RouterLink"
FROM "MenuItem" "m"
WHERE ("m"."Id" = :r_MenuItemId_0)

ORDER BY "m"."Order"
2022-10-23 15:20:26.159 -05:00 [INF] Executed DbCommand (1ms) [Parameters=[:r_MenuItemId_0='?' (Size = 16) (DbType = Binary)], CommandType='"Text"', CommandTimeout='0']
SELECT "m"."Id", "m"."CreatedBy", "m"."CreatedOn", "m"."Icon", "m"."Label", "m"."LastModifiedBy", "m"."LastModifiedOn", "m"."Order", "m"."RouterLink"
FROM "MenuItem" "m"
WHERE ("m"."Id" = :r_MenuItemId_0)

ORDER BY "m"."Order"
2022-10-23 15:20:26.196 -05:00 [INF] Executing ObjectResult, writing value of type 'Application.Base.Response`1[[Application.Security.Http.Dto.AuthenticateDto, Application, Version=1.0.0.0, Culture=neutral, PublicKeyToken=null]]'.
2022-10-23 15:20:26.237 -05:00 [INF] Executed action TicketsWebServices.Controllers.Security.UserController.Authenticate (Api) in 476.9742ms
2022-10-23 15:20:26.238 -05:00 [INF] Executed endpoint 'TicketsWebServices.Controllers.Security.UserController.Authenticate (Api)'
2022-10-23 15:20:26.240 -05:00 [INF] Response:
StatusCode: 200
Content-Type: application/json; charset=utf-8
Date: Sun, 23 Oct 2022 20:20:25 GMT
Server: Kestrel
Access-Control-Allow-Origin: [Redacted]
2022-10-23 15:20:26.246 -05:00 [INF] Request finished HTTP/2 POST https://localhost:7055/api/v1/User/Authenticate application/json 48 - 200 - application/json;+charset=utf-8 2873.3352ms
2022-10-23 15:20:36.185 -05:00 [INF] Request starting HTTP/2 GET https://localhost:7055/api/v1/Ticket/All - -
2022-10-23 15:20:36.237 -05:00 [INF] Entity Framework Core 6.0.10 initialized 'TicketsContext' using provider 'Oracle.EntityFrameworkCore:6.0.21.1-20220418' with options: MigrationsHistoryTable=_MigrationHistory OracleSQLCompatibility=11 
2022-10-23 15:20:36.280 -05:00 [INF] Executed DbCommand (1ms) [Parameters=[:userId_0='?' (Size = 16) (DbType = Binary)], CommandType='"Text"', CommandTimeout='0']
SELECT "t"."Id", "t"."CreatedBy", "t"."CreatedOn", "t"."LastModifiedBy", "t"."LastModifiedOn", "t"."Name", "t"."Password", "t"."Username", "u0"."RoleId", "u0"."UserId", "u0"."CreatedBy", "u0"."CreatedOn", "u0"."Id", "u0"."LastModifiedBy", "u0"."LastModifiedOn"
FROM (
    SELECT "u"."Id", "u"."CreatedBy", "u"."CreatedOn", "u"."LastModifiedBy", "u"."LastModifiedOn", "u"."Name", "u"."Password", "u"."Username"
    FROM "User" "u"
    WHERE ("u"."Id" = :userId_0)
    and rownum <= 1
) "t"
LEFT JOIN "UserRole" "u0" ON ("t"."Id" = "u0"."UserId")

ORDER BY "t"."Id", "u0"."RoleId"
2022-10-23 15:20:36.320 -05:00 [INF] Executed DbCommand (1ms) [Parameters=[:user_Id_0='?' (Size = 16) (DbType = Binary)], CommandType='"Text"', CommandTimeout='0']
SELECT "r"."Id", "r"."CreatedBy", "r"."CreatedOn", "r"."LastModifiedBy", "r"."LastModifiedOn", "r"."RoleName"
FROM "UserRole" "u"
INNER JOIN "Role" "r" ON ("u"."RoleId" = "r"."Id")
WHERE ("u"."UserId" = :user_Id_0)
2022-10-23 15:20:36.325 -05:00 [INF] Request:
Protocol: HTTP/2
Method: GET
Scheme: https
PathBase: 
Path: /api/v1/Ticket/All
Accept: text/plain
Host: localhost:7055
User-Agent: Mozilla/5.0 (Windows NT 10.0; Win64; x64) AppleWebKit/537.36 (KHTML, like Gecko) Chrome/106.0.0.0 Safari/537.36 Edg/106.0.1370.52
:method: [Redacted]
Accept-Encoding: gzip, deflate, br
Accept-Language: es,es-ES;q=0.9,en;q=0.8,en-GB;q=0.7,en-US;q=0.6
Authorization: [Redacted]
Referer: [Redacted]
sec-ch-ua: [Redacted]
sec-ch-ua-mobile: [Redacted]
sec-ch-ua-platform: [Redacted]
sec-fetch-site: [Redacted]
sec-fetch-mode: [Redacted]
sec-fetch-dest: [Redacted]
2022-10-23 15:20:36.327 -05:00 [INF] Executing endpoint 'TicketsWebServices.Controllers.Tickets.TicketController.GetAll (Api)'
2022-10-23 15:20:36.332 -05:00 [INF] Route matched with {action = "GetAll", controller = "Ticket"}. Executing controller action with signature System.Threading.Tasks.Task`1[Application.Base.Response`1[System.Collections.Generic.IEnumerable`1[Application.Tickets.Http.Dto.TicketDto]]] GetAll() on controller TicketsWebServices.Controllers.Tickets.TicketController (Api).
2022-10-23 15:20:36.428 -05:00 [INF] Executed DbCommand (8ms) [Parameters=[], CommandType='"Text"', CommandTimeout='0']
SELECT "t"."Id", "t"."AllegedSolveDate", "t"."Code", "t"."CreatedBy", "t"."CreatedOn", "t"."Description", "t"."GeneratedById", "t"."GeneratedOn", "t"."LastModifiedBy", "t"."LastModifiedOn", "t"."SolvedOn", "t"."Status", "t"."Title"
FROM "Ticket" "t"
2022-10-23 15:20:36.433 -05:00 [INF] Executing ObjectResult, writing value of type 'Application.Base.Response`1[[System.Collections.Generic.IEnumerable`1[[Application.Tickets.Http.Dto.TicketDto, Application, Version=1.0.0.0, Culture=neutral, PublicKeyToken=null]], System.Private.CoreLib, Version=6.0.0.0, Culture=neutral, PublicKeyToken=7cec85d7bea7798e]]'.
2022-10-23 15:20:36.439 -05:00 [INF] Executed action TicketsWebServices.Controllers.Tickets.TicketController.GetAll (Api) in 104.6995ms
2022-10-23 15:20:36.441 -05:00 [INF] Executed endpoint 'TicketsWebServices.Controllers.Tickets.TicketController.GetAll (Api)'
2022-10-23 15:20:36.442 -05:00 [INF] Response:
StatusCode: 200
Content-Type: application/json; charset=utf-8
Date: Sun, 23 Oct 2022 20:20:35 GMT
Server: Kestrel
2022-10-23 15:20:36.443 -05:00 [INF] Request finished HTTP/2 GET https://localhost:7055/api/v1/Ticket/All - - - 200 - application/json;+charset=utf-8 257.9851ms
2022-10-23 15:20:39.617 -05:00 [INF] Request starting HTTP/2 POST https://localhost:7055/api/v1/Ticket/Create application/json 158
2022-10-23 15:20:39.632 -05:00 [INF] Entity Framework Core 6.0.10 initialized 'TicketsContext' using provider 'Oracle.EntityFrameworkCore:6.0.21.1-20220418' with options: MigrationsHistoryTable=_MigrationHistory OracleSQLCompatibility=11 
2022-10-23 15:20:39.674 -05:00 [INF] Executed DbCommand (1ms) [Parameters=[:userId_0='?' (Size = 16) (DbType = Binary)], CommandType='"Text"', CommandTimeout='0']
SELECT "t"."Id", "t"."CreatedBy", "t"."CreatedOn", "t"."LastModifiedBy", "t"."LastModifiedOn", "t"."Name", "t"."Password", "t"."Username", "u0"."RoleId", "u0"."UserId", "u0"."CreatedBy", "u0"."CreatedOn", "u0"."Id", "u0"."LastModifiedBy", "u0"."LastModifiedOn"
FROM (
    SELECT "u"."Id", "u"."CreatedBy", "u"."CreatedOn", "u"."LastModifiedBy", "u"."LastModifiedOn", "u"."Name", "u"."Password", "u"."Username"
    FROM "User" "u"
    WHERE ("u"."Id" = :userId_0)
    and rownum <= 1
) "t"
LEFT JOIN "UserRole" "u0" ON ("t"."Id" = "u0"."UserId")

ORDER BY "t"."Id", "u0"."RoleId"
2022-10-23 15:20:39.714 -05:00 [INF] Executed DbCommand (1ms) [Parameters=[:user_Id_0='?' (Size = 16) (DbType = Binary)], CommandType='"Text"', CommandTimeout='0']
SELECT "r"."Id", "r"."CreatedBy", "r"."CreatedOn", "r"."LastModifiedBy", "r"."LastModifiedOn", "r"."RoleName"
FROM "UserRole" "u"
INNER JOIN "Role" "r" ON ("u"."RoleId" = "r"."Id")
WHERE ("u"."UserId" = :user_Id_0)
2022-10-23 15:20:39.718 -05:00 [INF] CORS policy execution successful.
2022-10-23 15:20:39.720 -05:00 [INF] Request:
Protocol: HTTP/2
Method: POST
Scheme: https
PathBase: 
Path: /api/v1/Ticket/Create
Accept: text/plain
Host: localhost:7055
User-Agent: Mozilla/5.0 (Windows NT 10.0; Win64; x64) AppleWebKit/537.36 (KHTML, like Gecko) Chrome/106.0.0.0 Safari/537.36 Edg/106.0.1370.52
:method: [Redacted]
Accept-Encoding: gzip, deflate, br
Accept-Language: es,es-ES;q=0.9,en;q=0.8,en-GB;q=0.7,en-US;q=0.6
Authorization: [Redacted]
Content-Type: application/json
Origin: [Redacted]
Referer: [Redacted]
Content-Length: 158
sec-ch-ua: [Redacted]
sec-ch-ua-mobile: [Redacted]
sec-ch-ua-platform: [Redacted]
sec-fetch-site: [Redacted]
sec-fetch-mode: [Redacted]
sec-fetch-dest: [Redacted]
2022-10-23 15:20:39.725 -05:00 [INF] Executing endpoint 'TicketsWebServices.Controllers.Tickets.TicketController.Create (Api)'
2022-10-23 15:20:39.730 -05:00 [INF] Route matched with {action = "Create", controller = "Ticket"}. Executing controller action with signature System.Threading.Tasks.Task`1[Application.Base.Response`1[Application.Tickets.Http.Dto.TicketDto]] Create(Application.Tickets.Http.Request.TicketRequest) on controller TicketsWebServices.Controllers.Tickets.TicketController (Api).
2022-10-23 15:20:39.992 -05:00 [ERR] 2022-10-23 15:20:39.987592 ThreadID:16  (ERROR)   OracleRelationalCommand.ExecuteReaderAsync() :  Oracle.ManagedDataAccess.Client.OracleException (0x80004005): ORA-01400: cannot insert NULL into ("KEVINADMIN"."User"."Name")
ORA-06512: at line 3
   at OracleInternal.ServiceObjects.OracleConnectionImpl.VerifyExecution(Int32& cursorId, Boolean bThrowArrayBindRelatedErrors, SqlStatementType sqlStatementType, Int32 arrayBindCount, OracleException& exceptionForArrayBindDML, Boolean& hasMoreRowsInDB, Boolean bFirstIterationDone)
   at OracleInternal.ServiceObjects.OracleCommandImpl.ExecuteReader(String commandText, OracleParameterCollection paramColl, CommandType commandType, OracleConnectionImpl connectionImpl, OracleDataReaderImpl& rdrImpl, Int32 longFetchSize, Int64 clientInitialLOBFS, OracleDependencyImpl orclDependencyImpl, Int64[] scnForExecution, Int64[]& scnFromExecution, OracleParameterCollection& bindByPositionParamColl, Boolean& bBindParamPresent, Int64& internalInitialLOBFS, Int64 internalInitialJSONFS, OracleException& exceptionForArrayBindDML, OracleConnection connection, IEnumerable`1 adrianParsedStmt, Boolean isDescribeOnly, Boolean isFromEF)
   at Oracle.ManagedDataAccess.Client.OracleCommand.ExecuteReader(Boolean requery, Boolean fillRequest, CommandBehavior behavior)
   at Oracle.ManagedDataAccess.Client.OracleCommand.ExecuteDbDataReader(CommandBehavior behavior)
   at System.Data.Common.DbCommand.ExecuteDbDataReaderAsync(CommandBehavior behavior, CancellationToken cancellationToken)
--- End of stack trace from previous location ---
   at Oracle.EntityFrameworkCore.Storage.Internal.OracleRelationalCommandBuilderFactory.OracleRelationalCommandBuilder.OracleRelationalCommand.ExecuteReaderAsync(RelationalCommandParameterObject parameterObject, CancellationToken cancellationToken)
2022-10-23 15:20:39.999 -05:00 [ERR] Failed executing DbCommand (52ms) [Parameters=[:p0='?' (Size = 16) (DbType = Binary), :p1='?' (Size = 2000), :p2='?' (DbType = DateTime), :p3='?' (Size = 2000), :p4='?' (DbType = DateTime), :p5='?' (Size = 30), :p6='?' (Size = 2000), :p7='?' (Size = 15)], CommandType='"Text"', CommandTimeout='0']
BEGIN

INSERT INTO "User" ("Id", "CreatedBy", "CreatedOn", "LastModifiedBy", "LastModifiedOn", "Name", "Password", "Username")
VALUES (:p0, :p1, :p2, :p3, :p4, :p5, :p6, :p7);
END;
2022-10-23 15:20:40.019 -05:00 [ERR] 2022-10-23 15:20:40.018743 ThreadID:16  (ERROR)   OracleExecutionStrategy.ExecuteAsync() :  Microsoft.EntityFrameworkCore.DbUpdateException: An error occurred while saving the entity changes. See the inner exception for details.
 ---> Oracle.ManagedDataAccess.Client.OracleException (0x80004005): ORA-01400: cannot insert NULL into ("KEVINADMIN"."User"."Name")
ORA-06512: at line 3
   at OracleInternal.ServiceObjects.OracleConnectionImpl.VerifyExecution(Int32& cursorId, Boolean bThrowArrayBindRelatedErrors, SqlStatementType sqlStatementType, Int32 arrayBindCount, OracleException& exceptionForArrayBindDML, Boolean& hasMoreRowsInDB, Boolean bFirstIterationDone)
   at OracleInternal.ServiceObjects.OracleCommandImpl.ExecuteReader(String commandText, OracleParameterCollection paramColl, CommandType commandType, OracleConnectionImpl connectionImpl, OracleDataReaderImpl& rdrImpl, Int32 longFetchSize, Int64 clientInitialLOBFS, OracleDependencyImpl orclDependencyImpl, Int64[] scnForExecution, Int64[]& scnFromExecution, OracleParameterCollection& bindByPositionParamColl, Boolean& bBindParamPresent, Int64& internalInitialLOBFS, Int64 internalInitialJSONFS, OracleException& exceptionForArrayBindDML, OracleConnection connection, IEnumerable`1 adrianParsedStmt, Boolean isDescribeOnly, Boolean isFromEF)
   at Oracle.ManagedDataAccess.Client.OracleCommand.ExecuteReader(Boolean requery, Boolean fillRequest, CommandBehavior behavior)
   at Oracle.ManagedDataAccess.Client.OracleCommand.ExecuteDbDataReader(CommandBehavior behavior)
   at System.Data.Common.DbCommand.ExecuteDbDataReaderAsync(CommandBehavior behavior, CancellationToken cancellationToken)
--- End of stack trace from previous location ---
   at Oracle.EntityFrameworkCore.Storage.Internal.OracleRelationalCommandBuilderFactory.OracleRelationalCommandBuilder.OracleRelationalCommand.ExecuteReaderAsync(RelationalCommandParameterObject parameterObject, CancellationToken cancellationToken)
   at Oracle.EntityFrameworkCore.Storage.Internal.OracleRelationalCommandBuilderFactory.OracleRelationalCommandBuilder.OracleRelationalCommand.ExecuteReaderAsync(RelationalCommandParameterObject parameterObject, CancellationToken cancellationToken)
   at Oracle.EntityFrameworkCore.Storage.Internal.OracleRelationalCommandBuilderFactory.OracleRelationalCommandBuilder.OracleRelationalCommand.ExecuteReaderAsync(RelationalCommandParameterObject parameterObject, CancellationToken cancellationToken)
   at Microsoft.EntityFrameworkCore.Update.ReaderModificationCommandBatch.ExecuteAsync(IRelationalConnection connection, CancellationToken cancellationToken)
   --- End of inner exception stack trace ---
   at Microsoft.EntityFrameworkCore.Update.ReaderModificationCommandBatch.ExecuteAsync(IRelationalConnection connection, CancellationToken cancellationToken)
   at Microsoft.EntityFrameworkCore.Update.Internal.BatchExecutor.ExecuteAsync(IEnumerable`1 commandBatches, IRelationalConnection connection, CancellationToken cancellationToken)
   at Microsoft.EntityFrameworkCore.Update.Internal.BatchExecutor.ExecuteAsync(IEnumerable`1 commandBatches, IRelationalConnection connection, CancellationToken cancellationToken)
   at Microsoft.EntityFrameworkCore.Update.Internal.BatchExecutor.ExecuteAsync(IEnumerable`1 commandBatches, IRelationalConnection connection, CancellationToken cancellationToken)
   at Microsoft.EntityFrameworkCore.ChangeTracking.Internal.StateManager.SaveChangesAsync(IList`1 entriesToSave, CancellationToken cancellationToken)
   at Microsoft.EntityFrameworkCore.ChangeTracking.Internal.StateManager.SaveChangesAsync(StateManager stateManager, Boolean acceptAllChangesOnSuccess, CancellationToken cancellationToken)
   at Oracle.EntityFrameworkCore.Storage.Internal.OracleExecutionStrategy.ExecuteAsync[TState,TResult](TState state, Func`4 operation, Func`4 verifySucceeded, CancellationToken cancellationToken)
2022-10-23 15:20:40.047 -05:00 [ERR] An exception occurred in the database while saving changes for context type 'Infrastructure.Persistence.Context.TicketsContext'.
Microsoft.EntityFrameworkCore.DbUpdateException: An error occurred while saving the entity changes. See the inner exception for details.
 ---> Oracle.ManagedDataAccess.Client.OracleException (0x80004005): ORA-01400: cannot insert NULL into ("KEVINADMIN"."User"."Name")
ORA-06512: at line 3
   at OracleInternal.ServiceObjects.OracleConnectionImpl.VerifyExecution(Int32& cursorId, Boolean bThrowArrayBindRelatedErrors, SqlStatementType sqlStatementType, Int32 arrayBindCount, OracleException& exceptionForArrayBindDML, Boolean& hasMoreRowsInDB, Boolean bFirstIterationDone)
   at OracleInternal.ServiceObjects.OracleCommandImpl.ExecuteReader(String commandText, OracleParameterCollection paramColl, CommandType commandType, OracleConnectionImpl connectionImpl, OracleDataReaderImpl& rdrImpl, Int32 longFetchSize, Int64 clientInitialLOBFS, OracleDependencyImpl orclDependencyImpl, Int64[] scnForExecution, Int64[]& scnFromExecution, OracleParameterCollection& bindByPositionParamColl, Boolean& bBindParamPresent, Int64& internalInitialLOBFS, Int64 internalInitialJSONFS, OracleException& exceptionForArrayBindDML, OracleConnection connection, IEnumerable`1 adrianParsedStmt, Boolean isDescribeOnly, Boolean isFromEF)
   at Oracle.ManagedDataAccess.Client.OracleCommand.ExecuteReader(Boolean requery, Boolean fillRequest, CommandBehavior behavior)
   at Oracle.ManagedDataAccess.Client.OracleCommand.ExecuteDbDataReader(CommandBehavior behavior)
   at System.Data.Common.DbCommand.ExecuteDbDataReaderAsync(CommandBehavior behavior, CancellationToken cancellationToken)
--- End of stack trace from previous location ---
   at Oracle.EntityFrameworkCore.Storage.Internal.OracleRelationalCommandBuilderFactory.OracleRelationalCommandBuilder.OracleRelationalCommand.ExecuteReaderAsync(RelationalCommandParameterObject parameterObject, CancellationToken cancellationToken)
   at Oracle.EntityFrameworkCore.Storage.Internal.OracleRelationalCommandBuilderFactory.OracleRelationalCommandBuilder.OracleRelationalCommand.ExecuteReaderAsync(RelationalCommandParameterObject parameterObject, CancellationToken cancellationToken)
   at Oracle.EntityFrameworkCore.Storage.Internal.OracleRelationalCommandBuilderFactory.OracleRelationalCommandBuilder.OracleRelationalCommand.ExecuteReaderAsync(RelationalCommandParameterObject parameterObject, CancellationToken cancellationToken)
   at Microsoft.EntityFrameworkCore.Update.ReaderModificationCommandBatch.ExecuteAsync(IRelationalConnection connection, CancellationToken cancellationToken)
   --- End of inner exception stack trace ---
   at Microsoft.EntityFrameworkCore.Update.ReaderModificationCommandBatch.ExecuteAsync(IRelationalConnection connection, CancellationToken cancellationToken)
   at Microsoft.EntityFrameworkCore.Update.Internal.BatchExecutor.ExecuteAsync(IEnumerable`1 commandBatches, IRelationalConnection connection, CancellationToken cancellationToken)
   at Microsoft.EntityFrameworkCore.Update.Internal.BatchExecutor.ExecuteAsync(IEnumerable`1 commandBatches, IRelationalConnection connection, CancellationToken cancellationToken)
   at Microsoft.EntityFrameworkCore.Update.Internal.BatchExecutor.ExecuteAsync(IEnumerable`1 commandBatches, IRelationalConnection connection, CancellationToken cancellationToken)
   at Microsoft.EntityFrameworkCore.ChangeTracking.Internal.StateManager.SaveChangesAsync(IList`1 entriesToSave, CancellationToken cancellationToken)
   at Microsoft.EntityFrameworkCore.ChangeTracking.Internal.StateManager.SaveChangesAsync(StateManager stateManager, Boolean acceptAllChangesOnSuccess, CancellationToken cancellationToken)
   at Oracle.EntityFrameworkCore.Storage.Internal.OracleExecutionStrategy.ExecuteAsync[TState,TResult](TState state, Func`4 operation, Func`4 verifySucceeded, CancellationToken cancellationToken)
   at Microsoft.EntityFrameworkCore.DbContext.SaveChangesAsync(Boolean acceptAllChangesOnSuccess, CancellationToken cancellationToken)
Microsoft.EntityFrameworkCore.DbUpdateException: An error occurred while saving the entity changes. See the inner exception for details.
 ---> Oracle.ManagedDataAccess.Client.OracleException (0x80004005): ORA-01400: cannot insert NULL into ("KEVINADMIN"."User"."Name")
ORA-06512: at line 3
   at OracleInternal.ServiceObjects.OracleConnectionImpl.VerifyExecution(Int32& cursorId, Boolean bThrowArrayBindRelatedErrors, SqlStatementType sqlStatementType, Int32 arrayBindCount, OracleException& exceptionForArrayBindDML, Boolean& hasMoreRowsInDB, Boolean bFirstIterationDone)
   at OracleInternal.ServiceObjects.OracleCommandImpl.ExecuteReader(String commandText, OracleParameterCollection paramColl, CommandType commandType, OracleConnectionImpl connectionImpl, OracleDataReaderImpl& rdrImpl, Int32 longFetchSize, Int64 clientInitialLOBFS, OracleDependencyImpl orclDependencyImpl, Int64[] scnForExecution, Int64[]& scnFromExecution, OracleParameterCollection& bindByPositionParamColl, Boolean& bBindParamPresent, Int64& internalInitialLOBFS, Int64 internalInitialJSONFS, OracleException& exceptionForArrayBindDML, OracleConnection connection, IEnumerable`1 adrianParsedStmt, Boolean isDescribeOnly, Boolean isFromEF)
   at Oracle.ManagedDataAccess.Client.OracleCommand.ExecuteReader(Boolean requery, Boolean fillRequest, CommandBehavior behavior)
   at Oracle.ManagedDataAccess.Client.OracleCommand.ExecuteDbDataReader(CommandBehavior behavior)
   at System.Data.Common.DbCommand.ExecuteDbDataReaderAsync(CommandBehavior behavior, CancellationToken cancellationToken)
--- End of stack trace from previous location ---
   at Oracle.EntityFrameworkCore.Storage.Internal.OracleRelationalCommandBuilderFactory.OracleRelationalCommandBuilder.OracleRelationalCommand.ExecuteReaderAsync(RelationalCommandParameterObject parameterObject, CancellationToken cancellationToken)
   at Oracle.EntityFrameworkCore.Storage.Internal.OracleRelationalCommandBuilderFactory.OracleRelationalCommandBuilder.OracleRelationalCommand.ExecuteReaderAsync(RelationalCommandParameterObject parameterObject, CancellationToken cancellationToken)
   at Oracle.EntityFrameworkCore.Storage.Internal.OracleRelationalCommandBuilderFactory.OracleRelationalCommandBuilder.OracleRelationalCommand.ExecuteReaderAsync(RelationalCommandParameterObject parameterObject, CancellationToken cancellationToken)
   at Microsoft.EntityFrameworkCore.Update.ReaderModificationCommandBatch.ExecuteAsync(IRelationalConnection connection, CancellationToken cancellationToken)
   --- End of inner exception stack trace ---
   at Microsoft.EntityFrameworkCore.Update.ReaderModificationCommandBatch.ExecuteAsync(IRelationalConnection connection, CancellationToken cancellationToken)
   at Microsoft.EntityFrameworkCore.Update.Internal.BatchExecutor.ExecuteAsync(IEnumerable`1 commandBatches, IRelationalConnection connection, CancellationToken cancellationToken)
   at Microsoft.EntityFrameworkCore.Update.Internal.BatchExecutor.ExecuteAsync(IEnumerable`1 commandBatches, IRelationalConnection connection, CancellationToken cancellationToken)
   at Microsoft.EntityFrameworkCore.Update.Internal.BatchExecutor.ExecuteAsync(IEnumerable`1 commandBatches, IRelationalConnection connection, CancellationToken cancellationToken)
   at Microsoft.EntityFrameworkCore.ChangeTracking.Internal.StateManager.SaveChangesAsync(IList`1 entriesToSave, CancellationToken cancellationToken)
   at Microsoft.EntityFrameworkCore.ChangeTracking.Internal.StateManager.SaveChangesAsync(StateManager stateManager, Boolean acceptAllChangesOnSuccess, CancellationToken cancellationToken)
   at Oracle.EntityFrameworkCore.Storage.Internal.OracleExecutionStrategy.ExecuteAsync[TState,TResult](TState state, Func`4 operation, Func`4 verifySucceeded, CancellationToken cancellationToken)
   at Microsoft.EntityFrameworkCore.DbContext.SaveChangesAsync(Boolean acceptAllChangesOnSuccess, CancellationToken cancellationToken)
2022-10-23 15:20:40.065 -05:00 [ERR] Ocurrió un error An error occurred while saving the entity changes. See the inner exception for details.
2022-10-23 15:20:40.071 -05:00 [INF] Executing ObjectResult, writing value of type 'Application.Base.Response`1[[Application.Tickets.Http.Dto.TicketDto, Application, Version=1.0.0.0, Culture=neutral, PublicKeyToken=null]]'.
2022-10-23 15:20:40.078 -05:00 [INF] Executed action TicketsWebServices.Controllers.Tickets.TicketController.Create (Api) in 346.0323ms
2022-10-23 15:20:40.080 -05:00 [INF] Executed endpoint 'TicketsWebServices.Controllers.Tickets.TicketController.Create (Api)'
2022-10-23 15:20:40.081 -05:00 [INF] Response:
StatusCode: 200
Content-Type: application/json; charset=utf-8
Date: Sun, 23 Oct 2022 20:20:39 GMT
Server: Kestrel
Access-Control-Allow-Origin: [Redacted]
2022-10-23 15:20:40.082 -05:00 [INF] Request finished HTTP/2 POST https://localhost:7055/api/v1/Ticket/Create application/json 158 - 200 - application/json;+charset=utf-8 465.0380ms
2022-10-23 15:25:09.158 -05:00 [INF] Application is shutting down...
