2022-10-23 20:50:44.619 -05:00 [INF] User profile is available. Using 'C:\Users\WINDOWS\AppData\Local\ASP.NET\DataProtection-Keys' as key repository and Windows DPAPI to encrypt keys at rest.
2022-10-23 20:50:44.842 -05:00 [INF] Now listening on: https://localhost:7055
2022-10-23 20:50:44.843 -05:00 [INF] Now listening on: http://localhost:5286
2022-10-23 20:50:44.849 -05:00 [INF] Application started. Press Ctrl+C to shut down.
2022-10-23 20:50:44.850 -05:00 [INF] Hosting environment: Development
2022-10-23 20:50:44.852 -05:00 [INF] Content root path: C:\Users\WINDOWS\RiderProjects\TicketsAPI\Api\
2022-10-23 20:50:46.965 -05:00 [INF] Request starting HTTP/2 POST https://localhost:7055/api/v1/Ticket/GetByCode/12 - 0
2022-10-23 20:50:48.038 -05:00 [INF] Entity Framework Core 6.0.10 initialized 'TicketsContext' using provider 'Oracle.EntityFrameworkCore:6.0.21.1-20220418' with options: MigrationsHistoryTable=_MigrationHistory OracleSQLCompatibility=11 
2022-10-23 20:50:48.979 -05:00 [INF] Executed DbCommand (105ms) [Parameters=[:userId_0='?' (Size = 16) (DbType = Binary)], CommandType='"Text"', CommandTimeout='0']
SELECT "t"."Id", "t"."CreatedBy", "t"."CreatedOn", "t"."LastModifiedBy", "t"."LastModifiedOn", "t"."Name", "t"."Password", "t"."Username", "u0"."RoleId", "u0"."UserId", "u0"."CreatedBy", "u0"."CreatedOn", "u0"."Id", "u0"."LastModifiedBy", "u0"."LastModifiedOn"
FROM (
    SELECT "u"."Id", "u"."CreatedBy", "u"."CreatedOn", "u"."LastModifiedBy", "u"."LastModifiedOn", "u"."Name", "u"."Password", "u"."Username"
    FROM "User" "u"
    WHERE ("u"."Id" = :userId_0)
    and rownum <= 1
) "t"
LEFT JOIN "UserRole" "u0" ON ("t"."Id" = "u0"."UserId")

ORDER BY "t"."Id", "u0"."RoleId"
2022-10-23 20:50:49.170 -05:00 [INF] Executed DbCommand (2ms) [Parameters=[:user_Id_0='?' (Size = 16) (DbType = Binary)], CommandType='"Text"', CommandTimeout='0']
SELECT "r"."Id", "r"."CreatedBy", "r"."CreatedOn", "r"."LastModifiedBy", "r"."LastModifiedOn", "r"."RoleName"
FROM "UserRole" "u"
INNER JOIN "Role" "r" ON ("u"."RoleId" = "r"."Id")
WHERE ("u"."UserId" = :user_Id_0)
2022-10-23 20:50:49.213 -05:00 [INF] CORS policy execution successful.
2022-10-23 20:50:49.234 -05:00 [INF] Request:
Protocol: HTTP/2
Method: POST
Scheme: https
PathBase: 
Path: /api/v1/Ticket/GetByCode/12
Accept: text/plain
Host: localhost:7055
User-Agent: Mozilla/5.0 (Windows NT 10.0; Win64; x64) AppleWebKit/537.36 (KHTML, like Gecko) Chrome/106.0.0.0 Safari/537.36 Edg/106.0.1370.52
:method: [Redacted]
Accept-Encoding: gzip, deflate, br
Accept-Language: es,es-ES;q=0.9,en;q=0.8,en-GB;q=0.7,en-US;q=0.6
Authorization: [Redacted]
Origin: [Redacted]
Referer: [Redacted]
Content-Length: 0
sec-ch-ua: [Redacted]
sec-ch-ua-mobile: [Redacted]
sec-ch-ua-platform: [Redacted]
sec-fetch-site: [Redacted]
sec-fetch-mode: [Redacted]
sec-fetch-dest: [Redacted]
2022-10-23 20:50:49.258 -05:00 [INF] Executing endpoint 'TicketsWebServices.Controllers.Tickets.TicketController.GetById (Api)'
2022-10-23 20:50:49.284 -05:00 [INF] Route matched with {action = "GetById", controller = "Ticket"}. Executing controller action with signature System.Threading.Tasks.Task`1[Application.Base.Response`1[Application.Tickets.Http.Dto.TicketDto]] GetById(Int32) on controller TicketsWebServices.Controllers.Tickets.TicketController (Api).
2022-10-23 20:50:49.380 -05:00 [ERR] Ocurrió un error Error parsing column 0 (Id=System.Byte[] - Object)
2022-10-23 20:50:49.393 -05:00 [INF] Executing ObjectResult, writing value of type 'Application.Base.Response`1[[Application.Tickets.Http.Dto.TicketDto, Application, Version=1.0.0.0, Culture=neutral, PublicKeyToken=null]]'.
2022-10-23 20:50:49.429 -05:00 [INF] Executed action TicketsWebServices.Controllers.Tickets.TicketController.GetById (Api) in 134.1495ms
2022-10-23 20:50:49.431 -05:00 [INF] Executed endpoint 'TicketsWebServices.Controllers.Tickets.TicketController.GetById (Api)'
2022-10-23 20:50:49.433 -05:00 [INF] Response:
StatusCode: 200
Content-Type: application/json; charset=utf-8
Date: Mon, 24 Oct 2022 01:50:48 GMT
Server: Kestrel
Access-Control-Allow-Origin: [Redacted]
2022-10-23 20:50:49.441 -05:00 [INF] Request finished HTTP/2 POST https://localhost:7055/api/v1/Ticket/GetByCode/12 - 0 - 200 - application/json;+charset=utf-8 2480.1089ms
2022-10-23 20:51:22.548 -05:00 [INF] Application is shutting down...
